{"/home/runner/work/Internship/Internship/backend/src/app.ts": {"path":"/home/runner/work/Internship/Internship/backend/src/app.ts","statementMap":{"0":{"start":{"line":1,"column":0},"end":{"line":1,"column":30}},"1":{"start":{"line":2,"column":0},"end":{"line":2,"column":28}},"2":{"start":{"line":3,"column":0},"end":{"line":3,"column":24}},"3":{"start":{"line":4,"column":0},"end":{"line":4,"column":24}},"4":{"start":{"line":5,"column":0},"end":{"line":5,"column":28}},"5":{"start":{"line":6,"column":0},"end":{"line":6,"column":38}},"6":{"start":{"line":7,"column":0},"end":{"line":7,"column":41}},"7":{"start":{"line":8,"column":0},"end":{"line":8,"column":35}},"8":{"start":{"line":9,"column":0},"end":{"line":9,"column":41}},"9":{"start":{"line":10,"column":0},"end":{"line":10,"column":31}},"10":{"start":{"line":11,"column":0},"end":{"line":11,"column":32}},"11":{"start":{"line":12,"column":0},"end":{"line":12,"column":46}},"12":{"start":{"line":13,"column":0},"end":{"line":13,"column":61}},"13":{"start":{"line":14,"column":0},"end":{"line":14,"column":43}},"14":{"start":{"line":15,"column":0},"end":{"line":15,"column":41}},"15":{"start":{"line":16,"column":0},"end":{"line":16,"column":60}},"16":{"start":{"line":17,"column":0},"end":{"line":17,"column":46}},"17":{"start":{"line":18,"column":0},"end":{"line":18,"column":50}},"18":{"start":{"line":19,"column":0},"end":{"line":19,"column":52}},"19":{"start":{"line":20,"column":0},"end":{"line":20,"column":56}},"20":{"start":{"line":21,"column":0},"end":{"line":21,"column":52}},"21":{"start":{"line":22,"column":0},"end":{"line":22,"column":58}},"22":{"start":{"line":23,"column":0},"end":{"line":23,"column":58}},"23":{"start":{"line":24,"column":0},"end":{"line":24,"column":46}},"24":{"start":{"line":25,"column":0},"end":{"line":25,"column":60}},"25":{"start":{"line":26,"column":0},"end":{"line":26,"column":61}},"26":{"start":{"line":27,"column":0},"end":{"line":27,"column":62}},"27":{"start":{"line":28,"column":0},"end":{"line":28,"column":46}},"28":{"start":{"line":29,"column":0},"end":{"line":29,"column":52}},"29":{"start":{"line":30,"column":0},"end":{"line":30,"column":54}},"30":{"start":{"line":31,"column":0},"end":{"line":31,"column":63}},"31":{"start":{"line":32,"column":0},"end":{"line":32,"column":71}},"32":{"start":{"line":33,"column":0},"end":{"line":33,"column":65}},"33":{"start":{"line":34,"column":0},"end":{"line":34,"column":74}},"34":{"start":{"line":35,"column":0},"end":{"line":35,"column":70}},"35":{"start":{"line":36,"column":0},"end":{"line":36,"column":null}},"36":{"start":{"line":41,"column":0},"end":{"line":41,"column":86}},"37":{"start":{"line":42,"column":0},"end":{"line":42,"column":74}},"38":{"start":{"line":44,"column":0},"end":{"line":44,"column":31}},"39":{"start":{"line":46,"column":24},"end":{"line":53,"column":1}},"40":{"start":{"line":47,"column":18},"end":{"line":47,"column":49}},"41":{"start":{"line":48,"column":2},"end":{"line":52,"column":3}},"42":{"start":{"line":49,"column":4},"end":{"line":49,"column":35}},"43":{"start":{"line":51,"column":4},"end":{"line":51,"column":19}},"44":{"start":{"line":55,"column":26},"end":{"line":80,"column":1}},"45":{"start":{"line":56,"column":21},"end":{"line":62,"column":25}},"46":{"start":{"line":60,"column":21},"end":{"line":60,"column":34}},"47":{"start":{"line":64,"column":2},"end":{"line":66,"column":3}},"48":{"start":{"line":65,"column":4},"end":{"line":65,"column":36}},"49":{"start":{"line":68,"column":19},"end":{"line":78,"column":4}},"50":{"start":{"line":79,"column":2},"end":{"line":79,"column":73}},"51":{"start":{"line":82,"column":25},"end":{"line":189,"column":1}},"52":{"start":{"line":83,"column":14},"end":{"line":83,"column":23}},"53":{"start":{"line":85,"column":25},"end":{"line":85,"column":44}},"54":{"start":{"line":87,"column":35},"end":{"line":102,"column":4}},"55":{"start":{"line":89,"column":31},"end":{"line":89,"column":70}},"56":{"start":{"line":90,"column":6},"end":{"line":93,"column":7}},"57":{"start":{"line":91,"column":8},"end":{"line":91,"column":29}},"58":{"start":{"line":92,"column":8},"end":{"line":92,"column":15}},"59":{"start":{"line":94,"column":6},"end":{"line":97,"column":7}},"60":{"start":{"line":95,"column":8},"end":{"line":95,"column":29}},"61":{"start":{"line":96,"column":8},"end":{"line":96,"column":15}},"62":{"start":{"line":98,"column":6},"end":{"line":98,"column":28}},"63":{"start":{"line":104,"column":2},"end":{"line":104,"column":30}},"64":{"start":{"line":105,"column":24},"end":{"line":105,"column":47}},"65":{"start":{"line":107,"column":4},"end":{"line":109,"column":54}},"66":{"start":{"line":110,"column":2},"end":{"line":110,"column":37}},"67":{"start":{"line":112,"column":2},"end":{"line":112,"column":31}},"68":{"start":{"line":113,"column":2},"end":{"line":113,"column":29}},"69":{"start":{"line":114,"column":2},"end":{"line":114,"column":36}},"70":{"start":{"line":115,"column":2},"end":{"line":115,"column":44}},"71":{"start":{"line":116,"column":2},"end":{"line":116,"column":38}},"72":{"start":{"line":117,"column":2},"end":{"line":117,"column":29}},"73":{"start":{"line":118,"column":2},"end":{"line":118,"column":26}},"74":{"start":{"line":120,"column":2},"end":{"line":120,"column":42}},"75":{"start":{"line":121,"column":2},"end":{"line":121,"column":64}},"76":{"start":{"line":122,"column":2},"end":{"line":122,"column":30}},"77":{"start":{"line":124,"column":26},"end":{"line":124,"column":64}},"78":{"start":{"line":125,"column":2},"end":{"line":132,"column":6}},"79":{"start":{"line":129,"column":6},"end":{"line":129,"column":57}},"80":{"start":{"line":130,"column":6},"end":{"line":130,"column":76}},"81":{"start":{"line":133,"column":2},"end":{"line":133,"column":26}},"82":{"start":{"line":135,"column":2},"end":{"line":137,"column":5}},"83":{"start":{"line":136,"column":4},"end":{"line":136,"column":43}},"84":{"start":{"line":139,"column":2},"end":{"line":158,"column":5}},"85":{"start":{"line":140,"column":18},"end":{"line":140,"column":76}},"86":{"start":{"line":141,"column":24},"end":{"line":141,"column":75}},"87":{"start":{"line":143,"column":4},"end":{"line":152,"column":5}},"88":{"start":{"line":144,"column":28},"end":{"line":144,"column":81}},"89":{"start":{"line":145,"column":6},"end":{"line":151,"column":7}},"90":{"start":{"line":146,"column":28},"end":{"line":148,"column":46}},"91":{"start":{"line":149,"column":8},"end":{"line":149,"column":39}},"92":{"start":{"line":150,"column":8},"end":{"line":150,"column":15}},"93":{"start":{"line":154,"column":19},"end":{"line":156,"column":32}},"94":{"start":{"line":157,"column":4},"end":{"line":157,"column":30}},"95":{"start":{"line":160,"column":2},"end":{"line":166,"column":5}},"96":{"start":{"line":161,"column":20},"end":{"line":161,"column":56}},"97":{"start":{"line":162,"column":4},"end":{"line":165,"column":7}},"98":{"start":{"line":168,"column":2},"end":{"line":168,"column":58}},"99":{"start":{"line":170,"column":2},"end":{"line":170,"column":40}},"100":{"start":{"line":171,"column":2},"end":{"line":171,"column":35}},"101":{"start":{"line":172,"column":2},"end":{"line":172,"column":40}},"102":{"start":{"line":173,"column":2},"end":{"line":173,"column":41}},"103":{"start":{"line":174,"column":2},"end":{"line":174,"column":45}},"104":{"start":{"line":175,"column":2},"end":{"line":175,"column":42}},"105":{"start":{"line":176,"column":2},"end":{"line":176,"column":48}},"106":{"start":{"line":177,"column":2},"end":{"line":177,"column":48}},"107":{"start":{"line":178,"column":2},"end":{"line":178,"column":38}},"108":{"start":{"line":179,"column":2},"end":{"line":179,"column":50}},"109":{"start":{"line":180,"column":2},"end":{"line":180,"column":51}},"110":{"start":{"line":181,"column":2},"end":{"line":181,"column":52}},"111":{"start":{"line":182,"column":2},"end":{"line":182,"column":36}},"112":{"start":{"line":183,"column":2},"end":{"line":183,"column":41}},"113":{"start":{"line":184,"column":2},"end":{"line":184,"column":43}},"114":{"start":{"line":186,"column":2},"end":{"line":186,"column":27}},"115":{"start":{"line":188,"column":2},"end":{"line":188,"column":13}},"116":{"start":{"line":82,"column":13},"end":{"line":82,"column":25}},"117":{"start":{"line":191,"column":12},"end":{"line":191,"column":23}},"118":{"start":{"line":193,"column":20},"end":{"line":390,"column":1}},"119":{"start":{"line":194,"column":2},"end":{"line":389,"column":3}},"120":{"start":{"line":195,"column":23},"end":{"line":195,"column":47}},"121":{"start":{"line":196,"column":17},"end":{"line":196,"column":83}},"122":{"start":{"line":198,"column":23},"end":{"line":198,"column":45}},"123":{"start":{"line":199,"column":27},"end":{"line":199,"column":46}},"124":{"start":{"line":201,"column":15},"end":{"line":215,"column":6}},"125":{"start":{"line":217,"column":25},"end":{"line":217,"column":80}},"126":{"start":{"line":218,"column":33},"end":{"line":218,"column":38}},"127":{"start":{"line":219,"column":36},"end":{"line":219,"column":38}},"128":{"start":{"line":220,"column":34},"end":{"line":220,"column":39}},"129":{"start":{"line":222,"column":30},"end":{"line":229,"column":5}},"130":{"start":{"line":223,"column":18},"end":{"line":223,"column":28}},"131":{"start":{"line":224,"column":6},"end":{"line":228,"column":7}},"132":{"start":{"line":225,"column":8},"end":{"line":227,"column":9}},"133":{"start":{"line":226,"column":10},"end":{"line":226,"column":40}},"134":{"start":{"line":230,"column":4},"end":{"line":230,"column":58}},"135":{"start":{"line":232,"column":4},"end":{"line":259,"column":7}},"136":{"start":{"line":233,"column":23},"end":{"line":233,"column":32}},"137":{"start":{"line":234,"column":6},"end":{"line":234,"column":93}},"138":{"start":{"line":236,"column":6},"end":{"line":238,"column":9}},"139":{"start":{"line":237,"column":8},"end":{"line":237,"column":38}},"140":{"start":{"line":240,"column":6},"end":{"line":258,"column":9}},"141":{"start":{"line":241,"column":20},"end":{"line":241,"column":30}},"142":{"start":{"line":242,"column":25},"end":{"line":242,"column":51}},"143":{"start":{"line":244,"column":8},"end":{"line":247,"column":9}},"144":{"start":{"line":245,"column":10},"end":{"line":245,"column":90}},"145":{"start":{"line":246,"column":10},"end":{"line":246,"column":24}},"146":{"start":{"line":249,"column":8},"end":{"line":253,"column":9}},"147":{"start":{"line":250,"column":10},"end":{"line":250,"column":63}},"148":{"start":{"line":251,"column":10},"end":{"line":251,"column":34}},"149":{"start":{"line":252,"column":10},"end":{"line":252,"column":56}},"150":{"start":{"line":255,"column":8},"end":{"line":255,"column":25}},"151":{"start":{"line":256,"column":8},"end":{"line":256,"column":45}},"152":{"start":{"line":257,"column":8},"end":{"line":257,"column":15}},"153":{"start":{"line":261,"column":21},"end":{"line":261,"column":50}},"154":{"start":{"line":262,"column":4},"end":{"line":274,"column":5}},"155":{"start":{"line":263,"column":6},"end":{"line":273,"column":7}},"156":{"start":{"line":264,"column":33},"end":{"line":264,"column":54}},"157":{"start":{"line":265,"column":34},"end":{"line":265,"column":74}},"158":{"start":{"line":266,"column":26},"end":{"line":266,"column":57}},"159":{"start":{"line":267,"column":26},"end":{"line":267,"column":47}},"160":{"start":{"line":268,"column":8},"end":{"line":268,"column":70}},"161":{"start":{"line":269,"column":8},"end":{"line":269,"column":56}},"162":{"start":{"line":270,"column":8},"end":{"line":270,"column":51}},"163":{"start":{"line":272,"column":8},"end":{"line":272,"column":77}},"164":{"start":{"line":276,"column":33},"end":{"line":291,"column":5}},"165":{"start":{"line":277,"column":6},"end":{"line":279,"column":7}},"166":{"start":{"line":278,"column":8},"end":{"line":278,"column":18}},"167":{"start":{"line":281,"column":26},"end":{"line":284,"column":58}},"168":{"start":{"line":283,"column":24},"end":{"line":283,"column":36}},"169":{"start":{"line":284,"column":25},"end":{"line":284,"column":57}},"170":{"start":{"line":286,"column":6},"end":{"line":288,"column":7}},"171":{"start":{"line":287,"column":8},"end":{"line":287,"column":18}},"172":{"start":{"line":290,"column":6},"end":{"line":290,"column":74}},"173":{"start":{"line":293,"column":4},"end":{"line":314,"column":7}},"174":{"start":{"line":294,"column":6},"end":{"line":313,"column":7}},"175":{"start":{"line":295,"column":22},"end":{"line":295,"column":75}},"176":{"start":{"line":296,"column":8},"end":{"line":296,"column":86}},"177":{"start":{"line":296,"column":20},"end":{"line":296,"column":86}},"178":{"start":{"line":298,"column":29},"end":{"line":298,"column":60}},"179":{"start":{"line":299,"column":24},"end":{"line":299,"column":89}},"180":{"start":{"line":300,"column":8},"end":{"line":300,"column":106}},"181":{"start":{"line":300,"column":39},"end":{"line":300,"column":106}},"182":{"start":{"line":302,"column":21},"end":{"line":302,"column":56}},"183":{"start":{"line":303,"column":8},"end":{"line":303,"column":98}},"184":{"start":{"line":303,"column":37},"end":{"line":303,"column":98}},"185":{"start":{"line":305,"column":31},"end":{"line":305,"column":53}},"186":{"start":{"line":306,"column":29},"end":{"line":306,"column":54}},"187":{"start":{"line":307,"column":8},"end":{"line":307,"column":107}},"188":{"start":{"line":307,"column":45},"end":{"line":307,"column":107}},"189":{"start":{"line":309,"column":9},"end":{"line":309,"column":36}},"190":{"start":{"line":310,"column":8},"end":{"line":310,"column":15}},"191":{"start":{"line":312,"column":8},"end":{"line":312,"column":63}},"192":{"start":{"line":316,"column":4},"end":{"line":344,"column":7}},"193":{"start":{"line":317,"column":20},"end":{"line":317,"column":39}},"194":{"start":{"line":319,"column":6},"end":{"line":332,"column":9}},"195":{"start":{"line":320,"column":8},"end":{"line":322,"column":9}},"196":{"start":{"line":321,"column":10},"end":{"line":321,"column":17}},"197":{"start":{"line":323,"column":20},"end":{"line":323,"column":35}},"198":{"start":{"line":324,"column":8},"end":{"line":331,"column":9}},"199":{"start":{"line":325,"column":26},"end":{"line":325,"column":72}},"200":{"start":{"line":326,"column":10},"end":{"line":328,"column":11}},"201":{"start":{"line":327,"column":12},"end":{"line":327,"column":41}},"202":{"start":{"line":334,"column":6},"end":{"line":338,"column":9}},"203":{"start":{"line":335,"column":8},"end":{"line":337,"column":9}},"204":{"start":{"line":336,"column":10},"end":{"line":336,"column":52}},"205":{"start":{"line":341,"column":6},"end":{"line":343,"column":7}},"206":{"start":{"line":342,"column":8},"end":{"line":342,"column":40}},"207":{"start":{"line":346,"column":25},"end":{"line":346,"column":62}},"208":{"start":{"line":347,"column":27},"end":{"line":350,"column":5}},"209":{"start":{"line":348,"column":6},"end":{"line":348,"column":24}},"210":{"start":{"line":349,"column":6},"end":{"line":349,"column":79}},"211":{"start":{"line":349,"column":36},"end":{"line":349,"column":77}},"212":{"start":{"line":352,"column":4},"end":{"line":364,"column":5}},"213":{"start":{"line":353,"column":6},"end":{"line":353,"column":24}},"214":{"start":{"line":354,"column":6},"end":{"line":354,"column":23}},"215":{"start":{"line":356,"column":6},"end":{"line":356,"column":23}},"216":{"start":{"line":357,"column":6},"end":{"line":363,"column":9}},"217":{"start":{"line":358,"column":8},"end":{"line":362,"column":9}},"218":{"start":{"line":359,"column":10},"end":{"line":361,"column":13}},"219":{"start":{"line":366,"column":21},"end":{"line":382,"column":5}},"220":{"start":{"line":367,"column":6},"end":{"line":367,"column":45}},"221":{"start":{"line":368,"column":6},"end":{"line":370,"column":9}},"222":{"start":{"line":369,"column":8},"end":{"line":369,"column":42}},"223":{"start":{"line":369,"column":31},"end":{"line":369,"column":40}},"224":{"start":{"line":371,"column":6},"end":{"line":375,"column":7}},"225":{"start":{"line":372,"column":8},"end":{"line":372,"column":19}},"226":{"start":{"line":376,"column":6},"end":{"line":380,"column":7}},"227":{"start":{"line":377,"column":8},"end":{"line":377,"column":36}},"228":{"start":{"line":381,"column":6},"end":{"line":381,"column":22}},"229":{"start":{"line":384,"column":4},"end":{"line":384,"column":60}},"230":{"start":{"line":384,"column":34},"end":{"line":384,"column":58}},"231":{"start":{"line":385,"column":4},"end":{"line":385,"column":58}},"232":{"start":{"line":385,"column":33},"end":{"line":385,"column":56}},"233":{"start":{"line":387,"column":4},"end":{"line":387,"column":62}},"234":{"start":{"line":388,"column":4},"end":{"line":388,"column":20}},"235":{"start":{"line":392,"column":0},"end":{"line":394,"column":1}},"236":{"start":{"line":393,"column":2},"end":{"line":393,"column":16}},"237":{"start":{"line":396,"column":0},"end":{"line":396,"column":19}}},"fnMap":{"0":{"name":"(anonymous_10)","decl":{"start":{"line":46,"column":24},"end":{"line":46,"column":25}},"loc":{"start":{"line":46,"column":42},"end":{"line":53,"column":1}}},"1":{"name":"(anonymous_11)","decl":{"start":{"line":55,"column":26},"end":{"line":55,"column":29}},"loc":{"start":{"line":55,"column":31},"end":{"line":80,"column":1}}},"2":{"name":"(anonymous_12)","decl":{"start":{"line":60,"column":9},"end":{"line":60,"column":10}},"loc":{"start":{"line":60,"column":21},"end":{"line":60,"column":34}}},"3":{"name":"(anonymous_13)","decl":{"start":{"line":82,"column":25},"end":{"line":82,"column":28}},"loc":{"start":{"line":82,"column":30},"end":{"line":189,"column":1}}},"4":{"name":"(anonymous_14)","decl":{"start":{"line":88,"column":12},"end":{"line":88,"column":13}},"loc":{"start":{"line":88,"column":33},"end":{"line":99,"column":5}}},"5":{"name":"(anonymous_15)","decl":{"start":{"line":128,"column":16},"end":{"line":128,"column":17}},"loc":{"start":{"line":128,"column":24},"end":{"line":131,"column":5}}},"6":{"name":"(anonymous_16)","decl":{"start":{"line":135,"column":22},"end":{"line":135,"column":23}},"loc":{"start":{"line":135,"column":36},"end":{"line":137,"column":3}}},"7":{"name":"(anonymous_17)","decl":{"start":{"line":139,"column":32},"end":{"line":139,"column":33}},"loc":{"start":{"line":139,"column":45},"end":{"line":158,"column":3}}},"8":{"name":"(anonymous_18)","decl":{"start":{"line":160,"column":21},"end":{"line":160,"column":22}},"loc":{"start":{"line":160,"column":35},"end":{"line":166,"column":3}}},"9":{"name":"(anonymous_19)","decl":{"start":{"line":193,"column":20},"end":{"line":193,"column":25}},"loc":{"start":{"line":193,"column":31},"end":{"line":390,"column":1}}},"10":{"name":"(anonymous_20)","decl":{"start":{"line":222,"column":30},"end":{"line":222,"column":33}},"loc":{"start":{"line":222,"column":35},"end":{"line":229,"column":5}}},"11":{"name":"(anonymous_21)","decl":{"start":{"line":232,"column":24},"end":{"line":232,"column":25}},"loc":{"start":{"line":232,"column":35},"end":{"line":259,"column":5}}},"12":{"name":"(anonymous_22)","decl":{"start":{"line":236,"column":30},"end":{"line":236,"column":33}},"loc":{"start":{"line":236,"column":35},"end":{"line":238,"column":7}}},"13":{"name":"(anonymous_23)","decl":{"start":{"line":240,"column":17},"end":{"line":240,"column":18}},"loc":{"start":{"line":240,"column":34},"end":{"line":258,"column":7}}},"14":{"name":"(anonymous_24)","decl":{"start":{"line":264,"column":33},"end":{"line":264,"column":46}},"loc":{"start":{"line":264,"column":33},"end":{"line":264,"column":54}}},"15":{"name":"(anonymous_25)","decl":{"start":{"line":265,"column":34},"end":{"line":265,"column":47}},"loc":{"start":{"line":265,"column":34},"end":{"line":265,"column":74}}},"16":{"name":"(anonymous_26)","decl":{"start":{"line":276,"column":33},"end":{"line":276,"column":34}},"loc":{"start":{"line":276,"column":70},"end":{"line":291,"column":5}}},"17":{"name":"(anonymous_27)","decl":{"start":{"line":283,"column":13},"end":{"line":283,"column":14}},"loc":{"start":{"line":283,"column":24},"end":{"line":283,"column":36}}},"18":{"name":"(anonymous_28)","decl":{"start":{"line":284,"column":14},"end":{"line":284,"column":15}},"loc":{"start":{"line":284,"column":25},"end":{"line":284,"column":57}}},"19":{"name":"(anonymous_29)","decl":{"start":{"line":293,"column":11},"end":{"line":293,"column":16}},"loc":{"start":{"line":293,"column":34},"end":{"line":314,"column":5}}},"20":{"name":"(anonymous_30)","decl":{"start":{"line":316,"column":24},"end":{"line":316,"column":25}},"loc":{"start":{"line":316,"column":35},"end":{"line":344,"column":5}}},"21":{"name":"(anonymous_31)","decl":{"start":{"line":319,"column":35},"end":{"line":319,"column":40}},"loc":{"start":{"line":319,"column":62},"end":{"line":332,"column":7}}},"22":{"name":"(anonymous_32)","decl":{"start":{"line":334,"column":36},"end":{"line":334,"column":37}},"loc":{"start":{"line":334,"column":57},"end":{"line":338,"column":7}}},"23":{"name":"(anonymous_33)","decl":{"start":{"line":347,"column":27},"end":{"line":347,"column":30}},"loc":{"start":{"line":347,"column":32},"end":{"line":350,"column":5}}},"24":{"name":"(anonymous_34)","decl":{"start":{"line":349,"column":30},"end":{"line":349,"column":33}},"loc":{"start":{"line":349,"column":36},"end":{"line":349,"column":77}}},"25":{"name":"(anonymous_35)","decl":{"start":{"line":357,"column":50},"end":{"line":357,"column":51}},"loc":{"start":{"line":357,"column":64},"end":{"line":363,"column":7}}},"26":{"name":"(anonymous_36)","decl":{"start":{"line":366,"column":21},"end":{"line":366,"column":26}},"loc":{"start":{"line":366,"column":46},"end":{"line":382,"column":5}}},"27":{"name":"(anonymous_37)","decl":{"start":{"line":368,"column":30},"end":{"line":368,"column":31}},"loc":{"start":{"line":368,"column":42},"end":{"line":370,"column":7}}},"28":{"name":"(anonymous_38)","decl":{"start":{"line":369,"column":25},"end":{"line":369,"column":28}},"loc":{"start":{"line":369,"column":31},"end":{"line":369,"column":40}}},"29":{"name":"(anonymous_39)","decl":{"start":{"line":384,"column":28},"end":{"line":384,"column":31}},"loc":{"start":{"line":384,"column":34},"end":{"line":384,"column":58}}},"30":{"name":"(anonymous_40)","decl":{"start":{"line":385,"column":27},"end":{"line":385,"column":30}},"loc":{"start":{"line":385,"column":33},"end":{"line":385,"column":56}}}},"branchMap":{"0":{"loc":{"start":{"line":57,"column":8},"end":{"line":57,"column":49}},"type":"binary-expr","locations":[{"start":{"line":57,"column":8},"end":{"line":57,"column":43}},{"start":{"line":57,"column":47},"end":{"line":57,"column":49}}]},"1":{"loc":{"start":{"line":58,"column":8},"end":{"line":58,"column":50}},"type":"binary-expr","locations":[{"start":{"line":58,"column":8},"end":{"line":58,"column":44}},{"start":{"line":58,"column":48},"end":{"line":58,"column":50}}]},"2":{"loc":{"start":{"line":64,"column":2},"end":{"line":66,"column":3}},"type":"if","locations":[{"start":{"line":64,"column":2},"end":{"line":66,"column":3}},{"start":{},"end":{}}]},"3":{"loc":{"start":{"line":89,"column":31},"end":{"line":89,"column":70}},"type":"cond-expr","locations":[{"start":{"line":89,"column":40},"end":{"line":89,"column":63}},{"start":{"line":89,"column":66},"end":{"line":89,"column":70}}]},"4":{"loc":{"start":{"line":90,"column":6},"end":{"line":93,"column":7}},"type":"if","locations":[{"start":{"line":90,"column":6},"end":{"line":93,"column":7}},{"start":{},"end":{}}]},"5":{"loc":{"start":{"line":90,"column":10},"end":{"line":90,"column":71}},"type":"binary-expr","locations":[{"start":{"line":90,"column":10},"end":{"line":90,"column":26}},{"start":{"line":90,"column":30},"end":{"line":90,"column":71}}]},"6":{"loc":{"start":{"line":94,"column":6},"end":{"line":97,"column":7}},"type":"if","locations":[{"start":{"line":94,"column":6},"end":{"line":97,"column":7}},{"start":{},"end":{}}]},"7":{"loc":{"start":{"line":107,"column":4},"end":{"line":109,"column":54}},"type":"cond-expr","locations":[{"start":{"line":108,"column":8},"end":{"line":108,"column":9}},{"start":{"line":109,"column":8},"end":{"line":109,"column":54}}]},"8":{"loc":{"start":{"line":107,"column":4},"end":{"line":107,"column":54}},"type":"binary-expr","locations":[{"start":{"line":107,"column":4},"end":{"line":107,"column":25}},{"start":{"line":107,"column":29},"end":{"line":107,"column":54}}]},"9":{"loc":{"start":{"line":109,"column":8},"end":{"line":109,"column":54}},"type":"binary-expr","locations":[{"start":{"line":109,"column":8},"end":{"line":109,"column":49}},{"start":{"line":109,"column":53},"end":{"line":109,"column":54}}]},"10":{"loc":{"start":{"line":109,"column":24},"end":{"line":109,"column":44}},"type":"binary-expr","locations":[{"start":{"line":109,"column":24},"end":{"line":109,"column":37}},{"start":{"line":109,"column":41},"end":{"line":109,"column":44}}]},"11":{"loc":{"start":{"line":140,"column":18},"end":{"line":140,"column":76}},"type":"cond-expr","locations":[{"start":{"line":140,"column":56},"end":{"line":140,"column":71}},{"start":{"line":140,"column":74},"end":{"line":140,"column":76}}]},"12":{"loc":{"start":{"line":143,"column":4},"end":{"line":152,"column":5}},"type":"if","locations":[{"start":{"line":143,"column":4},"end":{"line":152,"column":5}},{"start":{},"end":{}}]},"13":{"loc":{"start":{"line":145,"column":6},"end":{"line":151,"column":7}},"type":"if","locations":[{"start":{"line":145,"column":6},"end":{"line":151,"column":7}},{"start":{},"end":{}}]},"14":{"loc":{"start":{"line":145,"column":10},"end":{"line":145,"column":131}},"type":"binary-expr","locations":[{"start":{"line":145,"column":10},"end":{"line":145,"column":24}},{"start":{"line":145,"column":28},"end":{"line":145,"column":65}},{"start":{"line":145,"column":69},"end":{"line":145,"column":98}},{"start":{"line":145,"column":102},"end":{"line":145,"column":131}}]},"15":{"loc":{"start":{"line":146,"column":28},"end":{"line":148,"column":46}},"type":"cond-expr","locations":[{"start":{"line":147,"column":12},"end":{"line":147,"column":81}},{"start":{"line":148,"column":12},"end":{"line":148,"column":46}}]},"16":{"loc":{"start":{"line":154,"column":19},"end":{"line":156,"column":32}},"type":"cond-expr","locations":[{"start":{"line":155,"column":8},"end":{"line":155,"column":67}},{"start":{"line":156,"column":8},"end":{"line":156,"column":32}}]},"17":{"loc":{"start":{"line":162,"column":15},"end":{"line":162,"column":34}},"type":"cond-expr","locations":[{"start":{"line":162,"column":25},"end":{"line":162,"column":28}},{"start":{"line":162,"column":31},"end":{"line":162,"column":34}}]},"18":{"loc":{"start":{"line":163,"column":14},"end":{"line":163,"column":45}},"type":"cond-expr","locations":[{"start":{"line":163,"column":24},"end":{"line":163,"column":31}},{"start":{"line":163,"column":34},"end":{"line":163,"column":45}}]},"19":{"loc":{"start":{"line":164,"column":13},"end":{"line":164,"column":51}},"type":"cond-expr","locations":[{"start":{"line":164,"column":23},"end":{"line":164,"column":34}},{"start":{"line":164,"column":37},"end":{"line":164,"column":51}}]},"20":{"loc":{"start":{"line":196,"column":17},"end":{"line":196,"column":83}},"type":"cond-expr","locations":[{"start":{"line":196,"column":66},"end":{"line":196,"column":76}},{"start":{"line":196,"column":79},"end":{"line":196,"column":83}}]},"21":{"loc":{"start":{"line":196,"column":17},"end":{"line":196,"column":63}},"type":"binary-expr","locations":[{"start":{"line":196,"column":17},"end":{"line":196,"column":45}},{"start":{"line":196,"column":49},"end":{"line":196,"column":63}}]},"22":{"loc":{"start":{"line":225,"column":8},"end":{"line":227,"column":9}},"type":"if","locations":[{"start":{"line":225,"column":8},"end":{"line":227,"column":9}},{"start":{},"end":{}}]},"23":{"loc":{"start":{"line":244,"column":8},"end":{"line":247,"column":9}},"type":"if","locations":[{"start":{"line":244,"column":8},"end":{"line":247,"column":9}},{"start":{},"end":{}}]},"24":{"loc":{"start":{"line":244,"column":12},"end":{"line":244,"column":49}},"type":"binary-expr","locations":[{"start":{"line":244,"column":12},"end":{"line":244,"column":21}},{"start":{"line":244,"column":25},"end":{"line":244,"column":49}}]},"25":{"loc":{"start":{"line":249,"column":8},"end":{"line":253,"column":9}},"type":"if","locations":[{"start":{"line":249,"column":8},"end":{"line":253,"column":9}},{"start":{},"end":{}}]},"26":{"loc":{"start":{"line":262,"column":4},"end":{"line":274,"column":5}},"type":"if","locations":[{"start":{"line":262,"column":4},"end":{"line":274,"column":5}},{"start":{},"end":{}}]},"27":{"loc":{"start":{"line":277,"column":6},"end":{"line":279,"column":7}},"type":"if","locations":[{"start":{"line":277,"column":6},"end":{"line":279,"column":7}},{"start":{},"end":{}}]},"28":{"loc":{"start":{"line":286,"column":6},"end":{"line":288,"column":7}},"type":"if","locations":[{"start":{"line":286,"column":6},"end":{"line":288,"column":7}},{"start":{},"end":{}}]},"29":{"loc":{"start":{"line":296,"column":8},"end":{"line":296,"column":86}},"type":"if","locations":[{"start":{"line":296,"column":8},"end":{"line":296,"column":86}},{"start":{},"end":{}}]},"30":{"loc":{"start":{"line":300,"column":8},"end":{"line":300,"column":106}},"type":"if","locations":[{"start":{"line":300,"column":8},"end":{"line":300,"column":106}},{"start":{},"end":{}}]},"31":{"loc":{"start":{"line":303,"column":8},"end":{"line":303,"column":98}},"type":"if","locations":[{"start":{"line":303,"column":8},"end":{"line":303,"column":98}},{"start":{},"end":{}}]},"32":{"loc":{"start":{"line":303,"column":12},"end":{"line":303,"column":35}},"type":"binary-expr","locations":[{"start":{"line":303,"column":12},"end":{"line":303,"column":17}},{"start":{"line":303,"column":21},"end":{"line":303,"column":35}}]},"33":{"loc":{"start":{"line":305,"column":31},"end":{"line":305,"column":53}},"type":"binary-expr","locations":[{"start":{"line":305,"column":31},"end":{"line":305,"column":48}},{"start":{"line":305,"column":52},"end":{"line":305,"column":53}}]},"34":{"loc":{"start":{"line":306,"column":29},"end":{"line":306,"column":54}},"type":"binary-expr","locations":[{"start":{"line":306,"column":29},"end":{"line":306,"column":49}},{"start":{"line":306,"column":53},"end":{"line":306,"column":54}}]},"35":{"loc":{"start":{"line":307,"column":8},"end":{"line":307,"column":107}},"type":"if","locations":[{"start":{"line":307,"column":8},"end":{"line":307,"column":107}},{"start":{},"end":{}}]},"36":{"loc":{"start":{"line":320,"column":8},"end":{"line":322,"column":9}},"type":"if","locations":[{"start":{"line":320,"column":8},"end":{"line":322,"column":9}},{"start":{},"end":{}}]},"37":{"loc":{"start":{"line":320,"column":12},"end":{"line":320,"column":60}},"type":"binary-expr","locations":[{"start":{"line":320,"column":12},"end":{"line":320,"column":40}},{"start":{"line":320,"column":44},"end":{"line":320,"column":60}}]},"38":{"loc":{"start":{"line":326,"column":10},"end":{"line":328,"column":11}},"type":"if","locations":[{"start":{"line":326,"column":10},"end":{"line":328,"column":11}},{"start":{},"end":{}}]},"39":{"loc":{"start":{"line":335,"column":8},"end":{"line":337,"column":9}},"type":"if","locations":[{"start":{"line":335,"column":8},"end":{"line":337,"column":9}},{"start":{},"end":{}}]},"40":{"loc":{"start":{"line":335,"column":12},"end":{"line":335,"column":59}},"type":"binary-expr","locations":[{"start":{"line":335,"column":12},"end":{"line":335,"column":40}},{"start":{"line":335,"column":44},"end":{"line":335,"column":59}}]},"41":{"loc":{"start":{"line":341,"column":6},"end":{"line":343,"column":7}},"type":"if","locations":[{"start":{"line":341,"column":6},"end":{"line":343,"column":7}},{"start":{},"end":{}}]},"42":{"loc":{"start":{"line":341,"column":10},"end":{"line":341,"column":26}},"type":"binary-expr","locations":[{"start":{"line":341,"column":10},"end":{"line":341,"column":14}},{"start":{"line":341,"column":18},"end":{"line":341,"column":26}}]},"43":{"loc":{"start":{"line":352,"column":4},"end":{"line":364,"column":5}},"type":"if","locations":[{"start":{"line":352,"column":4},"end":{"line":364,"column":5}},{"start":{"line":355,"column":11},"end":{"line":364,"column":5}}]},"44":{"loc":{"start":{"line":358,"column":8},"end":{"line":362,"column":9}},"type":"if","locations":[{"start":{"line":358,"column":8},"end":{"line":362,"column":9}},{"start":{},"end":{}}]},"45":{"loc":{"start":{"line":392,"column":0},"end":{"line":394,"column":1}},"type":"if","locations":[{"start":{"line":392,"column":0},"end":{"line":394,"column":1}},{"start":{},"end":{}}]}},"s":{"0":10,"1":10,"2":10,"3":10,"4":10,"5":10,"6":10,"7":10,"8":10,"9":10,"10":10,"11":10,"12":10,"13":10,"14":10,"15":10,"16":10,"17":10,"18":10,"19":10,"20":10,"21":10,"22":10,"23":10,"24":10,"25":10,"26":10,"27":10,"28":10,"29":10,"30":10,"31":10,"32":10,"33":10,"34":10,"35":10,"36":10,"37":10,"38":10,"39":10,"40":186,"41":186,"42":186,"43":0,"44":10,"45":22,"46":4,"47":22,"48":2,"49":20,"50":20,"51":10,"52":22,"53":22,"54":22,"55":59,"56":59,"57":1,"58":1,"59":58,"60":57,"61":57,"62":1,"63":22,"64":22,"65":22,"66":22,"67":22,"68":22,"69":22,"70":22,"71":22,"72":22,"73":22,"74":22,"75":22,"76":22,"77":22,"78":22,"79":0,"80":0,"81":22,"82":22,"83":0,"84":22,"85":0,"86":0,"87":0,"88":0,"89":0,"90":0,"91":0,"92":0,"93":0,"94":0,"95":22,"96":0,"97":0,"98":22,"99":22,"100":22,"101":22,"102":22,"103":22,"104":22,"105":22,"106":22,"107":22,"108":22,"109":22,"110":22,"111":22,"112":22,"113":22,"114":22,"115":22,"116":10,"117":10,"118":10,"119":0,"120":0,"121":0,"122":0,"123":0,"124":0,"125":0,"126":0,"127":0,"128":0,"129":0,"130":0,"131":0,"132":0,"133":0,"134":0,"135":0,"136":0,"137":0,"138":0,"139":0,"140":0,"141":0,"142":0,"143":0,"144":0,"145":0,"146":0,"147":0,"148":0,"149":0,"150":0,"151":0,"152":0,"153":0,"154":0,"155":0,"156":0,"157":0,"158":0,"159":0,"160":0,"161":0,"162":0,"163":0,"164":0,"165":0,"166":0,"167":0,"168":0,"169":0,"170":0,"171":0,"172":0,"173":0,"174":0,"175":0,"176":0,"177":0,"178":0,"179":0,"180":0,"181":0,"182":0,"183":0,"184":0,"185":0,"186":0,"187":0,"188":0,"189":0,"190":0,"191":0,"192":0,"193":0,"194":0,"195":0,"196":0,"197":0,"198":0,"199":0,"200":0,"201":0,"202":0,"203":0,"204":0,"205":0,"206":0,"207":0,"208":0,"209":0,"210":0,"211":0,"212":0,"213":0,"214":0,"215":0,"216":0,"217":0,"218":0,"219":0,"220":0,"221":0,"222":0,"223":0,"224":0,"225":0,"226":0,"227":0,"228":0,"229":0,"230":0,"231":0,"232":0,"233":0,"234":0,"235":10,"236":0,"237":10},"f":{"0":186,"1":22,"2":4,"3":22,"4":59,"5":0,"6":0,"7":0,"8":0,"9":0,"10":0,"11":0,"12":0,"13":0,"14":0,"15":0,"16":0,"17":0,"18":0,"19":0,"20":0,"21":0,"22":0,"23":0,"24":0,"25":0,"26":0,"27":0,"28":0,"29":0,"30":0},"b":{"0":[22,20],"1":[22,20],"2":[2,20],"3":[2,57],"4":[1,58],"5":[59,2],"6":[57,1],"7":[0,22],"8":[22,22],"9":[22,0],"10":[22,22],"11":[0,0],"12":[0,0],"13":[0,0],"14":[0,0,0,0],"15":[0,0],"16":[0,0],"17":[0,0],"18":[0,0],"19":[0,0],"20":[0,0],"21":[0,0],"22":[0,0],"23":[0,0],"24":[0,0],"25":[0,0],"26":[0,0],"27":[0,0],"28":[0,0],"29":[0,0],"30":[0,0],"31":[0,0],"32":[0,0],"33":[0,0],"34":[0,0],"35":[0,0],"36":[0,0],"37":[0,0],"38":[0,0],"39":[0,0],"40":[0,0],"41":[0,0],"42":[0,0],"43":[0,0],"44":[0,0],"45":[0,10]}}
,"/home/runner/work/Internship/Internship/backend/src/config/database.ts": {"path":"/home/runner/work/Internship/Internship/backend/src/config/database.ts","statementMap":{"0":{"start":{"line":1,"column":0},"end":{"line":1,"column":32}},"1":{"start":{"line":2,"column":0},"end":{"line":2,"column":28}},"2":{"start":{"line":3,"column":0},"end":{"line":3,"column":61}},"3":{"start":{"line":5,"column":0},"end":{"line":5,"column":31}},"4":{"start":{"line":7,"column":20},"end":{"line":7,"column":21}},"5":{"start":{"line":8,"column":23},"end":{"line":8,"column":27}},"6":{"start":{"line":9,"column":32},"end":{"line":9,"column":67}},"7":{"start":{"line":11,"column":2},"end":{"line":11,"column":92}},"8":{"start":{"line":18,"column":23},"end":{"line":18,"column":88}},"9":{"start":{"line":18,"column":48},"end":{"line":18,"column":88}},"10":{"start":{"line":20,"column":20},"end":{"line":21,"column":104}},"11":{"start":{"line":21,"column":2},"end":{"line":21,"column":104}},"12":{"start":{"line":23,"column":30},"end":{"line":31,"column":1}},"13":{"start":{"line":24,"column":2},"end":{"line":30,"column":3}},"14":{"start":{"line":25,"column":19},"end":{"line":25,"column":31}},"15":{"start":{"line":26,"column":17},"end":{"line":26,"column":46}},"16":{"start":{"line":27,"column":4},"end":{"line":27,"column":92}},"17":{"start":{"line":29,"column":4},"end":{"line":29,"column":72}},"18":{"start":{"line":38,"column":54},"end":{"line":38,"column":58}},"19":{"start":{"line":39,"column":60},"end":{"line":39,"column":64}},"20":{"start":{"line":41,"column":29},"end":{"line":78,"column":1}},"21":{"start":{"line":42,"column":2},"end":{"line":44,"column":3}},"22":{"start":{"line":43,"column":4},"end":{"line":43,"column":16}},"23":{"start":{"line":46,"column":2},"end":{"line":48,"column":3}},"24":{"start":{"line":47,"column":4},"end":{"line":47,"column":40}},"25":{"start":{"line":50,"column":2},"end":{"line":75,"column":7}},"26":{"start":{"line":51,"column":4},"end":{"line":74,"column":5}},"27":{"start":{"line":52,"column":36},"end":{"line":52,"column":73}},"28":{"start":{"line":53,"column":6},"end":{"line":55,"column":9}},"29":{"start":{"line":57,"column":21},"end":{"line":57,"column":40}},"30":{"start":{"line":58,"column":6},"end":{"line":60,"column":7}},"31":{"start":{"line":59,"column":8},"end":{"line":59,"column":73}},"32":{"start":{"line":62,"column":26},"end":{"line":62,"column":41}},"33":{"start":{"line":63,"column":6},"end":{"line":66,"column":9}},"34":{"start":{"line":67,"column":6},"end":{"line":67,"column":85}},"35":{"start":{"line":68,"column":6},"end":{"line":68,"column":18}},"36":{"start":{"line":70,"column":6},"end":{"line":70,"column":74}},"37":{"start":{"line":71,"column":6},"end":{"line":71,"column":19}},"38":{"start":{"line":73,"column":6},"end":{"line":73,"column":42}},"39":{"start":{"line":77,"column":2},"end":{"line":77,"column":38}},"40":{"start":{"line":80,"column":25},"end":{"line":131,"column":1}},"41":{"start":{"line":81,"column":51},"end":{"line":81,"column":58}},"42":{"start":{"line":82,"column":19},"end":{"line":82,"column":32}},"43":{"start":{"line":83,"column":23},"end":{"line":83,"column":47}},"44":{"start":{"line":84,"column":29},"end":{"line":84,"column":60}},"45":{"start":{"line":85,"column":27},"end":{"line":91,"column":6}},"46":{"start":{"line":86,"column":4},"end":{"line":90,"column":5}},"47":{"start":{"line":87,"column":6},"end":{"line":87,"column":70}},"48":{"start":{"line":89,"column":6},"end":{"line":89,"column":72}},"49":{"start":{"line":93,"column":2},"end":{"line":130,"column":3}},"50":{"start":{"line":94,"column":4},"end":{"line":98,"column":7}},"51":{"start":{"line":99,"column":4},"end":{"line":99,"column":61}},"52":{"start":{"line":100,"column":4},"end":{"line":100,"column":16}},"53":{"start":{"line":102,"column":22},"end":{"line":102,"column":35}},"54":{"start":{"line":103,"column":4},"end":{"line":103,"column":99}},"55":{"start":{"line":105,"column":4},"end":{"line":109,"column":5}},"56":{"start":{"line":106,"column":6},"end":{"line":106,"column":96}},"57":{"start":{"line":107,"column":6},"end":{"line":107,"column":74}},"58":{"start":{"line":107,"column":37},"end":{"line":107,"column":72}},"59":{"start":{"line":108,"column":6},"end":{"line":108,"column":69}},"60":{"start":{"line":112,"column":6},"end":{"line":112,"column":107}},"61":{"start":{"line":113,"column":4},"end":{"line":113,"column":105}},"62":{"start":{"line":115,"column":4},"end":{"line":123,"column":5}},"63":{"start":{"line":116,"column":6},"end":{"line":118,"column":9}},"64":{"start":{"line":119,"column":32},"end":{"line":119,"column":60}},"65":{"start":{"line":120,"column":6},"end":{"line":122,"column":7}},"66":{"start":{"line":121,"column":8},"end":{"line":121,"column":20}},"67":{"start":{"line":125,"column":4},"end":{"line":127,"column":5}},"68":{"start":{"line":126,"column":6},"end":{"line":126,"column":19}},"69":{"start":{"line":129,"column":4},"end":{"line":129,"column":20}},"70":{"start":{"line":80,"column":13},"end":{"line":80,"column":25}},"71":{"start":{"line":133,"column":28},"end":{"line":140,"column":1}},"72":{"start":{"line":134,"column":2},"end":{"line":134,"column":30}},"73":{"start":{"line":135,"column":2},"end":{"line":138,"column":3}},"74":{"start":{"line":136,"column":4},"end":{"line":136,"column":37}},"75":{"start":{"line":137,"column":4},"end":{"line":137,"column":31}},"76":{"start":{"line":139,"column":2},"end":{"line":139,"column":34}},"77":{"start":{"line":133,"column":13},"end":{"line":133,"column":28}}},"fnMap":{"0":{"name":"(anonymous_10)","decl":{"start":{"line":18,"column":23},"end":{"line":18,"column":24}},"loc":{"start":{"line":18,"column":48},"end":{"line":18,"column":88}}},"1":{"name":"(anonymous_11)","decl":{"start":{"line":20,"column":20},"end":{"line":20,"column":31}},"loc":{"start":{"line":21,"column":2},"end":{"line":21,"column":104}}},"2":{"name":"(anonymous_12)","decl":{"start":{"line":23,"column":30},"end":{"line":23,"column":31}},"loc":{"start":{"line":23,"column":55},"end":{"line":31,"column":1}}},"3":{"name":"(anonymous_13)","decl":{"start":{"line":41,"column":29},"end":{"line":41,"column":34}},"loc":{"start":{"line":41,"column":58},"end":{"line":78,"column":1}}},"4":{"name":"(anonymous_14)","decl":{"start":{"line":50,"column":34},"end":{"line":50,"column":39}},"loc":{"start":{"line":50,"column":45},"end":{"line":75,"column":3}}},"5":{"name":"(anonymous_15)","decl":{"start":{"line":52,"column":36},"end":{"line":52,"column":49}},"loc":{"start":{"line":52,"column":36},"end":{"line":52,"column":73}}},"6":{"name":"(anonymous_16)","decl":{"start":{"line":80,"column":25},"end":{"line":80,"column":30}},"loc":{"start":{"line":80,"column":84},"end":{"line":131,"column":1}}},"7":{"name":"(anonymous_17)","decl":{"start":{"line":85,"column":28},"end":{"line":85,"column":31}},"loc":{"start":{"line":85,"column":33},"end":{"line":91,"column":3}}},"8":{"name":"(anonymous_18)","decl":{"start":{"line":107,"column":24},"end":{"line":107,"column":25}},"loc":{"start":{"line":107,"column":37},"end":{"line":107,"column":72}}},"9":{"name":"(anonymous_19)","decl":{"start":{"line":133,"column":28},"end":{"line":133,"column":33}},"loc":{"start":{"line":133,"column":54},"end":{"line":140,"column":1}}}},"branchMap":{"0":{"loc":{"start":{"line":11,"column":2},"end":{"line":11,"column":92}},"type":"binary-expr","locations":[{"start":{"line":11,"column":2},"end":{"line":11,"column":39}},{"start":{"line":11,"column":43},"end":{"line":11,"column":92}}]},"1":{"loc":{"start":{"line":21,"column":2},"end":{"line":21,"column":104}},"type":"binary-expr","locations":[{"start":{"line":21,"column":2},"end":{"line":21,"column":25}},{"start":{"line":21,"column":29},"end":{"line":21,"column":52}},{"start":{"line":21,"column":56},"end":{"line":21,"column":77}},{"start":{"line":21,"column":81},"end":{"line":21,"column":104}}]},"2":{"loc":{"start":{"line":27,"column":11},"end":{"line":27,"column":91}},"type":"binary-expr","locations":[{"start":{"line":27,"column":11},"end":{"line":27,"column":41}},{"start":{"line":27,"column":46},"end":{"line":27,"column":66}},{"start":{"line":27,"column":70},"end":{"line":27,"column":90}}]},"3":{"loc":{"start":{"line":42,"column":2},"end":{"line":44,"column":3}},"type":"if","locations":[{"start":{"line":42,"column":2},"end":{"line":44,"column":3}},{"start":{},"end":{}}]},"4":{"loc":{"start":{"line":46,"column":2},"end":{"line":48,"column":3}},"type":"if","locations":[{"start":{"line":46,"column":2},"end":{"line":48,"column":3}},{"start":{},"end":{}}]},"5":{"loc":{"start":{"line":58,"column":6},"end":{"line":60,"column":7}},"type":"if","locations":[{"start":{"line":58,"column":6},"end":{"line":60,"column":7}},{"start":{},"end":{}}]},"6":{"loc":{"start":{"line":80,"column":32},"end":{"line":80,"column":62}},"type":"default-arg","locations":[{"start":{"line":80,"column":60},"end":{"line":80,"column":62}}]},"7":{"loc":{"start":{"line":81,"column":10},"end":{"line":81,"column":24}},"type":"default-arg","locations":[{"start":{"line":81,"column":23},"end":{"line":81,"column":24}}]},"8":{"loc":{"start":{"line":81,"column":26},"end":{"line":81,"column":46}},"type":"default-arg","locations":[{"start":{"line":81,"column":41},"end":{"line":81,"column":46}}]},"9":{"loc":{"start":{"line":97,"column":10},"end":{"line":97,"column":47}},"type":"cond-expr","locations":[{"start":{"line":97,"column":29},"end":{"line":97,"column":42}},{"start":{"line":97,"column":45},"end":{"line":97,"column":47}}]},"10":{"loc":{"start":{"line":105,"column":4},"end":{"line":109,"column":5}},"type":"if","locations":[{"start":{"line":105,"column":4},"end":{"line":109,"column":5}},{"start":{},"end":{}}]},"11":{"loc":{"start":{"line":115,"column":4},"end":{"line":123,"column":5}},"type":"if","locations":[{"start":{"line":115,"column":4},"end":{"line":123,"column":5}},{"start":{},"end":{}}]},"12":{"loc":{"start":{"line":115,"column":8},"end":{"line":115,"column":62}},"type":"binary-expr","locations":[{"start":{"line":115,"column":8},"end":{"line":115,"column":40}},{"start":{"line":115,"column":44},"end":{"line":115,"column":62}}]},"13":{"loc":{"start":{"line":120,"column":6},"end":{"line":122,"column":7}},"type":"if","locations":[{"start":{"line":120,"column":6},"end":{"line":122,"column":7}},{"start":{},"end":{}}]},"14":{"loc":{"start":{"line":125,"column":4},"end":{"line":127,"column":5}},"type":"if","locations":[{"start":{"line":125,"column":4},"end":{"line":127,"column":5}},{"start":{},"end":{}}]},"15":{"loc":{"start":{"line":135,"column":2},"end":{"line":138,"column":3}},"type":"if","locations":[{"start":{"line":135,"column":2},"end":{"line":138,"column":3}},{"start":{},"end":{}}]}},"s":{"0":10,"1":10,"2":10,"3":10,"4":10,"5":10,"6":10,"7":10,"8":10,"9":0,"10":10,"11":0,"12":10,"13":0,"14":0,"15":0,"16":0,"17":0,"18":10,"19":10,"20":10,"21":0,"22":0,"23":0,"24":0,"25":0,"26":0,"27":0,"28":0,"29":0,"30":0,"31":0,"32":0,"33":0,"34":0,"35":0,"36":0,"37":0,"38":0,"39":0,"40":10,"41":0,"42":0,"43":0,"44":0,"45":0,"46":0,"47":0,"48":0,"49":0,"50":0,"51":0,"52":0,"53":0,"54":0,"55":0,"56":0,"57":0,"58":0,"59":0,"60":0,"61":0,"62":0,"63":0,"64":0,"65":0,"66":0,"67":0,"68":0,"69":0,"70":10,"71":10,"72":0,"73":0,"74":0,"75":0,"76":0,"77":10},"f":{"0":0,"1":0,"2":0,"3":0,"4":0,"5":0,"6":0,"7":0,"8":0,"9":0},"b":{"0":[10,10],"1":[0,0,0,0],"2":[0,0,0],"3":[0,0],"4":[0,0],"5":[0,0],"6":[0],"7":[0],"8":[0],"9":[0,0],"10":[0,0],"11":[0,0],"12":[0,0],"13":[0,0],"14":[0,0],"15":[0,0]}}
,"/home/runner/work/Internship/Internship/backend/src/config/security-headers.ts": {"path":"/home/runner/work/Internship/Internship/backend/src/config/security-headers.ts","statementMap":{"0":{"start":{"line":7,"column":32},"end":{"line":24,"column":1}},"1":{"start":{"line":8,"column":17},"end":{"line":8,"column":54}},"2":{"start":{"line":10,"column":2},"end":{"line":23,"column":4}},"3":{"start":{"line":7,"column":13},"end":{"line":7,"column":32}}},"fnMap":{"0":{"name":"(anonymous_0)","decl":{"start":{"line":7,"column":32},"end":{"line":7,"column":50}},"loc":{"start":{"line":7,"column":52},"end":{"line":24,"column":1}}}},"branchMap":{"0":{"loc":{"start":{"line":16,"column":10},"end":{"line":22,"column":13}},"type":"cond-expr","locations":[{"start":{"line":17,"column":8},"end":{"line":21,"column":null}},{"start":{"line":22,"column":8},"end":{"line":22,"column":13}}]}},"s":{"0":10,"1":22,"2":22,"3":10},"f":{"0":22},"b":{"0":[2,20]}}
,"/home/runner/work/Internship/Internship/backend/src/controllers/assignment.controller.ts": {"path":"/home/runner/work/Internship/Internship/backend/src/controllers/assignment.controller.ts","statementMap":{"0":{"start":{"line":2,"column":0},"end":{"line":2,"column":32}},"1":{"start":{"line":3,"column":0},"end":{"line":3,"column":56}},"2":{"start":{"line":4,"column":0},"end":{"line":4,"column":48}},"3":{"start":{"line":5,"column":0},"end":{"line":5,"column":56}},"4":{"start":{"line":6,"column":0},"end":{"line":6,"column":60}},"5":{"start":{"line":7,"column":0},"end":{"line":7,"column":56}},"6":{"start":{"line":8,"column":0},"end":{"line":8,"column":47}},"7":{"start":{"line":9,"column":0},"end":{"line":9,"column":54}},"8":{"start":{"line":10,"column":0},"end":{"line":10,"column":51}},"9":{"start":{"line":12,"column":13},"end":{"line":34,"column":3}},"10":{"start":{"line":13,"column":19},"end":{"line":13,"column":50}},"11":{"start":{"line":14,"column":17},"end":{"line":14,"column":69}},"12":{"start":{"line":15,"column":2},"end":{"line":17,"column":3}},"13":{"start":{"line":16,"column":4},"end":{"line":16,"column":48}},"14":{"start":{"line":19,"column":2},"end":{"line":30,"column":3}},"15":{"start":{"line":20,"column":23},"end":{"line":20,"column":84}},"16":{"start":{"line":21,"column":4},"end":{"line":23,"column":5}},"17":{"start":{"line":22,"column":6},"end":{"line":22,"column":77}},"18":{"start":{"line":24,"column":9},"end":{"line":30,"column":3}},"19":{"start":{"line":25,"column":4},"end":{"line":27,"column":5}},"20":{"start":{"line":26,"column":6},"end":{"line":26,"column":48}},"21":{"start":{"line":28,"column":9},"end":{"line":30,"column":3}},"22":{"start":{"line":29,"column":4},"end":{"line":29,"column":46}},"23":{"start":{"line":32,"column":22},"end":{"line":32,"column":81}},"24":{"start":{"line":33,"column":2},"end":{"line":33,"column":31}},"25":{"start":{"line":36,"column":13},"end":{"line":63,"column":3}},"26":{"start":{"line":37,"column":19},"end":{"line":37,"column":50}},"27":{"start":{"line":38,"column":17},"end":{"line":38,"column":48}},"28":{"start":{"line":39,"column":2},"end":{"line":41,"column":3}},"29":{"start":{"line":40,"column":4},"end":{"line":40,"column":48}},"30":{"start":{"line":43,"column":2},"end":{"line":45,"column":3}},"31":{"start":{"line":44,"column":4},"end":{"line":44,"column":57}},"32":{"start":{"line":47,"column":2},"end":{"line":49,"column":3}},"33":{"start":{"line":48,"column":4},"end":{"line":48,"column":46}},"34":{"start":{"line":51,"column":21},"end":{"line":59,"column":4}},"35":{"start":{"line":61,"column":2},"end":{"line":61,"column":26}},"36":{"start":{"line":62,"column":2},"end":{"line":62,"column":42}},"37":{"start":{"line":65,"column":13},"end":{"line":129,"column":3}},"38":{"start":{"line":66,"column":23},"end":{"line":66,"column":58}},"39":{"start":{"line":67,"column":21},"end":{"line":67,"column":60}},"40":{"start":{"line":68,"column":2},"end":{"line":70,"column":3}},"41":{"start":{"line":69,"column":4},"end":{"line":69,"column":52}},"42":{"start":{"line":72,"column":2},"end":{"line":74,"column":3}},"43":{"start":{"line":73,"column":4},"end":{"line":73,"column":62}},"44":{"start":{"line":76,"column":21},"end":{"line":79,"column":4}},"45":{"start":{"line":81,"column":2},"end":{"line":83,"column":3}},"46":{"start":{"line":82,"column":4},"end":{"line":82,"column":77}},"47":{"start":{"line":85,"column":18},"end":{"line":85,"column":85}},"48":{"start":{"line":86,"column":2},"end":{"line":88,"column":3}},"49":{"start":{"line":87,"column":4},"end":{"line":87,"column":51}},"50":{"start":{"line":90,"column":19},"end":{"line":93,"column":4}},"51":{"start":{"line":95,"column":2},"end":{"line":114,"column":3}},"52":{"start":{"line":96,"column":4},"end":{"line":98,"column":5}},"53":{"start":{"line":97,"column":6},"end":{"line":97,"column":67}},"54":{"start":{"line":100,"column":4},"end":{"line":100,"column":33}},"55":{"start":{"line":101,"column":4},"end":{"line":101,"column":40}},"56":{"start":{"line":102,"column":4},"end":{"line":102,"column":38}},"57":{"start":{"line":103,"column":4},"end":{"line":103,"column":28}},"58":{"start":{"line":105,"column":4},"end":{"line":112,"column":7}},"59":{"start":{"line":113,"column":4},"end":{"line":113,"column":28}},"60":{"start":{"line":116,"column":26},"end":{"line":116,"column":95}},"61":{"start":{"line":117,"column":2},"end":{"line":126,"column":3}},"62":{"start":{"line":118,"column":4},"end":{"line":125,"column":7}},"63":{"start":{"line":128,"column":2},"end":{"line":128,"column":42}},"64":{"start":{"line":131,"column":13},"end":{"line":142,"column":3}},"65":{"start":{"line":132,"column":19},"end":{"line":132,"column":50}},"66":{"start":{"line":133,"column":22},"end":{"line":133,"column":71}},"67":{"start":{"line":134,"column":24},"end":{"line":134,"column":71}},"68":{"start":{"line":134,"column":56},"end":{"line":134,"column":70}},"69":{"start":{"line":136,"column":22},"end":{"line":139,"column":30}},"70":{"start":{"line":141,"column":2},"end":{"line":141,"column":31}},"71":{"start":{"line":144,"column":13},"end":{"line":204,"column":3}},"72":{"start":{"line":145,"column":19},"end":{"line":145,"column":50}},"73":{"start":{"line":147,"column":17},"end":{"line":147,"column":48}},"74":{"start":{"line":148,"column":2},"end":{"line":150,"column":3}},"75":{"start":{"line":149,"column":4},"end":{"line":149,"column":48}},"76":{"start":{"line":152,"column":2},"end":{"line":154,"column":3}},"77":{"start":{"line":153,"column":4},"end":{"line":153,"column":57}},"78":{"start":{"line":156,"column":2},"end":{"line":158,"column":3}},"79":{"start":{"line":157,"column":4},"end":{"line":157,"column":46}},"80":{"start":{"line":160,"column":22},"end":{"line":160,"column":77}},"81":{"start":{"line":161,"column":24},"end":{"line":161,"column":71}},"82":{"start":{"line":161,"column":56},"end":{"line":161,"column":70}},"83":{"start":{"line":163,"column":41},"end":{"line":166,"column":4}},"84":{"start":{"line":168,"column":27},"end":{"line":168,"column":45}},"85":{"start":{"line":169,"column":27},"end":{"line":169,"column":45}},"86":{"start":{"line":170,"column":28},"end":{"line":170,"column":100}},"87":{"start":{"line":170,"column":63},"end":{"line":170,"column":99}},"88":{"start":{"line":171,"column":23},"end":{"line":178,"column":7}},"89":{"start":{"line":174,"column":54},"end":{"line":174,"column":89}},"90":{"start":{"line":180,"column":25},"end":{"line":182,"column":7}},"91":{"start":{"line":184,"column":34},"end":{"line":194,"column":4}},"92":{"start":{"line":185,"column":18},"end":{"line":187,"column":12}},"93":{"start":{"line":186,"column":22},"end":{"line":186,"column":86}},"94":{"start":{"line":189,"column":4},"end":{"line":193,"column":6}},"95":{"start":{"line":196,"column":2},"end":{"line":203,"column":5}},"96":{"start":{"line":206,"column":13},"end":{"line":231,"column":3}},"97":{"start":{"line":207,"column":23},"end":{"line":207,"column":58}},"98":{"start":{"line":208,"column":21},"end":{"line":208,"column":60}},"99":{"start":{"line":209,"column":2},"end":{"line":211,"column":3}},"100":{"start":{"line":210,"column":4},"end":{"line":210,"column":52}},"101":{"start":{"line":213,"column":17},"end":{"line":213,"column":59}},"102":{"start":{"line":214,"column":2},"end":{"line":216,"column":3}},"103":{"start":{"line":215,"column":4},"end":{"line":215,"column":48}},"104":{"start":{"line":218,"column":2},"end":{"line":220,"column":3}},"105":{"start":{"line":219,"column":4},"end":{"line":219,"column":57}},"106":{"start":{"line":222,"column":2},"end":{"line":224,"column":3}},"107":{"start":{"line":223,"column":4},"end":{"line":223,"column":46}},"108":{"start":{"line":226,"column":22},"end":{"line":228,"column":30}},"109":{"start":{"line":230,"column":2},"end":{"line":230,"column":31}},"110":{"start":{"line":233,"column":13},"end":{"line":294,"column":3}},"111":{"start":{"line":234,"column":23},"end":{"line":234,"column":58}},"112":{"start":{"line":235,"column":23},"end":{"line":235,"column":58}},"113":{"start":{"line":236,"column":21},"end":{"line":236,"column":60}},"114":{"start":{"line":237,"column":2},"end":{"line":239,"column":3}},"115":{"start":{"line":238,"column":4},"end":{"line":238,"column":52}},"116":{"start":{"line":241,"column":17},"end":{"line":241,"column":59}},"117":{"start":{"line":242,"column":2},"end":{"line":244,"column":3}},"118":{"start":{"line":243,"column":4},"end":{"line":243,"column":48}},"119":{"start":{"line":246,"column":2},"end":{"line":248,"column":3}},"120":{"start":{"line":247,"column":4},"end":{"line":247,"column":57}},"121":{"start":{"line":250,"column":2},"end":{"line":252,"column":3}},"122":{"start":{"line":251,"column":4},"end":{"line":251,"column":46}},"123":{"start":{"line":254,"column":21},"end":{"line":257,"column":51}},"124":{"start":{"line":259,"column":2},"end":{"line":261,"column":3}},"125":{"start":{"line":260,"column":4},"end":{"line":260,"column":52}},"126":{"start":{"line":263,"column":2},"end":{"line":263,"column":44}},"127":{"start":{"line":264,"column":2},"end":{"line":264,"column":36}},"128":{"start":{"line":265,"column":2},"end":{"line":265,"column":26}},"129":{"start":{"line":267,"column":30},"end":{"line":267,"column":58}},"130":{"start":{"line":269,"column":4},"end":{"line":271,"column":55}},"131":{"start":{"line":273,"column":2},"end":{"line":291,"column":3}},"132":{"start":{"line":274,"column":29},"end":{"line":276,"column":12}},"133":{"start":{"line":278,"column":4},"end":{"line":280,"column":5}},"134":{"start":{"line":279,"column":6},"end":{"line":279,"column":34}},"135":{"start":{"line":282,"column":28},"end":{"line":282,"column":65}},"136":{"start":{"line":283,"column":4},"end":{"line":290,"column":7}},"137":{"start":{"line":293,"column":2},"end":{"line":293,"column":30}}},"fnMap":{"0":{"name":"(anonymous_1)","decl":{"start":{"line":12,"column":51},"end":{"line":12,"column":56}},"loc":{"start":{"line":12,"column":89},"end":{"line":34,"column":1}}},"1":{"name":"(anonymous_2)","decl":{"start":{"line":36,"column":45},"end":{"line":36,"column":50}},"loc":{"start":{"line":36,"column":83},"end":{"line":63,"column":1}}},"2":{"name":"(anonymous_3)","decl":{"start":{"line":65,"column":45},"end":{"line":65,"column":50}},"loc":{"start":{"line":65,"column":83},"end":{"line":129,"column":1}}},"3":{"name":"(anonymous_4)","decl":{"start":{"line":131,"column":53},"end":{"line":131,"column":58}},"loc":{"start":{"line":131,"column":91},"end":{"line":142,"column":1}}},"4":{"name":"(anonymous_5)","decl":{"start":{"line":134,"column":40},"end":{"line":134,"column":41}},"loc":{"start":{"line":134,"column":56},"end":{"line":134,"column":70}}},"5":{"name":"(anonymous_6)","decl":{"start":{"line":144,"column":59},"end":{"line":144,"column":64}},"loc":{"start":{"line":144,"column":97},"end":{"line":204,"column":1}}},"6":{"name":"(anonymous_7)","decl":{"start":{"line":161,"column":40},"end":{"line":161,"column":41}},"loc":{"start":{"line":161,"column":56},"end":{"line":161,"column":70}}},"7":{"name":"(anonymous_8)","decl":{"start":{"line":170,"column":47},"end":{"line":170,"column":48}},"loc":{"start":{"line":170,"column":63},"end":{"line":170,"column":99}}},"8":{"name":"(anonymous_9)","decl":{"start":{"line":174,"column":33},"end":{"line":174,"column":34}},"loc":{"start":{"line":174,"column":54},"end":{"line":174,"column":89}}},"9":{"name":"(anonymous_10)","decl":{"start":{"line":184,"column":50},"end":{"line":184,"column":51}},"loc":{"start":{"line":184,"column":65},"end":{"line":194,"column":3}}},"10":{"name":"(anonymous_11)","decl":{"start":{"line":186,"column":6},"end":{"line":186,"column":7}},"loc":{"start":{"line":186,"column":22},"end":{"line":186,"column":86}}},"11":{"name":"(anonymous_12)","decl":{"start":{"line":206,"column":53},"end":{"line":206,"column":58}},"loc":{"start":{"line":206,"column":91},"end":{"line":231,"column":1}}},"12":{"name":"(anonymous_13)","decl":{"start":{"line":233,"column":54},"end":{"line":233,"column":59}},"loc":{"start":{"line":233,"column":92},"end":{"line":294,"column":1}}}},"branchMap":{"0":{"loc":{"start":{"line":15,"column":2},"end":{"line":17,"column":3}},"type":"if","locations":[{"start":{"line":15,"column":2},"end":{"line":17,"column":3}},{"start":{},"end":{}}]},"1":{"loc":{"start":{"line":19,"column":2},"end":{"line":30,"column":3}},"type":"if","locations":[{"start":{"line":19,"column":2},"end":{"line":30,"column":3}},{"start":{"line":24,"column":9},"end":{"line":30,"column":3}}]},"2":{"loc":{"start":{"line":21,"column":4},"end":{"line":23,"column":5}},"type":"if","locations":[{"start":{"line":21,"column":4},"end":{"line":23,"column":5}},{"start":{},"end":{}}]},"3":{"loc":{"start":{"line":24,"column":9},"end":{"line":30,"column":3}},"type":"if","locations":[{"start":{"line":24,"column":9},"end":{"line":30,"column":3}},{"start":{"line":28,"column":9},"end":{"line":30,"column":3}}]},"4":{"loc":{"start":{"line":25,"column":4},"end":{"line":27,"column":5}},"type":"if","locations":[{"start":{"line":25,"column":4},"end":{"line":27,"column":5}},{"start":{},"end":{}}]},"5":{"loc":{"start":{"line":25,"column":8},"end":{"line":25,"column":87}},"type":"binary-expr","locations":[{"start":{"line":25,"column":8},"end":{"line":25,"column":26}},{"start":{"line":25,"column":30},"end":{"line":25,"column":87}}]},"6":{"loc":{"start":{"line":28,"column":9},"end":{"line":30,"column":3}},"type":"if","locations":[{"start":{"line":28,"column":9},"end":{"line":30,"column":3}},{"start":{},"end":{}}]},"7":{"loc":{"start":{"line":39,"column":2},"end":{"line":41,"column":3}},"type":"if","locations":[{"start":{"line":39,"column":2},"end":{"line":41,"column":3}},{"start":{},"end":{}}]},"8":{"loc":{"start":{"line":43,"column":2},"end":{"line":45,"column":3}},"type":"if","locations":[{"start":{"line":43,"column":2},"end":{"line":45,"column":3}},{"start":{},"end":{}}]},"9":{"loc":{"start":{"line":47,"column":2},"end":{"line":49,"column":3}},"type":"if","locations":[{"start":{"line":47,"column":2},"end":{"line":49,"column":3}},{"start":{},"end":{}}]},"10":{"loc":{"start":{"line":47,"column":6},"end":{"line":47,"column":93}},"type":"binary-expr","locations":[{"start":{"line":47,"column":6},"end":{"line":47,"column":32}},{"start":{"line":47,"column":36},"end":{"line":47,"column":93}}]},"11":{"loc":{"start":{"line":68,"column":2},"end":{"line":70,"column":3}},"type":"if","locations":[{"start":{"line":68,"column":2},"end":{"line":70,"column":3}},{"start":{},"end":{}}]},"12":{"loc":{"start":{"line":72,"column":2},"end":{"line":74,"column":3}},"type":"if","locations":[{"start":{"line":72,"column":2},"end":{"line":74,"column":3}},{"start":{},"end":{}}]},"13":{"loc":{"start":{"line":72,"column":6},"end":{"line":72,"column":79}},"type":"binary-expr","locations":[{"start":{"line":72,"column":6},"end":{"line":72,"column":24}},{"start":{"line":72,"column":28},"end":{"line":72,"column":79}}]},"14":{"loc":{"start":{"line":81,"column":2},"end":{"line":83,"column":3}},"type":"if","locations":[{"start":{"line":81,"column":2},"end":{"line":83,"column":3}},{"start":{},"end":{}}]},"15":{"loc":{"start":{"line":85,"column":18},"end":{"line":85,"column":85}},"type":"cond-expr","locations":[{"start":{"line":85,"column":57},"end":{"line":85,"column":80}},{"start":{"line":85,"column":83},"end":{"line":85,"column":85}}]},"16":{"loc":{"start":{"line":86,"column":2},"end":{"line":88,"column":3}},"type":"if","locations":[{"start":{"line":86,"column":2},"end":{"line":88,"column":3}},{"start":{},"end":{}}]},"17":{"loc":{"start":{"line":95,"column":2},"end":{"line":114,"column":3}},"type":"if","locations":[{"start":{"line":95,"column":2},"end":{"line":114,"column":3}},{"start":{"line":104,"column":9},"end":{"line":114,"column":3}}]},"18":{"loc":{"start":{"line":96,"column":4},"end":{"line":98,"column":5}},"type":"if","locations":[{"start":{"line":96,"column":4},"end":{"line":98,"column":5}},{"start":{},"end":{}}]},"19":{"loc":{"start":{"line":117,"column":2},"end":{"line":126,"column":3}},"type":"if","locations":[{"start":{"line":117,"column":2},"end":{"line":126,"column":3}},{"start":{},"end":{}}]},"20":{"loc":{"start":{"line":117,"column":6},"end":{"line":117,"column":103}},"type":"binary-expr","locations":[{"start":{"line":117,"column":6},"end":{"line":117,"column":33}},{"start":{"line":117,"column":37},"end":{"line":117,"column":103}}]},"21":{"loc":{"start":{"line":122,"column":47},"end":{"line":122,"column":84}},"type":"binary-expr","locations":[{"start":{"line":122,"column":47},"end":{"line":122,"column":63}},{"start":{"line":122,"column":67},"end":{"line":122,"column":84}}]},"22":{"loc":{"start":{"line":122,"column":91},"end":{"line":122,"column":129}},"type":"binary-expr","locations":[{"start":{"line":122,"column":91},"end":{"line":122,"column":112}},{"start":{"line":122,"column":116},"end":{"line":122,"column":129}}]},"23":{"loc":{"start":{"line":148,"column":2},"end":{"line":150,"column":3}},"type":"if","locations":[{"start":{"line":148,"column":2},"end":{"line":150,"column":3}},{"start":{},"end":{}}]},"24":{"loc":{"start":{"line":152,"column":2},"end":{"line":154,"column":3}},"type":"if","locations":[{"start":{"line":152,"column":2},"end":{"line":154,"column":3}},{"start":{},"end":{}}]},"25":{"loc":{"start":{"line":156,"column":2},"end":{"line":158,"column":3}},"type":"if","locations":[{"start":{"line":156,"column":2},"end":{"line":158,"column":3}},{"start":{},"end":{}}]},"26":{"loc":{"start":{"line":156,"column":6},"end":{"line":156,"column":93}},"type":"binary-expr","locations":[{"start":{"line":156,"column":6},"end":{"line":156,"column":32}},{"start":{"line":156,"column":36},"end":{"line":156,"column":93}}]},"27":{"loc":{"start":{"line":171,"column":23},"end":{"line":178,"column":7}},"type":"cond-expr","locations":[{"start":{"line":172,"column":6},"end":{"line":176,"column":null}},{"start":{"line":178,"column":6},"end":{"line":178,"column":7}}]},"28":{"loc":{"start":{"line":174,"column":67},"end":{"line":174,"column":88}},"type":"binary-expr","locations":[{"start":{"line":174,"column":67},"end":{"line":174,"column":83}},{"start":{"line":174,"column":87},"end":{"line":174,"column":88}}]},"29":{"loc":{"start":{"line":180,"column":25},"end":{"line":182,"column":7}},"type":"cond-expr","locations":[{"start":{"line":181,"column":6},"end":{"line":181,"column":90}},{"start":{"line":182,"column":6},"end":{"line":182,"column":7}}]},"30":{"loc":{"start":{"line":180,"column":25},"end":{"line":180,"column":68}},"type":"binary-expr","locations":[{"start":{"line":180,"column":25},"end":{"line":180,"column":44}},{"start":{"line":180,"column":48},"end":{"line":180,"column":68}}]},"31":{"loc":{"start":{"line":209,"column":2},"end":{"line":211,"column":3}},"type":"if","locations":[{"start":{"line":209,"column":2},"end":{"line":211,"column":3}},{"start":{},"end":{}}]},"32":{"loc":{"start":{"line":214,"column":2},"end":{"line":216,"column":3}},"type":"if","locations":[{"start":{"line":214,"column":2},"end":{"line":216,"column":3}},{"start":{},"end":{}}]},"33":{"loc":{"start":{"line":218,"column":2},"end":{"line":220,"column":3}},"type":"if","locations":[{"start":{"line":218,"column":2},"end":{"line":220,"column":3}},{"start":{},"end":{}}]},"34":{"loc":{"start":{"line":222,"column":2},"end":{"line":224,"column":3}},"type":"if","locations":[{"start":{"line":222,"column":2},"end":{"line":224,"column":3}},{"start":{},"end":{}}]},"35":{"loc":{"start":{"line":222,"column":6},"end":{"line":222,"column":93}},"type":"binary-expr","locations":[{"start":{"line":222,"column":6},"end":{"line":222,"column":32}},{"start":{"line":222,"column":36},"end":{"line":222,"column":93}}]},"36":{"loc":{"start":{"line":237,"column":2},"end":{"line":239,"column":3}},"type":"if","locations":[{"start":{"line":237,"column":2},"end":{"line":239,"column":3}},{"start":{},"end":{}}]},"37":{"loc":{"start":{"line":242,"column":2},"end":{"line":244,"column":3}},"type":"if","locations":[{"start":{"line":242,"column":2},"end":{"line":244,"column":3}},{"start":{},"end":{}}]},"38":{"loc":{"start":{"line":246,"column":2},"end":{"line":248,"column":3}},"type":"if","locations":[{"start":{"line":246,"column":2},"end":{"line":248,"column":3}},{"start":{},"end":{}}]},"39":{"loc":{"start":{"line":250,"column":2},"end":{"line":252,"column":3}},"type":"if","locations":[{"start":{"line":250,"column":2},"end":{"line":252,"column":3}},{"start":{},"end":{}}]},"40":{"loc":{"start":{"line":250,"column":6},"end":{"line":250,"column":93}},"type":"binary-expr","locations":[{"start":{"line":250,"column":6},"end":{"line":250,"column":32}},{"start":{"line":250,"column":36},"end":{"line":250,"column":93}}]},"41":{"loc":{"start":{"line":259,"column":2},"end":{"line":261,"column":3}},"type":"if","locations":[{"start":{"line":259,"column":2},"end":{"line":261,"column":3}},{"start":{},"end":{}}]},"42":{"loc":{"start":{"line":269,"column":4},"end":{"line":271,"column":55}},"type":"cond-expr","locations":[{"start":{"line":270,"column":8},"end":{"line":270,"column":27}},{"start":{"line":271,"column":9},"end":{"line":271,"column":55}}]},"43":{"loc":{"start":{"line":273,"column":2},"end":{"line":291,"column":3}},"type":"if","locations":[{"start":{"line":273,"column":2},"end":{"line":291,"column":3}},{"start":{},"end":{}}]},"44":{"loc":{"start":{"line":274,"column":29},"end":{"line":276,"column":12}},"type":"cond-expr","locations":[{"start":{"line":275,"column":8},"end":{"line":275,"column":61}},{"start":{"line":276,"column":8},"end":{"line":276,"column":12}}]},"45":{"loc":{"start":{"line":278,"column":4},"end":{"line":280,"column":5}},"type":"if","locations":[{"start":{"line":278,"column":4},"end":{"line":280,"column":5}},{"start":{},"end":{}}]},"46":{"loc":{"start":{"line":282,"column":28},"end":{"line":282,"column":65}},"type":"binary-expr","locations":[{"start":{"line":282,"column":28},"end":{"line":282,"column":44}},{"start":{"line":282,"column":48},"end":{"line":282,"column":65}}]}},"s":{"0":11,"1":11,"2":11,"3":11,"4":11,"5":11,"6":11,"7":11,"8":11,"9":11,"10":0,"11":0,"12":0,"13":0,"14":0,"15":0,"16":0,"17":0,"18":0,"19":0,"20":0,"21":0,"22":0,"23":0,"24":0,"25":11,"26":0,"27":0,"28":0,"29":0,"30":0,"31":0,"32":0,"33":0,"34":0,"35":0,"36":0,"37":11,"38":3,"39":3,"40":3,"41":0,"42":3,"43":1,"44":2,"45":2,"46":0,"47":2,"48":2,"49":0,"50":2,"51":2,"52":2,"53":1,"54":1,"55":1,"56":1,"57":1,"58":0,"59":0,"60":1,"61":1,"62":1,"63":1,"64":11,"65":0,"66":0,"67":0,"68":0,"69":0,"70":0,"71":11,"72":1,"73":1,"74":1,"75":0,"76":1,"77":0,"78":1,"79":0,"80":1,"81":1,"82":2,"83":1,"84":1,"85":1,"86":1,"87":2,"88":1,"89":2,"90":1,"91":1,"92":2,"93":4,"94":2,"95":1,"96":11,"97":0,"98":0,"99":0,"100":0,"101":0,"102":0,"103":0,"104":0,"105":0,"106":0,"107":0,"108":0,"109":0,"110":11,"111":1,"112":1,"113":1,"114":1,"115":0,"116":1,"117":1,"118":0,"119":1,"120":0,"121":1,"122":0,"123":1,"124":1,"125":0,"126":1,"127":1,"128":1,"129":1,"130":1,"131":1,"132":1,"133":1,"134":0,"135":1,"136":1,"137":1},"f":{"0":0,"1":0,"2":3,"3":0,"4":0,"5":1,"6":2,"7":2,"8":2,"9":2,"10":4,"11":0,"12":1},"b":{"0":[0,0],"1":[0,0],"2":[0,0],"3":[0,0],"4":[0,0],"5":[0,0],"6":[0,0],"7":[0,0],"8":[0,0],"9":[0,0],"10":[0,0],"11":[0,3],"12":[1,2],"13":[3,3],"14":[0,2],"15":[2,0],"16":[0,2],"17":[2,0],"18":[1,1],"19":[1,0],"20":[1,1],"21":[1,0],"22":[1,0],"23":[0,1],"24":[0,1],"25":[0,1],"26":[1,1],"27":[1,0],"28":[2,0],"29":[1,0],"30":[1,1],"31":[0,0],"32":[0,0],"33":[0,0],"34":[0,0],"35":[0,0],"36":[0,1],"37":[0,1],"38":[0,1],"39":[0,1],"40":[1,1],"41":[0,1],"42":[0,1],"43":[1,0],"44":[1,0],"45":[0,1],"46":[1,0]}}
,"/home/runner/work/Internship/Internship/backend/src/controllers/auth.controller.ts": {"path":"/home/runner/work/Internship/Internship/backend/src/controllers/auth.controller.ts","statementMap":{"0":{"start":{"line":2,"column":0},"end":{"line":2,"column":55}},"1":{"start":{"line":3,"column":0},"end":{"line":3,"column":47}},"2":{"start":{"line":4,"column":0},"end":{"line":4,"column":54}},"3":{"start":{"line":5,"column":0},"end":{"line":5,"column":70}},"4":{"start":{"line":10,"column":21},"end":{"line":13,"column":1}},"5":{"start":{"line":11,"column":2},"end":{"line":11,"column":43}},"6":{"start":{"line":11,"column":27},"end":{"line":11,"column":43}},"7":{"start":{"line":12,"column":2},"end":{"line":12,"column":40}},"8":{"start":{"line":17,"column":22},"end":{"line":28,"column":1}},"9":{"start":{"line":18,"column":2},"end":{"line":20,"column":3}},"10":{"start":{"line":19,"column":4},"end":{"line":19,"column":20}},"11":{"start":{"line":22,"column":21},"end":{"line":22,"column":40}},"12":{"start":{"line":23,"column":2},"end":{"line":25,"column":3}},"13":{"start":{"line":24,"column":4},"end":{"line":24,"column":22}},"14":{"start":{"line":27,"column":2},"end":{"line":27,"column":18}},"15":{"start":{"line":30,"column":29},"end":{"line":53,"column":1}},"16":{"start":{"line":31,"column":23},"end":{"line":31,"column":60}},"17":{"start":{"line":32,"column":25},"end":{"line":32,"column":75}},"18":{"start":{"line":33,"column":23},"end":{"line":35,"column":59}},"19":{"start":{"line":37,"column":2},"end":{"line":52,"column":4}},"20":{"start":{"line":55,"column":23},"end":{"line":59,"column":1}},"21":{"start":{"line":56,"column":24},"end":{"line":56,"column":46}},"22":{"start":{"line":57,"column":2},"end":{"line":57,"column":63}},"23":{"start":{"line":58,"column":2},"end":{"line":58,"column":66}},"24":{"start":{"line":61,"column":25},"end":{"line":65,"column":1}},"25":{"start":{"line":62,"column":24},"end":{"line":62,"column":46}},"26":{"start":{"line":63,"column":2},"end":{"line":63,"column":81}},"27":{"start":{"line":64,"column":2},"end":{"line":64,"column":83}},"28":{"start":{"line":67,"column":21},"end":{"line":81,"column":1}},"29":{"start":{"line":68,"column":2},"end":{"line":70,"column":3}},"30":{"start":{"line":69,"column":4},"end":{"line":69,"column":16}},"31":{"start":{"line":72,"column":21},"end":{"line":72,"column":88}},"32":{"start":{"line":73,"column":2},"end":{"line":73,"column":29}},"33":{"start":{"line":74,"column":2},"end":{"line":74,"column":38}},"34":{"start":{"line":75,"column":2},"end":{"line":75,"column":44}},"35":{"start":{"line":76,"column":2},"end":{"line":76,"column":39}},"36":{"start":{"line":77,"column":2},"end":{"line":77,"column":45}},"37":{"start":{"line":78,"column":2},"end":{"line":78,"column":24}},"38":{"start":{"line":80,"column":2},"end":{"line":80,"column":20}},"39":{"start":{"line":83,"column":13},"end":{"line":88,"column":3}},"40":{"start":{"line":84,"column":2},"end":{"line":84,"column":43}},"41":{"start":{"line":85,"column":2},"end":{"line":87,"column":5}},"42":{"start":{"line":90,"column":13},"end":{"line":99,"column":3}},"43":{"start":{"line":91,"column":2},"end":{"line":98,"column":3}},"44":{"start":{"line":92,"column":32},"end":{"line":92,"column":40}},"45":{"start":{"line":93,"column":29},"end":{"line":93,"column":73}},"46":{"start":{"line":94,"column":4},"end":{"line":94,"column":65}},"47":{"start":{"line":95,"column":4},"end":{"line":95,"column":79}},"48":{"start":{"line":97,"column":4},"end":{"line":97,"column":94}},"49":{"start":{"line":101,"column":13},"end":{"line":128,"column":3}},"50":{"start":{"line":102,"column":33},"end":{"line":102,"column":58}},"51":{"start":{"line":103,"column":26},"end":{"line":103,"column":53}},"52":{"start":{"line":104,"column":26},"end":{"line":104,"column":48}},"53":{"start":{"line":106,"column":4},"end":{"line":109,"column":42}},"54":{"start":{"line":111,"column":23},"end":{"line":111,"column":45}},"55":{"start":{"line":113,"column":2},"end":{"line":115,"column":3}},"56":{"start":{"line":114,"column":4},"end":{"line":114,"column":56}},"57":{"start":{"line":117,"column":2},"end":{"line":119,"column":3}},"58":{"start":{"line":118,"column":4},"end":{"line":118,"column":79}},"59":{"start":{"line":121,"column":2},"end":{"line":127,"column":3}},"60":{"start":{"line":122,"column":22},"end":{"line":122,"column":72}},"61":{"start":{"line":123,"column":4},"end":{"line":123,"column":71}},"62":{"start":{"line":124,"column":4},"end":{"line":124,"column":52}},"63":{"start":{"line":126,"column":4},"end":{"line":126,"column":94}},"64":{"start":{"line":130,"column":13},"end":{"line":145,"column":3}},"65":{"start":{"line":131,"column":22},"end":{"line":131,"column":38}},"66":{"start":{"line":132,"column":21},"end":{"line":132,"column":58}},"67":{"start":{"line":133,"column":16},"end":{"line":133,"column":41}},"68":{"start":{"line":135,"column":2},"end":{"line":137,"column":3}},"69":{"start":{"line":136,"column":4},"end":{"line":136,"column":58}},"70":{"start":{"line":139,"column":2},"end":{"line":144,"column":3}},"71":{"start":{"line":140,"column":17},"end":{"line":140,"column":53}},"72":{"start":{"line":141,"column":4},"end":{"line":141,"column":82}},"73":{"start":{"line":143,"column":4},"end":{"line":143,"column":92}},"74":{"start":{"line":147,"column":13},"end":{"line":159,"column":3}},"75":{"start":{"line":148,"column":20},"end":{"line":148,"column":28}},"76":{"start":{"line":149,"column":2},"end":{"line":151,"column":3}},"77":{"start":{"line":150,"column":4},"end":{"line":150,"column":49}},"78":{"start":{"line":153,"column":2},"end":{"line":158,"column":3}},"79":{"start":{"line":154,"column":4},"end":{"line":154,"column":53}},"80":{"start":{"line":155,"column":4},"end":{"line":155,"column":102}},"81":{"start":{"line":157,"column":4},"end":{"line":157,"column":108}},"82":{"start":{"line":161,"column":13},"end":{"line":163,"column":3}},"83":{"start":{"line":162,"column":2},"end":{"line":162,"column":42}},"84":{"start":{"line":165,"column":13},"end":{"line":173,"column":3}},"85":{"start":{"line":166,"column":2},"end":{"line":168,"column":3}},"86":{"start":{"line":167,"column":4},"end":{"line":167,"column":44}},"87":{"start":{"line":170,"column":2},"end":{"line":170,"column":53}},"88":{"start":{"line":171,"column":2},"end":{"line":171,"column":24}},"89":{"start":{"line":172,"column":2},"end":{"line":172,"column":58}},"90":{"start":{"line":175,"column":13},"end":{"line":187,"column":3}},"91":{"start":{"line":176,"column":20},"end":{"line":176,"column":28}},"92":{"start":{"line":177,"column":2},"end":{"line":179,"column":3}},"93":{"start":{"line":178,"column":4},"end":{"line":178,"column":49}},"94":{"start":{"line":181,"column":2},"end":{"line":186,"column":3}},"95":{"start":{"line":182,"column":4},"end":{"line":182,"column":50}},"96":{"start":{"line":183,"column":4},"end":{"line":183,"column":94}},"97":{"start":{"line":185,"column":4},"end":{"line":185,"column":102}},"98":{"start":{"line":189,"column":13},"end":{"line":205,"column":3}},"99":{"start":{"line":190,"column":30},"end":{"line":190,"column":38}},"100":{"start":{"line":191,"column":2},"end":{"line":193,"column":3}},"101":{"start":{"line":192,"column":4},"end":{"line":192,"column":55}},"102":{"start":{"line":195,"column":2},"end":{"line":197,"column":3}},"103":{"start":{"line":196,"column":4},"end":{"line":196,"column":52}},"104":{"start":{"line":199,"column":2},"end":{"line":204,"column":3}},"105":{"start":{"line":200,"column":4},"end":{"line":200,"column":53}},"106":{"start":{"line":201,"column":4},"end":{"line":201,"column":62}},"107":{"start":{"line":203,"column":4},"end":{"line":203,"column":94}},"108":{"start":{"line":207,"column":13},"end":{"line":210,"column":3}},"109":{"start":{"line":208,"column":20},"end":{"line":208,"column":50}},"110":{"start":{"line":209,"column":2},"end":{"line":209,"column":33}}},"fnMap":{"0":{"name":"(anonymous_0)","decl":{"start":{"line":10,"column":21},"end":{"line":10,"column":22}},"loc":{"start":{"line":10,"column":70},"end":{"line":13,"column":1}}},"1":{"name":"(anonymous_1)","decl":{"start":{"line":17,"column":22},"end":{"line":17,"column":23}},"loc":{"start":{"line":17,"column":94},"end":{"line":28,"column":1}}},"2":{"name":"(anonymous_2)","decl":{"start":{"line":30,"column":29},"end":{"line":30,"column":32}},"loc":{"start":{"line":30,"column":34},"end":{"line":53,"column":1}}},"3":{"name":"(anonymous_3)","decl":{"start":{"line":55,"column":23},"end":{"line":55,"column":24}},"loc":{"start":{"line":55,"column":84},"end":{"line":59,"column":1}}},"4":{"name":"(anonymous_4)","decl":{"start":{"line":61,"column":25},"end":{"line":61,"column":26}},"loc":{"start":{"line":61,"column":43},"end":{"line":65,"column":1}}},"5":{"name":"(anonymous_5)","decl":{"start":{"line":67,"column":21},"end":{"line":67,"column":22}},"loc":{"start":{"line":67,"column":35},"end":{"line":81,"column":1}}},"6":{"name":"(anonymous_6)","decl":{"start":{"line":83,"column":37},"end":{"line":83,"column":42}},"loc"
[...]
,"/home/runner/work/Internship/Internship/backend/src/utils/route-params.ts": {"path":"/home/runner/work/Internship/Internship/backend/src/utils/route-params.ts","statementMap":{"0":{"start":{"line":5,"column":26},"end":{"line":11,"column":1}},"1":{"start":{"line":6,"column":2},"end":{"line":8,"column":3}},"2":{"start":{"line":7,"column":4},"end":{"line":7,"column":14}},"3":{"start":{"line":10,"column":2},"end":{"line":10,"column":71}},"4":{"start":{"line":5,"column":13},"end":{"line":5,"column":26}}},"fnMap":{"0":{"name":"(anonymous_0)","decl":{"start":{"line":5,"column":26},"end":{"line":5,"column":27}},"loc":{"start":{"line":5,"column":75},"end":{"line":11,"column":1}}}},"branchMap":{"0":{"loc":{"start":{"line":6,"column":2},"end":{"line":8,"column":3}},"type":"if","locations":[{"start":{"line":6,"column":2},"end":{"line":8,"column":3}},{"start":{},"end":{}}]},"1":{"loc":{"start":{"line":10,"column":9},"end":{"line":10,"column":70}},"type":"cond-expr","locations":[{"start":{"line":10,"column":32},"end":{"line":10,"column":54}},{"start":{"line":10,"column":57},"end":{"line":10,"column":70}}]},"2":{"loc":{"start":{"line":10,"column":39},"end":{"line":10,"column":53}},"type":"binary-expr","locations":[{"start":{"line":10,"column":39},"end":{"line":10,"column":47}},{"start":{"line":10,"column":51},"end":{"line":10,"column":53}}]}},"s":{"0":19,"1":31,"2":1,"3":30,"4":19},"f":{"0":31},"b":{"0":[1,30],"1":[2,28],"2":[2,1]}}
,"/home/runner/work/Internship/Internship/backend/src/utils/safe-regex.ts": {"path":"/home/runner/work/Internship/Internship/backend/src/utils/safe-regex.ts","statementMap":{"0":{"start":{"line":2,"column":13},"end":{"line":2,"column":43}},"1":{"start":{"line":4,"column":28},"end":{"line":4,"column":97}},"2":{"start":{"line":4,"column":54},"end":{"line":4,"column":97}},"3":{"start":{"line":4,"column":13},"end":{"line":4,"column":28}},"4":{"start":{"line":10,"column":33},"end":{"line":19,"column":1}},"5":{"start":{"line":11,"column":2},"end":{"line":13,"column":3}},"6":{"start":{"line":12,"column":4},"end":{"line":12,"column":16}},"7":{"start":{"line":14,"column":18},"end":{"line":14,"column":28}},"8":{"start":{"line":15,"column":2},"end":{"line":17,"column":3}},"9":{"start":{"line":16,"column":4},"end":{"line":16,"column":16}},"10":{"start":{"line":18,"column":2},"end":{"line":18,"column":48}},"11":{"start":{"line":10,"column":13},"end":{"line":10,"column":33}}},"fnMap":{"0":{"name":"(anonymous_0)","decl":{"start":{"line":4,"column":28},"end":{"line":4,"column":29}},"loc":{"start":{"line":4,"column":54},"end":{"line":4,"column":97}}},"1":{"name":"(anonymous_1)","decl":{"start":{"line":10,"column":33},"end":{"line":10,"column":34}},"loc":{"start":{"line":10,"column":110},"end":{"line":19,"column":1}}}},"branchMap":{"0":{"loc":{"start":{"line":10,"column":59},"end":{"line":10,"column":91}},"type":"default-arg","locations":[{"start":{"line":10,"column":68},"end":{"line":10,"column":91}}]},"1":{"loc":{"start":{"line":11,"column":2},"end":{"line":13,"column":3}},"type":"if","locations":[{"start":{"line":11,"column":2},"end":{"line":13,"column":3}},{"start":{},"end":{}}]},"2":{"loc":{"start":{"line":15,"column":2},"end":{"line":17,"column":3}},"type":"if","locations":[{"start":{"line":15,"column":2},"end":{"line":17,"column":3}},{"start":{},"end":{}}]}},"s":{"0":14,"1":14,"2":3,"3":14,"4":14,"5":6,"6":3,"7":3,"8":3,"9":2,"10":1,"11":14},"f":{"0":3,"1":6},"b":{"0":[6],"1":[3,3],"2":[2,1]}}
,"/home/runner/work/Internship/Internship/backend/src/utils/sanitize.ts": {"path":"/home/runner/work/Internship/Internship/backend/src/utils/sanitize.ts","statementMap":{"0":{"start":{"line":1,"column":23},"end":{"line":1,"column":283}},"1":{"start":{"line":2,"column":24},"end":{"line":19,"column":2}},"2":{"start":{"line":20,"column":28},"end":{"line":20,"column":65}},"3":{"start":{"line":22,"column":34},"end":{"line":22,"column":65}},"4":{"start":{"line":23,"column":27},"end":{"line":23,"column":45}},"5":{"start":{"line":24,"column":25},"end":{"line":24,"column":72}},"6":{"start":{"line":25,"column":23},"end":{"line":25,"column":103}},"7":{"start":{"line":27,"column":28},"end":{"line":67,"column":1}},"8":{"start":{"line":28,"column":2},"end":{"line":30,"column":3}},"9":{"start":{"line":29,"column":4},"end":{"line":29,"column":14}},"10":{"start":{"line":32,"column":18},"end":{"line":32,"column":22}},"11":{"start":{"line":34,"column":2},"end":{"line":39,"column":29}},"12":{"start":{"line":41,"column":2},"end":{"line":48,"column":5}},"13":{"start":{"line":42,"column":21},"end":{"line":42,"column":66}},"14":{"start":{"line":43,"column":4},"end":{"line":43,"column":48}},"15":{"start":{"line":44,"column":29},"end":{"line":44,"column":64}},"16":{"start":{"line":45,"column":4},"end":{"line":45,"column":56}},"17":{"start":{"line":46,"column":25},"end":{"line":46,"column":63}},"18":{"start":{"line":47,"column":4},"end":{"line":47,"column":52}},"19":{"start":{"line":50,"column":2},"end":{"line":55,"column":5}},"20":{"start":{"line":51,"column":22},"end":{"line":51,"column":67}},"21":{"start":{"line":52,"column":4},"end":{"line":52,"column":49}},"22":{"start":{"line":53,"column":20},"end":{"line":53,"column":65}},"23":{"start":{"line":54,"column":4},"end":{"line":54,"column":47}},"24":{"start":{"line":57,"column":2},"end":{"line":60,"column":5}},"25":{"start":{"line":58,"column":26},"end":{"line":58,"column":52}},"26":{"start":{"line":59,"column":4},"end":{"line":59,"column":53}},"27":{"start":{"line":62,"column":2},"end":{"line":62,"column":56}},"28":{"start":{"line":63,"column":2},"end":{"line":63,"column":54}},"29":{"start":{"line":64,"column":2},"end":{"line":64,"column":63}},"30":{"start":{"line":66,"column":2},"end":{"line":66,"column":19}},"31":{"start":{"line":27,"column":13},"end":{"line":27,"column":28}},"32":{"start":{"line":69,"column":29},"end":{"line":87,"column":1}},"33":{"start":{"line":70,"column":2},"end":{"line":72,"column":3}},"34":{"start":{"line":71,"column":4},"end":{"line":71,"column":31}},"35":{"start":{"line":74,"column":2},"end":{"line":76,"column":3}},"36":{"start":{"line":75,"column":4},"end":{"line":75,"column":36}},"37":{"start":{"line":78,"column":2},"end":{"line":84,"column":3}},"38":{"start":{"line":79,"column":47},"end":{"line":79,"column":49}},"39":{"start":{"line":80,"column":4},"end":{"line":82,"column":5}},"40":{"start":{"line":81,"column":6},"end":{"line":81,"column":78}},"41":{"start":{"line":83,"column":4},"end":{"line":83,"column":21}},"42":{"start":{"line":86,"column":2},"end":{"line":86,"column":15}},"43":{"start":{"line":69,"column":13},"end":{"line":69,"column":29}}},"fnMap":{"0":{"name":"(anonymous_0)","decl":{"start":{"line":27,"column":28},"end":{"line":27,"column":29}},"loc":{"start":{"line":27,"column":65},"end":{"line":67,"column":1}}},"1":{"name":"(anonymous_1)","decl":{"start":{"line":41,"column":25},"end":{"line":41,"column":26}},"loc":{"start":{"line":41,"column":33},"end":{"line":48,"column":3}}},"2":{"name":"(anonymous_2)","decl":{"start":{"line":50,"column":26},"end":{"line":50,"column":27}},"loc":{"start":{"line":50,"column":35},"end":{"line":55,"column":3}}},"3":{"name":"(anonymous_3)","decl":{"start":{"line":57,"column":30},"end":{"line":57,"column":31}},"loc":{"start":{"line":57,"column":43},"end":{"line":60,"column":3}}},"4":{"name":"(anonymous_4)","decl":{"start":{"line":69,"column":29},"end":{"line":69,"column":30}},"loc":{"start":{"line":69,"column":57},"end":{"line":87,"column":1}}}},"branchMap":{"0":{"loc":{"start":{"line":28,"column":2},"end":{"line":30,"column":3}},"type":"if","locations":[{"start":{"line":28,"column":2},"end":{"line":30,"column":3}},{"start":{},"end":{}}]},"1":{"loc":{"start":{"line":28,"column":6},"end":{"line":28,"column":39}},"type":"binary-expr","locations":[{"start":{"line":28,"column":6},"end":{"line":28,"column":11}},{"start":{"line":28,"column":15},"end":{"line":28,"column":39}}]},"2":{"loc":{"start":{"line":70,"column":2},"end":{"line":72,"column":3}},"type":"if","locations":[{"start":{"line":70,"column":2},"end":{"line":72,"column":3}},{"start":{},"end":{}}]},"3":{"loc":{"start":{"line":74,"column":2},"end":{"line":76,"column":3}},"type":"if","locations":[{"start":{"line":74,"column":2},"end":{"line":76,"column":3}},{"start":{},"end":{}}]},"4":{"loc":{"start":{"line":78,"column":2},"end":{"line":84,"column":3}},"type":"if","locations":[{"start":{"line":78,"column":2},"end":{"line":84,"column":3}},{"start":{},"end":{}}]},"5":{"loc":{"start":{"line":78,"column":6},"end":{"line":78,"column":40}},"type":"binary-expr","locations":[{"start":{"line":78,"column":6},"end":{"line":78,"column":11}},{"start":{"line":78,"column":15},"end":{"line":78,"column":40}}]},"6":{"loc":{"start":{"line":81,"column":23},"end":{"line":81,"column":77}},"type":"cond-expr","locations":[{"start":{"line":81,"column":49},"end":{"line":81,"column":54}},{"start":{"line":81,"column":57},"end":{"line":81,"column":77}}]}},"s":{"0":10,"1":10,"2":10,"3":10,"4":10,"5":10,"6":10,"7":10,"8":27,"9":0,"10":27,"11":27,"12":27,"13":729,"14":729,"15":729,"16":729,"17":729,"18":729,"19":27,"20":432,"21":432,"22":432,"23":432,"24":27,"25":81,"26":81,"27":27,"28":27,"29":27,"30":27,"31":10,"32":10,"33":57,"34":27,"35":30,"36":2,"37":28,"38":18,"39":18,"40":39,"41":18,"42":10,"43":10},"f":{"0":27,"1":729,"2":432,"3":81,"4":57},"b":{"0":[0,27],"1":[27,27],"2":[27,30],"3":[2,28],"4":[18,10],"5":[28,27],"6":[0,39]}}
,"/home/runner/work/Internship/Internship/backend/src/utils/socket-notify.ts": {"path":"/home/runner/work/Internship/Internship/backend/src/utils/socket-notify.ts","statementMap":{"0":{"start":{"line":4,"column":26},"end":{"line":17,"column":1}},"1":{"start":{"line":5,"column":2},"end":{"line":7,"column":3}},"2":{"start":{"line":6,"column":4},"end":{"line":6,"column":11}},"3":{"start":{"line":9,"column":2},"end":{"line":16,"column":3}},"4":{"start":{"line":10,"column":15},"end":{"line":10,"column":50}},"5":{"start":{"line":11,"column":4},"end":{"line":13,"column":5}},"6":{"start":{"line":12,"column":6},"end":{"line":12,"column":51}},"7":{"start":{"line":4,"column":13},"end":{"line":4,"column":26}}},"fnMap":{"0":{"name":"(anonymous_0)","decl":{"start":{"line":4,"column":26},"end":{"line":4,"column":27}},"loc":{"start":{"line":4,"column":96},"end":{"line":17,"column":1}}}},"branchMap":{"0":{"loc":{"start":{"line":5,"column":2},"end":{"line":7,"column":3}},"type":"if","locations":[{"start":{"line":5,"column":2},"end":{"line":7,"column":3}},{"start":{},"end":{}}]},"1":{"loc":{"start":{"line":11,"column":4},"end":{"line":13,"column":5}},"type":"if","locations":[{"start":{"line":11,"column":4},"end":{"line":13,"column":5}},{"start":{},"end":{}}]},"2":{"loc":{"start":{"line":11,"column":8},"end":{"line":11,"column":41}},"type":"binary-expr","locations":[{"start":{"line":11,"column":8},"end":{"line":11,"column":10}},{"start":{"line":11,"column":14},"end":{"line":11,"column":41}}]}},"s":{"0":13,"1":2,"2":0,"3":2,"4":2,"5":2,"6":0,"7":13},"f":{"0":2},"b":{"0":[0,2],"1":[0,2],"2":[2,0]}}
,"/home/runner/work/Internship/Internship/backend/src/utils/validators.ts": {"path":"/home/runner/work/Internship/Internship/backend/src/utils/validators.ts","statementMap":{"0":{"start":{"line":2,"column":0},"end":{"line":2,"column":22}},"1":{"start":{"line":4,"column":24},"end":{"line":4,"column":41}},"2":{"start":{"line":5,"column":20},"end":{"line":5,"column":48}},"3":{"start":{"line":6,"column":23},"end":{"line":6,"column":47}},"4":{"start":{"line":8,"column":13},"end":{"line":17,"column":3}},"5":{"start":{"line":19,"column":13},"end":{"line":22,"column":3}},"6":{"start":{"line":24,"column":13},"end":{"line":26,"column":3}},"7":{"start":{"line":28,"column":13},"end":{"line":30,"column":3}},"8":{"start":{"line":32,"column":13},"end":{"line":38,"column":3}},"9":{"start":{"line":40,"column":13},"end":{"line":45,"column":3}},"10":{"start":{"line":47,"column":13},"end":{"line":49,"column":3}},"11":{"start":{"line":51,"column":13},"end":{"line":54,"column":3}},"12":{"start":{"line":56,"column":13},"end":{"line":73,"column":3}},"13":{"start":{"line":75,"column":13},"end":{"line":78,"column":3}},"14":{"start":{"line":80,"column":13},"end":{"line":86,"column":3}},"15":{"start":{"line":88,"column":31},"end":{"line":93,"column":2}},"16":{"start":{"line":95,"column":13},"end":{"line":105,"column":3}},"17":{"start":{"line":107,"column":13},"end":{"line":113,"column":10}},"18":{"start":{"line":115,"column":13},"end":{"line":125,"column":10}},"19":{"start":{"line":127,"column":13},"end":{"line":130,"column":3}},"20":{"start":{"line":132,"column":13},"end":{"line":134,"column":3}},"21":{"start":{"line":136,"column":13},"end":{"line":138,"column":3}},"22":{"start":{"line":140,"column":13},"end":{"line":142,"column":3}},"23":{"start":{"line":144,"column":13},"end":{"line":149,"column":3}},"24":{"start":{"line":151,"column":13},"end":{"line":153,"column":3}},"25":{"start":{"line":155,"column":13},"end":{"line":157,"column":3}},"26":{"start":{"line":159,"column":13},"end":{"line":176,"column":3}},"27":{"start":{"line":178,"column":13},"end":{"line":185,"column":3}},"28":{"start":{"line":187,"column":13},"end":{"line":195,"column":3}},"29":{"start":{"line":197,"column":13},"end":{"line":199,"column":3}},"30":{"start":{"line":201,"column":13},"end":{"line":204,"column":3}},"31":{"start":{"line":206,"column":13},"end":{"line":208,"column":3}},"32":{"start":{"line":210,"column":13},"end":{"line":216,"column":40}},"33":{"start":{"line":218,"column":13},"end":{"line":233,"column":10}},"34":{"start":{"line":235,"column":13},"end":{"line":241,"column":3}},"35":{"start":{"line":243,"column":13},"end":{"line":253,"column":3}},"36":{"start":{"line":255,"column":13},"end":{"line":261,"column":10}},"37":{"start":{"line":263,"column":13},"end":{"line":314,"column":10}},"38":{"start":{"line":316,"column":27},"end":{"line":322,"column":2}},"39":{"start":{"line":324,"column":13},"end":{"line":331,"column":27}},"40":{"start":{"line":333,"column":13},"end":{"line":340,"column":10}},"41":{"start":{"line":342,"column":13},"end":{"line":344,"column":3}},"42":{"start":{"line":346,"column":13},"end":{"line":351,"column":3}},"43":{"start":{"line":353,"column":13},"end":{"line":359,"column":25}},"44":{"start":{"line":361,"column":13},"end":{"line":366,"column":3}},"45":{"start":{"line":368,"column":36},"end":{"line":385,"column":1}},"46":{"start":{"line":369,"column":2},"end":{"line":384,"column":4}},"47":{"start":{"line":370,"column":29},"end":{"line":373,"column":6}},"48":{"start":{"line":375,"column":4},"end":{"line":380,"column":5}},"49":{"start":{"line":376,"column":6},"end":{"line":379,"column":9}},"50":{"start":{"line":378,"column":47},"end":{"line":378,"column":61}},"51":{"start":{"line":382,"column":4},"end":{"line":382,"column":21}},"52":{"start":{"line":383,"column":4},"end":{"line":383,"column":11}},"53":{"start":{"line":368,"column":13},"end":{"line":368,"column":36}}},"fnMap":{"0":{"name":"(anonymous_1)","decl":{"start":{"line":368,"column":36},"end":{"line":368,"column":37}},"loc":{"start":{"line":368,"column":65},"end":{"line":385,"column":1}}},"1":{"name":"(anonymous_2)","decl":{"start":{"line":369,"column":9},"end":{"line":369,"column":10}},"loc":{"start":{"line":369,"column":61},"end":{"line":384,"column":3}}},"2":{"name":"(anonymous_3)","decl":{"start":{"line":378,"column":35},"end":{"line":378,"column":36}},"loc":{"start":{"line":378,"column":47},"end":{"line":378,"column":61}}}},"branchMap":{"0":{"loc":{"start":{"line":375,"column":4},"end":{"line":380,"column":5}},"type":"if","locations":[{"start":{"line":375,"column":4},"end":{"line":380,"column":5}},{"start":{},"end":{}}]}},"s":{"0":10,"1":10,"2":10,"3":10,"4":10,"5":10,"6":10,"7":10,"8":10,"9":10,"10":10,"11":10,"12":10,"13":10,"14":10,"15":10,"16":10,"17":10,"18":10,"19":10,"20":10,"21":10,"22":10,"23":10,"24":10,"25":10,"26":10,"27":10,"28":10,"29":10,"30":10,"31":10,"32":10,"33":10,"34":10,"35":10,"36":10,"37":10,"38":10,"39":10,"40":10,"41":10,"42":10,"43":10,"44":10,"45":10,"46":430,"47":8,"48":8,"49":5,"50":10,"51":3,"52":3,"53":10},"f":{"0":430,"1":8,"2":10},"b":{"0":[5,3]}}
,"/home/runner/work/Internship/Internship/backend/src/utils/with-retry.ts": {"path":"/home/runner/work/Internship/Internship/backend/src/utils/with-retry.ts","statementMap":{"0":{"start":{"line":7,"column":14},"end":{"line":7,"column":67}},"1":{"start":{"line":7,"column":30},"end":{"line":7,"column":67}},"2":{"start":{"line":7,"column":49},"end":{"line":7,"column":66}},"3":{"start":{"line":12,"column":25},"end":{"line":33,"column":1}},"4":{"start":{"line":16,"column":18},"end":{"line":16,"column":38}},"5":{"start":{"line":17,"column":15},"end":{"line":17,"column":41}},"6":{"start":{"line":18,"column":19},"end":{"line":18,"column":45}},"7":{"start":{"line":21,"column":2},"end":{"line":31,"column":3}},"8":{"start":{"line":21,"column":21},"end":{"line":21,"column":22}},"9":{"start":{"line":22,"column":4},"end":{"line":30,"column":5}},"10":{"start":{"line":23,"column":6},"end":{"line":23,"column":24}},"11":{"start":{"line":25,"column":6},"end":{"line":25,"column":19}},"12":{"start":{"line":26,"column":6},"end":{"line":26,"column":37}},"13":{"start":{"line":26,"column":31},"end":{"line":26,"column":37}},"14":{"start":{"line":27,"column":18},"end":{"line":27,"column":57}},"15":{"start":{"line":28,"column":21},"end":{"line":28,"column":52}},"16":{"start":{"line":29,"column":6},"end":{"line":29,"column":32}},"17":{"start":{"line":32,"column":2},"end":{"line":32,"column":13}},"18":{"start":{"line":12,"column":13},"end":{"line":12,"column":25}}},"fnMap":{"0":{"name":"(anonymous_0)","decl":{"start":{"line":7,"column":14},"end":{"line":7,"column":15}},"loc":{"start":{"line":7,"column":30},"end":{"line":7,"column":67}}},"1":{"name":"(anonymous_1)","decl":{"start":{"line":7,"column":42},"end":{"line":7,"column":43}},"loc":{"start":{"line":7,"column":49},"end":{"line":7,"column":66}}},"2":{"name":"(anonymous_2)","decl":{"start":{"line":12,"column":25},"end":{"line":12,"column":30}},"loc":{"start":{"line":15,"column":16},"end":{"line":33,"column":1}}}},"branchMap":{"0":{"loc":{"start":{"line":14,"column":2},"end":{"line":14,"column":37}},"type":"default-arg","locations":[{"start":{"line":14,"column":35},"end":{"line":14,"column":37}}]},"1":{"loc":{"start":{"line":16,"column":18},"end":{"line":16,"column":38}},"type":"binary-expr","locations":[{"start":{"line":16,"column":18},"end":{"line":16,"column":33}},{"start":{"line":16,"column":37},"end":{"line":16,"column":38}}]},"2":{"loc":{"start":{"line":17,"column":15},"end":{"line":17,"column":41}},"type":"binary-expr","locations":[{"start":{"line":17,"column":15},"end":{"line":17,"column":34}},{"start":{"line":17,"column":38},"end":{"line":17,"column":41}}]},"3":{"loc":{"start":{"line":18,"column":19},"end":{"line":18,"column":45}},"type":"binary-expr","locations":[{"start":{"line":18,"column":19},"end":{"line":18,"column":37}},{"start":{"line":18,"column":41},"end":{"line":18,"column":45}}]},"4":{"loc":{"start":{"line":26,"column":6},"end":{"line":26,"column":37}},"type":"if","locations":[{"start":{"line":26,"column":6},"end":{"line":26,"column":37}},{"start":{},"end":{}}]}},"s":{"0":11,"1":1,"2":1,"3":11,"4":2,"5":2,"6":2,"7":2,"8":2,"9":3,"10":3,"11":1,"12":1,"13":0,"14":1,"15":1,"16":1,"17":0,"18":11},"f":{"0":1,"1":1,"2":2},"b":{"0":[0],"1":[2,0],"2":[2,0],"3":[2,1],"4":[0,1]}}
}
