TN:
SF:src/app.ts
FN:46,(anonymous_10)
FN:55,(anonymous_11)
FN:60,(anonymous_12)
FN:82,(anonymous_13)
FN:88,(anonymous_14)
FN:128,(anonymous_15)
FN:135,(anonymous_16)
FN:139,(anonymous_17)
FN:160,(anonymous_18)
FN:193,(anonymous_19)
FN:222,(anonymous_20)
FN:232,(anonymous_21)
FN:236,(anonymous_22)
FN:240,(anonymous_23)
FN:264,(anonymous_24)
FN:265,(anonymous_25)
FN:276,(anonymous_26)
FN:283,(anonymous_27)
FN:284,(anonymous_28)
FN:293,(anonymous_29)
FN:316,(anonymous_30)
FN:319,(anonymous_31)
FN:334,(anonymous_32)
FN:347,(anonymous_33)
FN:349,(anonymous_34)
FN:357,(anonymous_35)
FN:366,(anonymous_36)
FN:368,(anonymous_37)
FN:369,(anonymous_38)
FN:384,(anonymous_39)
FN:385,(anonymous_40)
FNF:31
FNH:5
FNDA:186,(anonymous_10)
FNDA:22,(anonymous_11)
FNDA:4,(anonymous_12)
FNDA:22,(anonymous_13)
FNDA:59,(anonymous_14)
FNDA:0,(anonymous_15)
FNDA:0,(anonymous_16)
FNDA:0,(anonymous_17)
FNDA:0,(anonymous_18)
FNDA:0,(anonymous_19)
FNDA:0,(anonymous_20)
FNDA:0,(anonymous_21)
FNDA:0,(anonymous_22)
FNDA:0,(anonymous_23)
FNDA:0,(anonymous_24)
FNDA:0,(anonymous_25)
FNDA:0,(anonymous_26)
FNDA:0,(anonymous_27)
FNDA:0,(anonymous_28)
FNDA:0,(anonymous_29)
FNDA:0,(anonymous_30)
FNDA:0,(anonymous_31)
FNDA:0,(anonymous_32)
FNDA:0,(anonymous_33)
FNDA:0,(anonymous_34)
FNDA:0,(anonymous_35)
FNDA:0,(anonymous_36)
FNDA:0,(anonymous_37)
FNDA:0,(anonymous_38)
FNDA:0,(anonymous_39)
FNDA:0,(anonymous_40)
DA:1,10
DA:2,10
DA:3,10
DA:4,10
DA:5,10
DA:6,10
DA:7,10
DA:8,10
DA:9,10
DA:10,10
DA:11,10
DA:12,10
DA:13,10
DA:14,10
DA:15,10
DA:16,10
DA:17,10
DA:18,10
DA:19,10
DA:20,10
DA:21,10
DA:22,10
DA:23,10
DA:24,10
DA:25,10
DA:26,10
DA:27,10
DA:28,10
DA:29,10
DA:30,10
DA:31,10
DA:32,10
DA:33,10
DA:34,10
DA:35,10
DA:36,10
DA:41,10
DA:42,10
DA:44,10
DA:46,10
DA:47,186
DA:48,186
DA:49,186
DA:51,0
DA:55,10
DA:56,22
DA:60,4
DA:64,22
DA:65,2
DA:68,20
DA:79,20
DA:82,10
DA:83,22
DA:85,22
DA:87,22
DA:89,59
DA:90,59
DA:91,1
DA:92,1
DA:94,58
DA:95,57
DA:96,57
DA:98,1
DA:104,22
DA:105,22
DA:107,22
DA:110,22
DA:112,22
DA:113,22
DA:114,22
DA:115,22
DA:116,22
DA:117,22
DA:118,22
DA:120,22
DA:121,22
DA:122,22
DA:124,22
DA:125,22
DA:129,0
DA:130,0
DA:133,22
DA:135,22
DA:136,0
DA:139,22
DA:140,0
DA:141,0
DA:143,0
DA:144,0
DA:145,0
DA:146,0
DA:149,0
DA:150,0
DA:154,0
DA:157,0
DA:160,22
DA:161,0
DA:162,0
DA:168,22
DA:170,22
DA:171,22
DA:172,22
DA:173,22
DA:174,22
DA:175,22
DA:176,22
DA:177,22
DA:178,22
DA:179,22
DA:180,22
DA:181,22
DA:182,22
DA:183,22
DA:184,22
DA:186,22
DA:188,22
DA:191,10
DA:193,10
DA:194,0
DA:195,0
DA:196,0
DA:198,0
DA:199,0
DA:201,0
DA:217,0
DA:218,0
DA:219,0
DA:220,0
DA:222,0
DA:223,0
DA:224,0
DA:225,0
DA:226,0
DA:230,0
DA:232,0
DA:233,0
DA:234,0
DA:236,0
DA:237,0
DA:240,0
DA:241,0
DA:242,0
DA:244,0
DA:245,0
DA:246,0
DA:249,0
DA:250,0
DA:251,0
DA:252,0
DA:255,0
DA:256,0
DA:257,0
DA:261,0
DA:262,0
DA:263,0
DA:264,0
DA:265,0
DA:266,0
DA:267,0
DA:268,0
DA:269,0
DA:270,0
DA:272,0
DA:276,0
DA:277,0
DA:278,0
DA:281,0
DA:283,0
DA:284,0
DA:286,0
DA:287,0
DA:290,0
DA:293,0
DA:294,0
DA:295,0
DA:296,0
DA:298,0
DA:299,0
DA:300,0
DA:302,0
DA:303,0
DA:305,0
DA:306,0
DA:307,0
DA:309,0
DA:310,0
DA:312,0
DA:316,0
DA:317,0
DA:319,0
DA:320,0
DA:321,0
DA:323,0
DA:324,0
DA:325,0
DA:326,0
DA:327,0
DA:334,0
DA:335,0
DA:336,0
DA:341,0
DA:342,0
DA:346,0
DA:347,0
DA:348,0
DA:349,0
DA:352,0
DA:353,0
DA:354,0
DA:356,0
DA:357,0
DA:358,0
DA:359,0
DA:366,0
DA:367,0
DA:368,0
DA:369,0
DA:371,0
DA:372,0
DA:376,0
DA:377,0
DA:381,0
DA:384,0
DA:385,0
DA:387,0
DA:388,0
DA:392,10
DA:393,0
DA:396,10
LF:229
LH:104
BRDA:57,0,0,22
BRDA:57,0,1,20
BRDA:58,1,0,22
BRDA:58,1,1,20
BRDA:64,2,0,2
BRDA:64,2,1,20
BRDA:89,3,0,2
BRDA:89,3,1,57
BRDA:90,4,0,1
BRDA:90,4,1,58
BRDA:90,5,0,59
BRDA:90,5,1,2
BRDA:94,6,0,57
BRDA:94,6,1,1
BRDA:107,7,0,0
BRDA:107,7,1,22
BRDA:107,8,0,22
BRDA:107,8,1,22
BRDA:109,9,0,22
BRDA:109,9,1,0
BRDA:109,10,0,22
BRDA:109,10,1,22
BRDA:140,11,0,0
BRDA:140,11,1,0
BRDA:143,12,0,0
BRDA:143,12,1,0
BRDA:145,13,0,0
BRDA:145,13,1,0
BRDA:145,14,0,0
BRDA:145,14,1,0
BRDA:145,14,2,0
BRDA:145,14,3,0
BRDA:146,15,0,0
BRDA:146,15,1,0
BRDA:154,16,0,0
BRDA:154,16,1,0
BRDA:162,17,0,0
BRDA:162,17,1,0
BRDA:163,18,0,0
BRDA:163,18,1,0
BRDA:164,19,0,0
BRDA:164,19,1,0
BRDA:196,20,0,0
BRDA:196,20,1,0
BRDA:196,21,0,0
BRDA:196,21,1,0
BRDA:225,22,0,0
BRDA:225,22,1,0
BRDA:244,23,0,0
BRDA:244,23,1,0
BRDA:244,24,0,0
BRDA:244,24,1,0
BRDA:249,25,0,0
BRDA:249,25,1,0
BRDA:262,26,0,0
BRDA:262,26,1,0
BRDA:277,27,0,0
BRDA:277,27,1,0
BRDA:286,28,0,0
BRDA:286,28,1,0
BRDA:296,29,0,0
BRDA:296,29,1,0
BRDA:300,30,0,0
BRDA:300,30,1,0
BRDA:303,31,0,0
BRDA:303,31,1,0
BRDA:303,32,0,0
BRDA:303,32,1,0
BRDA:305,33,0,0
BRDA:305,33,1,0
BRDA:306,34,0,0
BRDA:306,34,1,0
BRDA:307,35,0,0
BRDA:307,35,1,0
BRDA:320,36,0,0
BRDA:320,36,1,0
BRDA:320,37,0,0
BRDA:320,37,1,0
BRDA:326,38,0,0
BRDA:326,38,1,0
BRDA:335,39,0,0
BRDA:335,39,1,0
BRDA:335,40,0,0
BRDA:335,40,1,0
BRDA:341,41,0,0
BRDA:341,41,1,0
BRDA:341,42,0,0
BRDA:341,42,1,0
BRDA:352,43,0,0
BRDA:352,43,1,0
BRDA:358,44,0,0
BRDA:358,44,1,0
BRDA:392,45,0,0
BRDA:392,45,1,10
BRF:94
BRH:21
end_of_record
TN:
SF:src/config/database.ts
FN:18,(anonymous_10)
FN:20,(anonymous_11)
FN:23,(anonymous_12)
FN:41,(anonymous_13)
FN:50,(anonymous_14)
FN:52,(anonymous_15)
FN:80,(anonymous_16)
FN:85,(anonymous_17)
FN:107,(anonymous_18)
FN:133,(anonymous_19)
FNF:10
FNH:0
FNDA:0,(anonymous_10)
FNDA:0,(anonymous_11)
FNDA:0,(anonymous_12)
FNDA:0,(anonymous_13)
FNDA:0,(anonymous_14)
FNDA:0,(anonymous_15)
FNDA:0,(anonymous_16)
FNDA:0,(anonymous_17)
FNDA:0,(anonymous_18)
FNDA:0,(anonymous_19)
DA:1,10
DA:2,10
DA:3,10
DA:5,10
DA:7,10
DA:8,10
DA:9,10
DA:11,10
DA:18,10
DA:20,10
DA:21,0
DA:23,10
DA:24,0
DA:25,0
DA:26,0
DA:27,0
DA:29,0
DA:38,10
DA:39,10
DA:41,10
DA:42,0
DA:43,0
DA:46,0
DA:47,0
DA:50,0
DA:51,0
DA:52,0
DA:53,0
DA:57,0
DA:58,0
DA:59,0
DA:62,0
DA:63,0
DA:67,0
DA:68,0
DA:70,0
DA:71,0
DA:73,0
DA:77,0
DA:80,10
DA:81,0
DA:82,0
DA:83,0
DA:84,0
DA:85,0
DA:86,0
DA:87,0
DA:89,0
DA:93,0
DA:94,0
DA:99,0
DA:100,0
DA:102,0
DA:103,0
DA:105,0
DA:106,0
DA:107,0
DA:108,0
DA:112,0
DA:113,0
DA:115,0
DA:116,0
DA:119,0
DA:120,0
DA:121,0
DA:125,0
DA:126,0
DA:129,0
DA:133,10
DA:134,0
DA:135,0
DA:136,0
DA:137,0
DA:139,0
LF:74
LH:16
BRDA:11,0,0,10
BRDA:11,0,1,10
BRDA:21,1,0,0
BRDA:21,1,1,0
BRDA:21,1,2,0
BRDA:21,1,3,0
BRDA:27,2,0,0
BRDA:27,2,1,0
BRDA:27,2,2,0
BRDA:42,3,0,0
BRDA:42,3,1,0
BRDA:46,4,0,0
BRDA:46,4,1,0
BRDA:58,5,0,0
BRDA:58,5,1,0
BRDA:80,6,0,0
BRDA:81,7,0,0
BRDA:81,8,0,0
BRDA:97,9,0,0
BRDA:97,9,1,0
BRDA:105,10,0,0
BRDA:105,10,1,0
BRDA:115,11,0,0
BRDA:115,11,1,0
BRDA:115,12,0,0
BRDA:115,12,1,0
BRDA:120,13,0,0
BRDA:120,13,1,0
BRDA:125,14,0,0
BRDA:125,14,1,0
BRDA:135,15,0,0
BRDA:135,15,1,0
BRF:32
BRH:2
end_of_record
TN:
SF:src/config/security-headers.ts
FN:7,(anonymous_0)
FNF:1
FNH:1
FNDA:22,(anonymous_0)
DA:7,10
DA:8,22
DA:10,22
LF:3
LH:3
BRDA:16,0,0,2
BRDA:16,0,1,20
BRF:2
BRH:2
end_of_record
TN:
SF:src/controllers/assignment.controller.ts
FN:12,(anonymous_1)
FN:36,(anonymous_2)
FN:65,(anonymous_3)
FN:131,(anonymous_4)
FN:134,(anonymous_5)
FN:144,(anonymous_6)
FN:161,(anonymous_7)
FN:170,(anonymous_8)
FN:174,(anonymous_9)
FN:184,(anonymous_10)
FN:186,(anonymous_11)
FN:206,(anonymous_12)
FN:233,(anonymous_13)
FNF:13
FNH:8
FNDA:0,(anonymous_1)
FNDA:0,(anonymous_2)
FNDA:3,(anonymous_3)
FNDA:0,(anonymous_4)
FNDA:0,(anonymous_5)
FNDA:1,(anonymous_6)
FNDA:2,(anonymous_7)
FNDA:2,(anonymous_8)
FNDA:2,(anonymous_9)
FNDA:2,(anonymous_10)
FNDA:4,(anonymous_11)
FNDA:0,(anonymous_12)
FNDA:1,(anonymous_13)
DA:2,11
DA:3,11
DA:4,11
DA:5,11
DA:6,11
DA:7,11
DA:8,11
DA:9,11
DA:10,11
DA:12,11
DA:13,0
DA:14,0
DA:15,0
DA:16,0
DA:19,0
DA:20,0
DA:21,0
DA:22,0
DA:24,0
DA:25,0
DA:26,0
DA:28,0
DA:29,0
DA:32,0
DA:33,0
DA:36,11
DA:37,0
DA:38,0
DA:39,0
DA:40,0
DA:43,0
DA:44,0
DA:47,0
DA:48,0
DA:51,0
DA:61,0
DA:62,0
DA:65,11
DA:66,3
DA:67,3
DA:68,3
DA:69,0
DA:72,3
DA:73,1
DA:76,2
DA:81,2
DA:82,0
DA:85,2
DA:86,2
DA:87,0
DA:90,2
DA:95,2
DA:96,2
DA:97,1
DA:100,1
DA:101,1
DA:102,1
DA:103,1
DA:105,0
DA:113,0
DA:116,1
DA:117,1
DA:118,1
DA:128,1
DA:131,11
DA:132,0
DA:133,0
DA:134,0
DA:136,0
DA:141,0
DA:144,11
DA:145,1
DA:147,1
DA:148,1
DA:149,0
DA:152,1
DA:153,0
DA:156,1
DA:157,0
DA:160,1
DA:161,2
DA:163,1
DA:168,1
DA:169,1
DA:170,2
DA:171,1
DA:174,2
DA:180,1
DA:184,1
DA:185,2
DA:186,4
DA:189,2
DA:196,1
DA:206,11
DA:207,0
DA:208,0
DA:209,0
DA:210,0
DA:213,0
DA:214,0
DA:215,0
DA:218,0
DA:219,0
DA:222,0
DA:223,0
DA:226,0
DA:230,0
DA:233,11
DA:234,1
DA:235,1
DA:236,1
DA:237,1
DA:238,0
DA:241,1
DA:242,1
DA:243,0
DA:246,1
DA:247,0
DA:250,1
DA:251,0
DA:254,1
DA:259,1
DA:260,0
DA:263,1
DA:264,1
DA:265,1
DA:267,1
DA:269,1
DA:273,1
DA:274,1
DA:278,1
DA:279,0
DA:282,1
DA:283,1
DA:293,1
LF:135
LH:77
BRDA:15,0,0,0
BRDA:15,0,1,0
BRDA:19,1,0,0
BRDA:19,1,1,0
BRDA:21,2,0,0
BRDA:21,2,1,0
BRDA:24,3,0,0
BRDA:24,3,1,0
BRDA:25,4,0,0
BRDA:25,4,1,0
BRDA:25,5,0,0
BRDA:25,5,1,0
BRDA:28,6,0,0
BRDA:28,6,1,0
BRDA:39,7,0,0
BRDA:39,7,1,0
BRDA:43,8,0,0
BRDA:43,8,1,0
BRDA:47,9,0,0
BRDA:47,9,1,0
BRDA:47,10,0,0
BRDA:47,10,1,0
BRDA:68,11,0,0
BRDA:68,11,1,3
BRDA:72,12,0,1
BRDA:72,12,1,2
BRDA:72,13,0,3
BRDA:72,13,1,3
BRDA:81,14,0,0
BRDA:81,14,1,2
BRDA:85,15,0,2
BRDA:85,15,1,0
BRDA:86,16,0,0
BRDA:86,16,1,2
BRDA:95,17,0,2
BRDA:95,17,1,0
BRDA:96,18,0,1
BRDA:96,18,1,1
BRDA:117,19,0,1
BRDA:117,19,1,0
BRDA:117,20,0,1
BRDA:117,20,1,1
BRDA:122,21,0,1
BRDA:122,21,1,0
BRDA:122,22,0,1
BRDA:122,22,1,0
BRDA:148,23,0,0
BRDA:148,23,1,1
BRDA:152,24,0,0
BRDA:152,24,1,1
BRDA:156,25,0,0
BRDA:156,25,1,1
BRDA:156,26,0,1
BRDA:156,26,1,1
BRDA:171,27,0,1
BRDA:171,27,1,0
BRDA:174,28,0,2
BRDA:174,28,1,0
BRDA:180,29,0,1
BRDA:180,29,1,0
BRDA:180,30,0,1
BRDA:180,30,1,1
BRDA:209,31,0,0
BRDA:209,31,1,0
BRDA:214,32,0,0
BRDA:214,32,1,0
BRDA:218,33,0,0
BRDA:218,33,1,0
BRDA:222,34,0,0
BRDA:222,34,1,0
BRDA:222,35,0,0
BRDA:222,35,1,0
BRDA:237,36,0,0
BRDA:237,36,1,1
BRDA:242,37,0,0
BRDA:242,37,1,1
BRDA:246,38,0,0
BRDA:246,38,1,1
BRDA:250,39,0,0
BRDA:250,39,1,1
BRDA:250,40,0,1
BRDA:250,40,1,1
BRDA:259,41,0,0
BRDA:259,41,1,1
BRDA:269,42,0,0
BRDA:269,42,1,1
BRDA:273,43,0,1
BRDA:273,43,1,0
BRDA:274,44,0,1
BRDA:274,44,1,0
BRDA:278,45,0,0
BRDA:278,45,1,1
BRDA:282,46,0,1
BRDA:282,46,1,0
BRF:94
BRH:38
end_of_record
TN:
SF:src/controllers/auth.controller.ts
FN:10,(anonymous_0)
FN:17,(anonymous_1)
FN:30,(anonymous_2)
FN:55,(anonymous_3)
FN:61,(anonymous_4)
FN:67,(anonymous_5)
FN:83,(anonymous_6)
FN:90,(anonymous_7)
FN:101,(anonymous_8)
FN:130,(anonymous_9)
FN:147,(anonymous_10)
FN:161,(anonymous_11)
FN:165,(anonymous_12)
FN:175,(anonymous_13)
FN:189,(anonymous_14)
FN:207,(anonymous_15)
FNF:16
FNH:1
FNDA:0,(anonymous_0)
FNDA:0,(anonymous_1)
FNDA:0,(anonymous_2)
FNDA:0,(anonymous_3)
FNDA:0,(anonymous_4)
FNDA:0,(anonymous_5)
FNDA:0,(anonymous_6)
FNDA:0,(anonymous_7)
FNDA:2,(anonymous_8)
FNDA:0,(anonymous_9)
FNDA:0,(anonymous_10)
FNDA:0,(anonymous_11)
FNDA:0,(anonymous_12)
FNDA:0,(anonymous_13)
FNDA:0,(anonymous_14)
FNDA:0,(anonymous_15)
DA:2,10
DA:3,10
DA:4,10
DA:5,10
DA:10,10
DA:11,0
DA:12,0
DA:17,10
DA:18,0
DA:19,0
DA:22,0
DA:23,0
DA:24,0
DA:27,0
DA:30,10
DA:31,0
DA:32,0
DA:33,0
DA:37,0
DA:55,10
DA:56,0
DA:57,0
DA:58,0
DA:61,10
DA:62,0
DA:63,0
DA:64,0
DA:67,10
DA:68,0
DA:69,0
DA:72,0
DA:73,0
DA:74,0
DA:75,0
DA:76,0
DA:77,0
DA:78,0
DA:80,0
DA:83,10
DA:84,0
DA:85,0
DA:90,10
DA:91,0
DA:92,0
DA:93,0
DA:94,0
DA:95,0
DA:97,0
DA:101,10
DA:102,2
DA:103,2
DA:104,2
DA:106,2
DA:111,2
DA:113,2
DA:114,2
DA:117,0
DA:118,0
DA:121,0
DA:122,0
DA:123,0
DA:124,0
DA:126,0
DA:130,10
DA:131,0
DA:132,0
DA:133,0
DA:135,0
DA:136,0
DA:139,0
DA:140,0
DA:141,0
DA:143,0
DA:147,10
DA:148,0
DA:149,0
DA:150,0
DA:153,0
DA:154,0
DA:155,0
DA:157,0
DA:161,10
DA:162,0
DA:165,10
DA:166,0
DA:167,0
DA:170,0
DA:171,0
DA:172,0
DA:175,10
DA:176,0
DA:177,0
DA:178,0
DA:181,0
DA:182,0
DA:183,0
DA:185,0
DA:189,10
DA:190,0
DA:191,0
DA:192,0
DA:195,0
DA:196,0
DA:199,0
DA:200,0
DA:201,0
DA:203,0
DA:207,10
DA:208,0
DA:209,0
LF:110
LH:27
BRDA:11,0,0,0
BRDA:11,0,1,0
BRDA:18,1,0,0
BRDA:18,1,1,0
BRDA:23,2,0,0
BRDA:23,2,1,0
BRDA:23,3,0,0
BRDA:23,3,1,0
BRDA:23,3,2,0
BRDA:33,4,0,0
BRDA:33,4,1,0
BRDA:68,5,0,0
BRDA:68,5,1,0
BRDA:72,6,0,0
BRDA:72,6,1,0
BRDA:97,7,0,0
BRDA:97,7,1,0
BRDA:106,8,0,2
BRDA:106,8,1,0
BRDA:106,8,2,0
BRDA:106,8,3,0
BRDA:113,9,0,2
BRDA:113,9,1,0
BRDA:113,10,0,2
BRDA:113,10,1,0
BRDA:117,11,0,0
BRDA:117,11,1,0
BRDA:126,12,0,0
BRDA:126,12,1,0
BRDA:133,13,0,0
BRDA:133,13,1,0
BRDA:135,14,0,0
BRDA:135,14,1,0
BRDA:135,15,0,0
BRDA:135,15,1,0
BRDA:143,16,0,0
BRDA:143,16,1,0
BRDA:149,17,0,0
BRDA:149,17,1,0
BRDA:149,18,0,0
BRDA:149,18,1,0
BRDA:157,19,0,0
BRDA:157,19,1,0
BRDA:166,20,0,0
BRDA:166,20,1,0
BRDA:177,21,0,0
BRDA:177,21,1,0
BRDA:177,22,0,0
BRDA:177,22,1,0
BRDA:185,23,0,0
BRDA:185,23,1,0
BRDA:191,24,0,0
BRDA:191,24,1,0
BRDA:191,25,0,0
BRDA:191,25,1,0
BRDA:195,26,0,0
BRDA:195,26,1,0
BRDA:195,27,0,0
BRDA:195,27,1,0
BRDA:203,28,0,0
BRDA:203,28,1,0
BRF:61
BRH:3
end_of_record
TN:
SF:src/controllers/certificate.controller.ts
FN:12,(anonymous_1)
FN:20,(anonymous_2)
FN:29,(anonymous_3)
FN:38,(anonymous_4)
FN:47,(anonymous_5)
FN:67,(anonymous_6)
FN:244,(anonymous_7)
FN:263,(anonymous_8)
FN:270,(anonymous_9)
FN:328,(anonymous_10)
FN:336,(anonymous_11)
FN:355,(anonymous_12)
FN:370,(anonymous_13)
FN:384,(anonymous_14)
FNF:14
FNH:11
FNDA:12,(anonymous_1)
FNDA:2,(anonymous_2)
FNDA:2,(anonymous_3)
FNDA:2,(anonymous_4)
FNDA:2,(anonymous_5)
FNDA:2,(anonymous_6)
FNDA:2,(anonymous_7)
FNDA:1,(anonymous_8)
FNDA:1,(anonymous_9)
FNDA:0,(anonymous_10)
FNDA:0,(anonymous_11)
FNDA:1,(anonymous_12)
FNDA:1,(anonymous_13)
FNDA:0,(anonymous_14)
DA:2,11
DA:3,11
DA:4,11
DA:5,11
DA:6,11
DA:7,11
DA:8,11
DA:9,11
DA:10,11
DA:12,11
DA:13,12
DA:20,11
DA:21,2
DA:22,0
DA:25,2
DA:26,2
DA:29,11
DA:30,2
DA:31,0
DA:34,2
DA:35,2
DA:38,11
DA:39,2
DA:40,2
DA:41,2
DA:44,0
DA:47,11
DA:48,2
DA:49,2
DA:50,0
DA:51,0
DA:52,0
DA:53,0
DA:60,2
DA:61,0
DA:64,2
DA:67,11
DA:74,2
DA:76,2
DA:244,11
DA:245,2
DA:247,2
DA:248,0
DA:251,2
DA:252,2
DA:253,2
DA:256,2
DA:257,0
DA:260,2
DA:263,11
DA:264,1
DA:265,1
DA:266,1
DA:267,1
DA:270,11
DA:271,1
DA:273,1
DA:274,1
DA:275,0
DA:278,1
DA:279,1
DA:280,0
DA:283,1
DA:284,1
DA:285,0
DA:288,1
DA:289,1
DA:290,0
DA:293,1
DA:302,1
DA:303,1
DA:305,1
DA:314,1
DA:315,1
DA:325,1
DA:328,11
DA:329,0
DA:333,0
DA:336,11
DA:337,0
DA:338,0
DA:342,0
DA:343,0
DA:346,0
DA:355,11
DA:356,1
DA:357,1
DA:359,1
DA:367,1
DA:370,11
DA:371,1
DA:372,1
DA:373,1
DA:381,1
DA:384,11
DA:385,0
DA:386,0
DA:388,0
DA:389,0
DA:390,0
DA:391,0
DA:393,0
DA:394,0
DA:399,0
DA:400,0
DA:402,0
DA:403,0
DA:404,0
DA:405,0
DA:406,0
DA:407,0
DA:408,0
DA:409,0
DA:410,0
DA:411,0
DA:412,0
DA:413,0
DA:414,0
DA:415,0
DA:416,0
DA:417,0
DA:418,0
DA:422,0
LF:123
LH:74
BRDA:21,0,0,0
BRDA:21,0,1,2
BRDA:21,1,0,2
BRDA:21,1,1,2
BRDA:26,2,0,2
BRDA:26,2,1,0
BRDA:26,2,2,0
BRDA:30,3,0,0
BRDA:30,3,1,2
BRDA:30,4,0,2
BRDA:30,4,1,2
BRDA:35,5,0,2
BRDA:35,5,1,0
BRDA:39,6,0,2
BRDA:39,6,1,0
BRDA:39,7,0,2
BRDA:39,7,1,2
BRDA:39,7,2,2
BRDA:41,8,0,2
BRDA:41,8,1,0
BRDA:41,9,0,0
BRDA:41,9,1,0
BRDA:44,10,0,0
BRDA:44,10,1,0
BRDA:49,11,0,0
BRDA:49,11,1,2
BRDA:52,12,0,0
BRDA:52,12,1,0
BRDA:52,13,0,0
BRDA:52,13,1,0
BRDA:60,14,0,0
BRDA:60,14,1,2
BRDA:247,15,0,0
BRDA:247,15,1,2
BRDA:251,16,0,2
BRDA:251,16,1,0
BRDA:256,17,0,0
BRDA:256,17,1,2
BRDA:256,18,0,2
BRDA:256,18,1,2
BRDA:274,19,0,0
BRDA:274,19,1,1
BRDA:279,20,0,0
BRDA:279,20,1,1
BRDA:283,21,0,1
BRDA:283,21,1,0
BRDA:283,22,0,0
BRDA:283,22,1,0
BRDA:284,23,0,0
BRDA:284,23,1,1
BRDA:289,24,0,0
BRDA:289,24,1,1
BRDA:314,25,0,1
BRDA:314,25,1,0
BRDA:342,26,0,0
BRDA:342,26,1,0
BRDA:357,27,0,1
BRDA:357,27,1,0
BRDA:363,28,0,1
BRDA:363,28,1,0
BRDA:372,29,0,1
BRDA:372,29,1,0
BRDA:377,30,0,1
BRDA:377,30,1,0
BRDA:386,31,0,0
BRDA:386,31,1,0
BRDA:390,32,0,0
BRDA:390,32,1,0
BRF:68
BRH:30
end_of_record
TN:
SF:src/controllers/contact.controller.ts
FN:10,(anonymous_1)
FN:19,(anonymous_2)
FN:28,(anonymous_3)
FN:69,(anonymous_4)
FN:119,(anonymous_5)
FN:151,(anonymous_6)
FNF:6
FNH:0
FNDA:0,(anonymous_1)
FNDA:0,(anonymous_2)
FNDA:0,(anonymous_3)
FNDA:0,(anonymous_4)
FNDA:0,(anonymous_5)
FNDA:0,(anonymous_6)
DA:2,10
DA:3,10
DA:4,10
DA:5,10
DA:6,10
DA:8,10
DA:10,10
DA:11,0
DA:12,0
DA:13,0
DA:16,0
DA:19,10
DA:20,0
DA:21,0
DA:22,0
DA:25,0
DA:28,10
DA:29,0
DA:36,0
DA:37,0
DA:38,0
DA:39,0
DA:41,0
DA:42,0
DA:45,0
DA:46,0
DA:49,0
DA:50,0
DA:53,0
DA:63,0
DA:69,10
DA:70,0
DA:71,0
DA:72,0
DA:73,0
DA:75,0
DA:77,0
DA:78,0
DA:81,0
DA:82,0
DA:83,0
DA:90,0
DA:91,0
DA:94,0
DA:104,0
DA:106,0
DA:119,10
DA:120,0
DA:121,0
DA:123,0
DA:124,0
DA:127,0
DA:128,0
DA:131,0
DA:132,0
DA:133,0
DA:136,0
DA:137,0
DA:138,0
DA:140,0
DA:141,0
DA:142,0
DA:144,0
DA:145,0
DA:146,0
DA:148,0
DA:151,10
DA:152,0
DA:153,0
DA:155,0
DA:156,0
DA:159,0
DA:160,0
DA:161,0
DA:164,0
DA:165,0
DA:166,0
DA:169,0
DA:170,0
DA:171,0
DA:173,0
DA:174,0
DA:175,0
DA:177,0
LF:84
LH:12
BRDA:12,0,0,0
BRDA:12,0,1,0
BRDA:12,1,0,0
BRDA:12,1,1,0
BRDA:21,2,0,0
BRDA:21,2,1,0
BRDA:21,3,0,0
BRDA:21,3,1,0
BRDA:36,4,0,0
BRDA:36,4,1,0
BRDA:37,5,0,0
BRDA:37,5,1,0
BRDA:38,6,0,0
BRDA:38,6,1,0
BRDA:39,7,0,0
BRDA:39,7,1,0
BRDA:41,8,0,0
BRDA:41,8,1,0
BRDA:45,9,0,0
BRDA:45,9,1,0
BRDA:49,10,0,0
BRDA:49,10,1,0
BRDA:77,11,0,0
BRDA:77,11,1,0
BRDA:77,12,0,0
BRDA:77,12,1,0
BRDA:82,13,0,0
BRDA:82,13,1,0
BRDA:90,14,0,0
BRDA:90,14,1,0
BRDA:104,15,0,0
BRDA:104,15,1,0
BRDA:123,16,0,0
BRDA:123,16,1,0
BRDA:127,17,0,0
BRDA:127,17,1,0
BRDA:127,18,0,0
BRDA:127,18,1,0
BRDA:132,19,0,0
BRDA:132,19,1,0
BRDA:137,20,0,0
BRDA:137,20,1,0
BRDA:155,21,0,0
BRDA:155,21,1,0
BRDA:160,22,0,0
BRDA:160,22,1,0
BRDA:164,23,0,0
BRDA:164,23,1,0
BRDA:164,24,0,0
BRDA:164,24,1,0
BRDA:165,25,0,0
BRDA:165,25,1,0
BRF:52
BRH:0
end_of_record
TN:
SF:src/controllers/content.controller.ts
FN:17,(anonymous_1)
FN:25,(anonymous_2)
FN:30,(anonymous_3)
FN:56,(anonymous_4)
FN:70,(anonymous_5)
FN:76,(anonymous_6)
FN:94,(anonymous_7)
FN:112,(anonymous_8)
FN:153,(anonymous_9)
FN:158,(anonymous_10)
FN:177,(anonymous_11)
FN:222,(anonymous_12)
FNF:12
FNH:2
FNDA:0,(anonymous_1)
FNDA:0,(anonymous_2)
FNDA:0,(anonymous_3)
FNDA:0,(anonymous_4)
FNDA:0,(anonymous_5)
FNDA:0,(anonymous_6)
FNDA:0,(anonymous_7)
FNDA:0,(anonymous_8)
FNDA:1,(anonymous_9)
FNDA:0,(anonymous_10)
FNDA:4,(anonymous_11)
FNDA:0,(anonymous_12)
DA:2,11
DA:3,11
DA:4,11
DA:5,11
DA:6,11
DA:7,11
DA:8,11
DA:9,11
DA:10,11
DA:11,11
DA:12,11
DA:13,11
DA:15,11
DA:17,11
DA:25,11
DA:26,0
DA:27,0
DA:30,11
DA:36,0
DA:38,0
DA:39,0
DA:40,0
DA:41,0
DA:43,0
DA:44,0
DA:45,0
DA:52,0
DA:53,0
DA:56,11
DA:57,0
DA:58,0
DA:59,0
DA:62,0
DA:63,0
DA:64,0
DA:67,0
DA:70,11
DA:71,0
DA:72,0
DA:73,0
DA:76,11
DA:77,0
DA:78,0
DA:79,0
DA:82,0
DA:83,0
DA:86,0
DA:87,0
DA:90,0
DA:91,0
DA:94,11
DA:95,0
DA:96,0
DA:97,0
DA:100,0
DA:101,0
DA:104,0
DA:105,0
DA:108,0
DA:109,0
DA:112,11
DA:113,0
DA:114,0
DA:115,0
DA:118,0
DA:119,0
DA:121,0
DA:122,0
DA:123,0
DA:126,0
DA:127,0
DA:128,0
DA:129,0
DA:131,0
DA:138,0
DA:141,0
DA:148,0
DA:150,0
DA:153,11
DA:154,1
DA:155,1
DA:158,11
DA:159,0
DA:160,0
DA:161,0
DA:164,0
DA:165,0
DA:166,0
DA:169,0
DA:170,0
DA:171,0
DA:173,0
DA:177,11
DA:178,4
DA:179,4
DA:180,1
DA:183,3
DA:184,3
DA:185,0
DA:188,3
DA:189,0
DA:190,0
DA:191,0
DA:194,0
DA:195,0
DA:200,3
DA:201,3
DA:202,3
DA:203,0
DA:206,3
DA:207,3
DA:208,0
DA:211,3
DA:214,3
DA:215,3
DA:216,1
DA:219,2
DA:222,11
DA:223,0
DA:224,0
DA:225,0
DA:228,0
DA:229,0
DA:230,0
DA:233,0
DA:234,0
DA:235,0
DA:238,0
DA:239,0
DA:241,0
LF:130
LH:43
BRDA:39,0,0,0
BRDA:39,0,1,0
BRDA:40,1,0,0
BRDA:40,1,1,0
BRDA:41,2,0,0
BRDA:41,2,1,0
BRDA:44,3,0,0
BRDA:44,3,1,0
BRDA:58,4,0,0
BRDA:58,4,1,0
BRDA:63,5,0,0
BRDA:63,5,1,0
BRDA:78,6,0,0
BRDA:78,6,1,0
BRDA:82,7,0,0
BRDA:82,7,1,0
BRDA:86,8,0,0
BRDA:86,8,1,0
BRDA:86,9,0,0
BRDA:86,9,1,0
BRDA:96,10,0,0
BRDA:96,10,1,0
BRDA:100,11,0,0
BRDA:100,11,1,0
BRDA:104,12,0,0
BRDA:104,12,1,0
BRDA:104,13,0,0
BRDA:104,13,1,0
BRDA:114,14,0,0
BRDA:114,14,1,0
BRDA:121,15,0,0
BRDA:121,15,1,0
BRDA:122,16,0,0
BRDA:122,16,1,0
BRDA:159,17,0,0
BRDA:159,17,1,0
BRDA:160,18,0,0
BRDA:160,18,1,0
BRDA:164,19,0,0
BRDA:164,19,1,0
BRDA:165,20,0,0
BRDA:165,20,1,0
BRDA:179,21,0,1
BRDA:179,21,1,3
BRDA:184,22,0,0
BRDA:184,22,1,3
BRDA:188,23,0,0
BRDA:188,23,1,3
BRDA:190,24,0,0
BRDA:190,24,1,0
BRDA:201,25,0,3
BRDA:201,25,1,0
BRDA:202,26,0,0
BRDA:202,26,1,3
BRDA:202,27,0,3
BRDA:202,27,1,3
BRDA:207,28,0,0
BRDA:207,28,1,3
BRDA:215,29,0,1
BRDA:215,29,1,2
BRDA:224,30,0,0
BRDA:224,30,1,0
BRDA:228,31,0,0
BRDA:228,31,1,0
BRDA:229,32,0,0
BRDA:229,32,1,0
BRDA:234,33,0,0
BRDA:234,33,1,0
BRF:68
BRH:11
end_of_record
TN:
SF:src/controllers/course.controller.ts
FN:28,(anonymous_1)
FN:45,(anonymous_2)
FN:64,(anonymous_3)
FN:85,(anonymous_4)
FN:95,(anonymous_5)
FN:110,(anonymous_6)
FN:136,(anonymous_7)
FN:148,(anonymous_8)
FN:149,(anonymous_9)
FN:159,(anonymous_10)
FN:161,(anonymous_11)
FN:162,(anonymous_12)
FN:166,(anonymous_13)
FN:174,(anonymous_14)
FN:182,(anonymous_15)
FN:187,(anonymous_16)
FN:189,(anonymous_17)
FN:204,(anonymous_18)
FN:206,(anonymous_19)
FN:220,(anonymous_20)
FN:331,(anonymous_21)
FN:358,(anonymous_22)
FN:397,(anonymous_23)
FN:409,(anonymous_24)
FN:412,(anonymous_25)
FN:435,(anonymous_26)
FN:487,(anonymous_27)
FN:494,(anonymous_28)
FN:495,(anonymous_29)
FN:509,(anonymous_30)
FN:523,(anonymous_31)
FN:539,(anonymous_32)
FN:555,(anonymous_33)
FN:575,(anonymous_34)
FN:598,(anonymous_35)
FN:609,(anonymous_36)
FN:609,(anonymous_37)
FN:618,(anonymous_38)
FN:625,(anonymous_39)
FN:626,(anonymous_40)
FN:633,(anonymous_41)
FN:659,(anonymous_42)
FN:670,(anonymous_43)
FN:670,(anonymous_44)
FN:679,(anonymous_45)
FN:685,(anonymous_46)
FN:686,(anonymous_47)
FN:693,(anonymous_48)
FN:726,(anonymous_49)
FN:730,(anonymous_50)
FN:755,(anonymous_51)
FN:763,(anonymous_52)
FN:804,(anonymous_53)
FN:810,(anonymous_54)
FN:814,(anonymous_55)
FN:815,(anonymous_56)
FN:823,(anonymous_57)
FN:827,(anonymous_58)
FN:828,(anonymous_59)
FNF:59
FNH:14
FNDA:2,(anonymous_1)
FNDA:1,(anonymous_2)
FNDA:0,(anonymous_3)
FNDA:0,(anonymous_4)
FNDA:0,(anonymous_5)
FNDA:2,(anonymous_6)
FNDA:2,(anonymous_7)
FNDA:2,(anonymous_8)
FNDA:0,(anonymous_9)
FNDA:2,(anonymous_10)
FNDA:4,(anonymous_11)
FNDA:2,(anonymous_12)
FNDA:4,(anonymous_13)
FNDA:0,(anonymous_14)
FNDA:0,(anonymous_15)
FNDA:0,(anonymous_16)
FNDA:0,(anonymous_17)
FNDA:0,(anonymous_18)
FNDA:0,(anonymous_19)
FNDA:6,(anonymous_20)
FNDA:1,(anonymous_21)
FNDA:0,(anonymous_22)
FNDA:0,(anonymous_23)
FNDA:0,(anonymous_24)
FNDA:0,(anonymous_25)
FNDA:1,(anonymous_26)
FNDA:0,(anonymous_27)
FNDA:0,(anonymous_28)
FNDA:0,(anonymous_29)
FNDA:0,(anonymous_30)
FNDA:0,(anonymous_31)
FNDA:0,(anonymous_32)
FNDA:1,(anonymous_33)
FNDA:0,(anonymous_34)
FNDA:0,(anonymous_35)
FNDA:0,(anonymous_36)
FNDA:0,(anonymous_37)
FNDA:0,(anonymous_38)
FNDA:0,(anonymous_39)
FNDA:0,(anonymous_40)
FNDA:0,(anonymous_41)
FNDA:0,(anonymous_42)
FNDA:0,(anonymous_43)
FNDA:0,(anonymous_44)
FNDA:0,(anonymous_45)
FNDA:0,(anonymous_46)
FNDA:0,(anonymous_47)
FNDA:2,(anonymous_48)
FNDA:0,(anonymous_49)
FNDA:0,(anonymous_50)
FNDA:0,(anonymous_51)
FNDA:0,(anonymous_52)
FNDA:0,(anonymous_53)
FNDA:0,(anonymous_54)
FNDA:0,(anonymous_55)
FNDA:0,(anonymous_56)
FNDA:0,(anonymous_57)
FNDA:0,(anonymous_58)
FNDA:0,(anonymous_59)
DA:2,12
DA:3,12
DA:4,12
DA:5,12
DA:6,12
DA:7,12
DA:8,12
DA:9,12
DA:10,12
DA:11,12
DA:12,12
DA:16,12
DA:17,12
DA:18,12
DA:24,12
DA:25,12
DA:26,12
DA:28,12
DA:29,2
DA:30,2
DA:31,0
DA:34,2
DA:35,2
DA:38,0
DA:39,0
DA:42,0
DA:45,12
DA:46,1
DA:47,1
DA:49,1
DA:50,1
DA:51,0
DA:54,1
DA:64,12
DA:65,0
DA:66,0
DA:67,0
DA:70,0
DA:71,0
DA:74,0
DA:75,0
DA:78,0
DA:79,0
DA:82,0
DA:85,12
DA:86,0
DA:87,0
DA:88,0
DA:91,0
DA:92,0
DA:95,12
DA:96,0
DA:97,0
DA:99,0
DA:100,0
DA:103,0
DA:104,0
DA:107,0
DA:110,12
DA:111,2
DA:112,2
DA:115,0
DA:116,0
DA:119,0
DA:120,0
DA:123,0
DA:124,0
DA:125,0
DA:128,0
DA:129,0
DA:130,0
DA:133,0
DA:136,12
DA:137,2
DA:138,0
DA:141,2
DA:142,0
DA:145,2
DA:148,12
DA:149,2
DA:150,0
DA:151,0
DA:152,0
DA:153,0
DA:155,0
DA:159,12
DA:160,2
DA:161,4
DA:163,2
DA:164,2
DA:166,4
DA:168,2
DA:169,2
DA:170,2
DA:174,12
DA:175,0
DA:176,0
DA:179,0
DA:180,0
DA:182,0
DA:183,0
DA:187,12
DA:188,0
DA:190,0
DA:197,0
DA:201,0
DA:204,12
DA:205,0
DA:207,0
DA:214,0
DA:220,12
DA:231,6
DA:233,6
DA:234,6
DA:236,6
DA:237,5
DA:238,2
DA:241,3
DA:242,1
DA:246,3
DA:250,3
DA:251,3
DA:252,3
DA:253,1
DA:254,2
DA:255,1
DA:257,3
DA:259,3
DA:260,0
DA:263,3
DA:264,3
DA:265,0
DA:272,3
DA:273,0
DA:274,0
DA:275,0
DA:277,0
DA:278,0
DA:280,0
DA:281,0
DA:285,3
DA:287,3
DA:288,3
DA:294,3
DA:295,3
DA:296,1
DA:297,1
DA:298,0
DA:302,3
DA:303,1
DA:304,1
DA:312,1
DA:316,1
DA:317,1
DA:319,1
DA:322,2
DA:325,2
DA:326,0
DA:328,2
DA:331,12
DA:332,1
DA:333,1
DA:334,0
DA:337,1
DA:338,1
DA:351,1
DA:352,1
DA:353,1
DA:355,1
DA:358,12
DA:359,0
DA:361,0
DA:362,0
DA:365,0
DA:366,0
DA:369,0
DA:370,0
DA:373,0
DA:374,0
DA:377,0
DA:378,0
DA:381,0
DA:382,0
DA:383,0
DA:384,0
DA:387,0
DA:392,0
DA:393,0
DA:394,0
DA:397,12
DA:398,0
DA:400,0
DA:403,0
DA:404,0
DA:406,0
DA:409,12
DA:410,0
DA:411,0
DA:412,0
DA:414,0
DA:415,0
DA:416,0
DA:418,0
DA:419,0
DA:420,0
DA:422,0
DA:424,0
DA:425,0
DA:427,0
DA:430,0
DA:432,0
DA:435,12
DA:436,1
DA:437,1
DA:438,0
DA:441,1
DA:443,1
DA:444,0
DA:449,0
DA:450,0
DA:454,1
DA:455,1
DA:456,0
DA:459,1
DA:460,1
DA:461,1
DA:463,0
DA:464,0
DA:467,0
DA:470,1
DA:471,1
DA:472,1
DA:474,1
DA:482,1
DA:484,1
DA:487,12
DA:488,0
DA:489,0
DA:490,0
DA:493,0
DA:494,0
DA:495,0
DA:497,0
DA:509,12
DA:510,0
DA:511,0
DA:512,0
DA:513,0
DA:516,0
DA:517,0
DA:518,0
DA:521,0
DA:522,0
DA:523,0
DA:525,0
DA:526,0
DA:527,0
DA:528,0
DA:530,0
DA:539,0
DA:540,0
DA:541,0
DA:545,0
DA:546,0
DA:547,0
DA:549,0
DA:555,12
DA:556,1
DA:557,1
DA:558,0
DA:561,1
DA:563,1
DA:567,1
DA:572,1
DA:575,12
DA:576,0
DA:577,0
DA:579,0
DA:588,0
DA:590,0
DA:591,0
DA:592,0
DA:593,0
DA:595,0
DA:598,12
DA:599,0
DA:600,0
DA:602,0
DA:605,0
DA:607,0
DA:608,0
DA:609,0
DA:610,0
DA:611,0
DA:612,0
DA:615,0
DA:618,12
DA:619,0
DA:621,0
DA:622,0
DA:624,0
DA:625,0
DA:626,0
DA:628,0
DA:630,0
DA:633,12
DA:634,0
DA:635,0
DA:637,0
DA:650,0
DA:652,0
DA:653,0
DA:654,0
DA:656,0
DA:659,12
DA:660,0
DA:661,0
DA:663,0
DA:666,0
DA:668,0
DA:669,0
DA:670,0
DA:671,0
DA:672,0
DA:673,0
DA:676,0
DA:679,12
DA:680,0
DA:682,0
DA:684,0
DA:685,0
DA:686,0
DA:688,0
DA:690,0
DA:693,12
DA:694,2
DA:695,2
DA:696,0
DA:699,2
DA:700,2
DA:701,0
DA:704,2
DA:705,2
DA:706,2
DA:707,1
DA:710,1
DA:711,1
DA:712,1
DA:713,1
DA:714,1
DA:716,1
DA:717,1
DA:720,1
DA:726,0
DA:730,12
DA:731,0
DA:732,0
DA:734,0
DA:735,0
DA:736,0
DA:739,0
DA:740,0
DA:741,0
DA:744,0
DA:745,0
DA:746,0
DA:749,0
DA:750,0
DA:751,0
DA:754,0
DA:755,0
DA:756,0
DA:757,0
DA:758,0
DA:759,0
DA:762,0
DA:763,0
DA:764,0
DA:765,0
DA:767,0
DA:768,0
DA:769,0
DA:770,0
DA:771,0
DA:773,0
DA:774,0
DA:775,0
DA:776,0
DA:777,0
DA:784,0
DA:785,0
DA:786,0
DA:787,0
DA:788,0
DA:790,0
DA:791,0
DA:794,0
DA:798,0
DA:804,0
DA:810,12
DA:811,0
DA:812,0
DA:813,0
DA:814,0
DA:815,0
DA:817,0
DA:818,0
DA:820,0
DA:823,12
DA:824,0
DA:825,0
DA:826,0
DA:827,0
DA:828,0
DA:830,0
DA:831,0
DA:833,0
LF:417
LH:153
BRDA:30,0,0,0
BRDA:30,0,1,2
BRDA:34,1,0,2
BRDA:34,1,1,0
BRDA:34,2,0,2
BRDA:34,2,1,2
BRDA:38,3,0,0
BRDA:38,3,1,0
BRDA:50,4,0,0
BRDA:50,4,1,1
BRDA:66,5,0,0
BRDA:66,5,1,0
BRDA:70,6,0,0
BRDA:70,6,1,0
BRDA:74,7,0,0
BRDA:74,7,1,0
BRDA:78,8,0,0
BRDA:78,8,1,0
BRDA:78,9,0,0
BRDA:78,9,1,0
BRDA:87,10,0,0
BRDA:87,10,1,0
BRDA:99,11,0,0
BRDA:99,11,1,0
BRDA:103,12,0,0
BRDA:103,12,1,0
BRDA:111,13,0,2
BRDA:111,13,1,0
BRDA:115,14,0,0
BRDA:115,14,1,0
BRDA:119,15,0,0
BRDA:119,15,1,0
BRDA:123,16,0,0
BRDA:123,16,1,0
BRDA:124,17,0,0
BRDA:124,17,1,0
BRDA:124,18,0,0
BRDA:124,18,1,0
BRDA:129,19,0,0
BRDA:129,19,1,0
BRDA:137,20,0,0
BRDA:137,20,1,2
BRDA:141,21,0,0
BRDA:141,21,1,2
BRDA:141,22,0,2
BRDA:141,22,1,0
BRDA:141,22,2,0
BRDA:141,22,3,0
BRDA:150,23,0,0
BRDA:150,23,1,0
BRDA:151,24,0,0
BRDA:151,24,1,0
BRDA:152,25,0,0
BRDA:152,25,1,0
BRDA:161,26,0,4
BRDA:161,26,1,4
BRDA:163,27,0,2
BRDA:163,27,1,0
BRDA:164,28,0,0
BRDA:164,28,1,2
BRDA:168,29,0,1
BRDA:168,29,1,1
BRDA:175,30,0,0
BRDA:175,30,1,0
BRDA:182,31,0,0
BRDA:182,31,1,0
BRDA:234,32,0,6
BRDA:234,32,1,1
BRDA:236,33,0,5
BRDA:236,33,1,1
BRDA:237,34,0,2
BRDA:237,34,1,3
BRDA:241,35,0,1
BRDA:241,35,1,2
BRDA:241,36,0,3
BRDA:241,36,1,2
BRDA:250,37,0,0
BRDA:250,37,1,3
BRDA:251,38,0,0
BRDA:251,38,1,3
BRDA:252,39,0,1
BRDA:252,39,1,2
BRDA:254,40,0,1
BRDA:254,40,1,1
BRDA:254,41,0,2
BRDA:254,41,1,1
BRDA:257,42,0,0
BRDA:257,42,1,3
BRDA:259,43,0,0
BRDA:259,43,1,3
BRDA:264,44,0,0
BRDA:264,44,1,3
BRDA:272,45,0,0
BRDA:272,45,1,3
BRDA:272,46,0,3
BRDA:272,46,1,3
BRDA:274,47,0,0
BRDA:274,47,1,0
BRDA:274,48,0,0
BRDA:274,48,1,0
BRDA:277,49,0,0
BRDA:277,49,1,0
BRDA:277,50,0,0
BRDA:277,50,1,0
BRDA:280,51,0,0
BRDA:280,51,1,0
BRDA:285,52,0,3
BRDA:285,52,1,2
BRDA:287,53,0,3
BRDA:287,53,1,0
BRDA:287,54,0,3
BRDA:287,54,1,2
BRDA:290,55,0,3
BRDA:290,55,1,0
BRDA:290,56,0,3
BRDA:290,56,1,2
BRDA:294,57,0,3
BRDA:294,57,1,1
BRDA:295,58,0,1
BRDA:295,58,1,2
BRDA:297,59,0,0
BRDA:297,59,1,1
BRDA:302,60,0,1
BRDA:302,60,1,2
BRDA:316,61,0,1
BRDA:316,61,1,0
BRDA:325,62,0,0
BRDA:325,62,1,2
BRDA:333,63,0,0
BRDA:333,63,1,1
BRDA:353,64,0,1
BRDA:353,64,1,0
BRDA:361,65,0,0
BRDA:361,65,1,0
BRDA:361,66,0,0
BRDA:361,66,1,0
BRDA:365,67,0,0
BRDA:365,67,1,0
BRDA:369,68,0,0
BRDA:369,68,1,0
BRDA:369,69,0,0
BRDA:369,69,1,0
BRDA:373,70,0,0
BRDA:373,70,1,0
BRDA:373,71,0,0
BRDA:373,71,1,0
BRDA:377,72,0,0
BRDA:377,72,1,0
BRDA:381,73,0,0
BRDA:381,73,1,0
BRDA:383,74,0,0
BRDA:383,74,1,0
BRDA:383,75,0,0
BRDA:383,75,1,0
BRDA:437,76,0,0
BRDA:437,76,1,1
BRDA:443,77,0,0
BRDA:443,77,1,1
BRDA:449,78,0,0
BRDA:449,78,1,0
BRDA:455,79,0,0
BRDA:455,79,1,1
BRDA:463,80,0,0
BRDA:463,80,1,0
BRDA:470,81,0,1
BRDA:470,81,1,1
BRDA:489,82,0,0
BRDA:489,82,1,0
BRDA:494,83,0,0
BRDA:494,83,1,0
BRDA:495,84,0,0
BRDA:495,84,1,0
BRDA:512,85,0,0
BRDA:512,85,1,0
BRDA:517,86,0,0
BRDA:517,86,1,0
BRDA:521,87,0,0
BRDA:521,87,1,0
BRDA:525,88,0,0
BRDA:525,88,1,0
BRDA:527,89,0,0
BRDA:527,89,1,0
BRDA:533,90,0,0
BRDA:533,90,1,0
BRDA:539,91,0,0
BRDA:539,91,1,0
BRDA:542,92,0,0
BRDA:542,92,1,0
BRDA:550,93,0,0
BRDA:550,93,1,0
BRDA:557,94,0,0
BRDA:557,94,1,1
BRDA:577,95,0,0
BRDA:577,95,1,0
BRDA:582,96,0,0
BRDA:582,96,1,0
BRDA:583,97,0,0
BRDA:583,97,1,0
BRDA:585,98,0,0
BRDA:585,98,1,0
BRDA:590,99,0,0
BRDA:590,99,1,0
BRDA:600,100,0,0
BRDA:600,100,1,0
BRDA:607,101,0,0
BRDA:607,101,1,0
BRDA:624,102,0,0
BRDA:624,102,1,0
BRDA:635,103,0,0
BRDA:635,103,1,0
BRDA:641,104,0,0
BRDA:641,104,1,0
BRDA:644,105,0,0
BRDA:644,105,1,0
BRDA:645,106,0,0
BRDA:645,106,1,0
BRDA:646,107,0,0
BRDA:646,107,1,0
BRDA:646,108,0,0
BRDA:646,108,1,0
BRDA:652,109,0,0
BRDA:652,109,1,0
BRDA:661,110,0,0
BRDA:661,110,1,0
BRDA:668,111,0,0
BRDA:668,111,1,0
BRDA:684,112,0,0
BRDA:684,112,1,0
BRDA:695,113,0,0
BRDA:695,113,1,2
BRDA:700,114,0,0
BRDA:700,114,1,2
BRDA:706,115,0,1
BRDA:706,115,1,1
BRDA:706,116,0,2
BRDA:706,116,1,2
BRDA:706,116,2,2
BRDA:711,117,0,1
BRDA:711,117,1,0
BRDA:712,118,0,1
BRDA:712,118,1,0
BRDA:716,119,0,1
BRDA:716,119,1,0
BRDA:716,120,0,1
BRDA:716,120,1,1
BRDA:717,121,0,1
BRDA:717,121,1,0
BRDA:726,122,0,1
BRDA:726,122,1,0
BRDA:735,123,0,0
BRDA:735,123,1,0
BRDA:740,124,0,0
BRDA:740,124,1,0
BRDA:745,125,0,0
BRDA:745,125,1,0
BRDA:745,126,0,0
BRDA:745,126,1,0
BRDA:750,127,0,0
BRDA:750,127,1,0
BRDA:755,128,0,0
BRDA:755,128,1,0
BRDA:757,129,0,0
BRDA:757,129,1,0
BRDA:758,130,0,0
BRDA:758,130,1,0
BRDA:763,131,0,0
BRDA:763,131,1,0
BRDA:764,132,0,0
BRDA:764,132,1,0
BRDA:765,133,0,0
BRDA:765,133,1,0
BRDA:768,134,0,0
BRDA:768,134,1,0
BRDA:769,135,0,0
BRDA:769,135,1,0
BRDA:774,136,0,0
BRDA:774,136,1,0
BRDA:774,137,0,0
BRDA:774,137,1,0
BRDA:775,138,0,0
BRDA:775,138,1,0
BRDA:784,139,0,0
BRDA:784,139,1,0
BRDA:784,140,0,0
BRDA:784,140,1,0
BRDA:786,141,0,0
BRDA:786,141,1,0
BRDA:786,142,0,0
BRDA:786,142,1,0
BRDA:787,143,0,0
BRDA:787,143,1,0
BRDA:790,144,0,0
BRDA:790,144,1,0
BRDA:804,145,0,0
BRDA:804,145,1,0
BRF:295
BRH:78
end_of_record
TN:
SF:src/controllers/dashboard.controller.ts
FN:11,(anonymous_9)
FN:17,(anonymous_10)
FN:24,(anonymous_11)
FN:37,(anonymous_12)
FN:51,(anonymous_13)
FN:62,(anonymous_14)
FN:70,(anonymous_15)
FN:83,(anonymous_16)
FN:93,(anonymous_17)
FN:99,(anonymous_18)
FN:108,(anonymous_19)
FN:123,(anonymous_20)
FN:132,(anonymous_21)
FN:138,(anonymous_22)
FN:141,(anonymous_23)
FN:156,(anonymous_24)
FN:169,(anonymous_25)
FN:177,(anonymous_26)
FN:192,(anonymous_27)
FN:196,(anonymous_28)
FN:198,(anonymous_29)
FN:198,(anonymous_30)
FN:215,(anonymous_31)
FN:217,(anonymous_32)
FN:222,(anonymous_33)
FN:226,(anonymous_34)
FN:229,(anonymous_35)
FN:232,(anonymous_36)
FN:239,(anonymous_37)
FN:251,(anonymous_38)
FN:263,(anonymous_39)
FN:264,(anonymous_40)
FN:271,(anonymous_41)
FN:277,(anonymous_42)
FN:285,(anonymous_43)
FN:291,(anonymous_44)
FN:299,(anonymous_45)
FN:309,(anonymous_46)
FN:317,(anonymous_47)
FN:332,(anonymous_48)
FN:350,(anonymous_49)
FNF:41
FNH:0
FNDA:0,(anonymous_9)
FNDA:0,(anonymous_10)
FNDA:0,(anonymous_11)
FNDA:0,(anonymous_12)
FNDA:0,(anonymous_13)
FNDA:0,(anonymous_14)
FNDA:0,(anonymous_15)
FNDA:0,(anonymous_16)
FNDA:0,(anonymous_17)
FNDA:0,(anonymous_18)
FNDA:0,(anonymous_19)
FNDA:0,(anonymous_20)
FNDA:0,(anonymous_21)
FNDA:0,(anonymous_22)
FNDA:0,(anonymous_23)
FNDA:0,(anonymous_24)
FNDA:0,(anonymous_25)
FNDA:0,(anonymous_26)
FNDA:0,(anonymous_27)
FNDA:0,(anonymous_28)
FNDA:0,(anonymous_29)
FNDA:0,(anonymous_30)
FNDA:0,(anonymous_31)
FNDA:0,(anonymous_32)
FNDA:0,(anonymous_33)
FNDA:0,(anonymous_34)
FNDA:0,(anonymous_35)
FNDA:0,(anonymous_36)
FNDA:0,(anonymous_37)
FNDA:0,(anonymous_38)
FNDA:0,(anonymous_39)
FNDA:0,(anonymous_40)
FNDA:0,(anonymous_41)
FNDA:0,(anonymous_42)
FNDA:0,(anonymous_43)
FNDA:0,(anonymous_44)
FNDA:0,(anonymous_45)
FNDA:0,(anonymous_46)
FNDA:0,(anonymous_47)
FNDA:0,(anonymous_48)
FNDA:0,(anonymous_49)
DA:2,10
DA:3,10
DA:4,10
DA:5,10
DA:6,10
DA:7,10
DA:8,10
DA:9,10
DA:11,10
DA:12,0
DA:17,0
DA:24,10
DA:25,0
DA:26,0
DA:27,0
DA:28,0
DA:29,0
DA:31,0
DA:32,0
DA:33,0
DA:34,0
DA:37,10
DA:38,0
DA:40,0
DA:43,0
DA:45,0
DA:47,0
DA:51,10
DA:52,0
DA:53,0
DA:55,0
DA:62,0
DA:70,10
DA:71,0
DA:73,0
DA:74,0
DA:76,0
DA:77,0
DA:78,0
DA:79,0
DA:80,0
DA:83,0
DA:84,0
DA:85,0
DA:86,0
DA:87,0
DA:92,0
DA:93,0
DA:99,10
DA:100,0
DA:102,0
DA:106,0
DA:108,0
DA:112,0
DA:113,0
DA:114,0
DA:117,0
DA:123,0
DA:132,10
DA:133,0
DA:134,0
DA:136,0
DA:137,0
DA:138,0
DA:141,0
DA:142,0
DA:144,0
DA:151,0
DA:156,0
DA:169,10
DA:170,0
DA:177,0
DA:192,10
DA:193,0
DA:195,0
DA:196,0
DA:198,0
DA:200,0
DA:201,0
DA:202,0
DA:206,0
DA:208,0
DA:215,10
DA:216,0
DA:217,0
DA:219,0
DA:220,0
DA:221,0
DA:222,0
DA:225,0
DA:226,0
DA:229,0
DA:230,0
DA:231,0
DA:232,0
DA:233,0
DA:234,0
DA:235,0
DA:239,0
DA:241,0
DA:246,0
DA:251,0
DA:263,10
DA:264,0
DA:266,0
DA:270,0
DA:271,0
DA:276,0
DA:277,0
DA:278,0
DA:279,0
DA:280,0
DA:281,0
DA:285,0
DA:291,10
DA:292,0
DA:299,0
DA:301,0
DA:309,0
DA:317,10
DA:318,0
DA:325,0
DA:332,0
DA:350,10
DA:351,0
DA:360,0
DA:366,0
LF:127
LH:22
BRDA:31,0,0,0
BRDA:31,0,1,0
BRDA:32,1,0,0
BRDA:32,1,1,0
BRDA:32,2,0,0
BRDA:32,2,1,0
BRDA:33,3,0,0
BRDA:33,3,1,0
BRDA:33,4,0,0
BRDA:33,4,1,0
BRDA:38,5,0,0
BRDA:38,5,1,0
BRDA:38,5,2,0
BRDA:38,5,3,0
BRDA:38,5,4,0
BRDA:53,6,0,0
BRDA:53,6,1,0
BRDA:64,7,0,0
BRDA:64,7,1,0
BRDA:65,8,0,0
BRDA:65,8,1,0
BRDA:84,9,0,0
BRDA:84,9,1,0
BRDA:86,10,0,0
BRDA:86,10,1,0
BRDA:87,11,0,0
BRDA:87,11,1,0
BRDA:113,12,0,0
BRDA:113,12,1,0
BRDA:126,13,0,0
BRDA:126,13,1,0
BRDA:126,14,0,0
BRDA:126,14,1,0
BRDA:127,15,0,0
BRDA:127,15,1,0
BRDA:128,16,0,0
BRDA:128,16,1,0
BRDA:137,17,0,0
BRDA:137,17,1,0
BRDA:138,18,0,0
BRDA:138,18,1,0
BRDA:141,19,0,0
BRDA:141,19,1,0
BRDA:142,20,0,0
BRDA:142,20,1,0
BRDA:179,21,0,0
BRDA:179,21,1,0
BRDA:180,22,0,0
BRDA:180,22,1,0
BRDA:180,23,0,0
BRDA:180,23,1,0
BRDA:180,24,0,0
BRDA:180,24,1,0
BRDA:183,25,0,0
BRDA:183,25,1,0
BRDA:184,26,0,0
BRDA:184,26,1,0
BRDA:184,27,0,0
BRDA:184,27,1,0
BRDA:186,28,0,0
BRDA:186,28,1,0
BRDA:187,29,0,0
BRDA:187,29,1,0
BRDA:188,30,0,0
BRDA:188,30,1,0
BRDA:201,31,0,0
BRDA:201,31,1,0
BRDA:206,32,0,0
BRDA:206,32,1,0
BRDA:221,33,0,0
BRDA:221,33,1,0
BRDA:222,34,0,0
BRDA:222,34,1,0
BRDA:225,35,0,0
BRDA:225,35,1,0
BRDA:226,36,0,0
BRDA:226,36,1,0
BRDA:234,37,0,0
BRDA:234,37,1,0
BRDA:235,38,0,0
BRDA:235,38,1,0
BRDA:235,39,0,0
BRDA:235,39,1,0
BRDA:254,40,0,0
BRDA:254,40,1,0
BRDA:256,41,0,0
BRDA:256,41,1,0
BRDA:279,42,0,0
BRDA:279,42,1,0
BRDA:281,43,0,0
BRDA:281,43,1,0
BRDA:310,44,0,0
BRDA:310,44,1,0
BRDA:312,45,0,0
BRDA:312,45,1,0
BRDA:313,46,0,0
BRDA:313,46,1,0
BRDA:334,47,0,0
BRDA:334,47,1,0
BRDA:335,48,0,0
BRDA:335,48,1,0
BRDA:335,49,0,0
BRDA:335,49,1,0
BRDA:335,50,0,0
BRDA:335,50,1,0
BRDA:338,51,0,0
BRDA:338,51,1,0
BRDA:339,52,0,0
BRDA:339,52,1,0
BRDA:339,53,0,0
BRDA:339,53,1,0
BRDA:341,54,0,0
BRDA:341,54,1,0
BRDA:342,55,0,0
BRDA:342,55,1,0
BRDA:345,56,0,0
BRDA:345,56,1,0
BRDA:346,57,0,0
BRDA:346,57,1,0
BRF:119
BRH:0
end_of_record
TN:
SF:src/controllers/discussion.controller.ts
FN:10,(anonymous_0)
FN:23,(anonymous_1)
FN:47,(anonymous_2)
FN:93,(anonymous_3)
FN:107,(anonymous_4)
FN:108,(anonymous_5)
FN:123,(anonymous_6)
FN:124,(anonymous_7)
FN:137,(anonymous_8)
FN:147,(anonymous_9)
FN:149,(anonymous_10)
FN:153,(anonymous_11)
FNF:12
FNH:4
FNDA:4,(anonymous_0)
FNDA:4,(anonymous_1)
FNDA:3,(anonymous_2)
FNDA:0,(anonymous_3)
FNDA:0,(anonymous_4)
FNDA:0,(anonymous_5)
FNDA:0,(anonymous_6)
FNDA:0,(anonymous_7)
FNDA:0,(anonymous_8)
FNDA:0,(anonymous_9)
FNDA:0,(anonymous_10)
FNDA:1,(anonymous_11)
DA:2,12
DA:3,12
DA:4,12
DA:5,12
DA:6,12
DA:7,12
DA:8,12
DA:10,12
DA:23,12
DA:24,4
DA:25,0
DA:28,4
DA:29,0
DA:32,4
DA:33,4
DA:34,0
DA:37,4
DA:38,0
DA:41,4
DA:42,4
DA:43,1
DA:47,12
DA:48,3
DA:49,3
DA:50,0
DA:53,3
DA:55,2
DA:56,2
DA:57,2
DA:58,2
DA:60,2
DA:61,1
DA:66,1
DA:69,1
DA:70,1
DA:79,1
DA:80,1
DA:82,1
DA:93,12
DA:94,0
DA:95,0
DA:96,0
DA:99,0
DA:100,0
DA:105,0
DA:107,0
DA:108,0
DA:115,0
DA:116,0
DA:121,0
DA:123,0
DA:124,0
DA:131,0
DA:136,0
DA:138,0
DA:139,0
DA:140,0
DA:142,0
DA:147,0
DA:149,0
DA:150,0
DA:153,12
DA:154,1
DA:155,1
DA:157,1
DA:158,0
DA:161,1
DA:162,0
DA:165,1
DA:167,1
DA:176,1
DA:178,1
DA:181,1
DA:182,0
DA:185,1
DA:187,1
DA:188,1
DA:189,0
DA:192,1
DA:193,1
DA:194,1
DA:202,1
DA:212,1
LF:83
LH:52
BRDA:17,0,0,4
BRDA:17,0,1,0
BRDA:24,1,0,0
BRDA:24,1,1,4
BRDA:28,2,0,0
BRDA:28,2,1,4
BRDA:33,3,0,0
BRDA:33,3,1,4
BRDA:37,4,0,0
BRDA:37,4,1,4
BRDA:37,5,0,4
BRDA:37,5,1,0
BRDA:42,6,0,1
BRDA:42,6,1,3
BRDA:48,7,0,3
BRDA:48,7,1,0
BRDA:49,8,0,0
BRDA:49,8,1,3
BRDA:55,9,0,2
BRDA:55,9,1,1
BRDA:56,10,0,2
BRDA:56,10,1,1
BRDA:57,11,0,2
BRDA:57,11,1,0
BRDA:57,12,0,2
BRDA:57,12,1,1
BRDA:58,13,0,2
BRDA:58,13,1,0
BRDA:58,14,0,2
BRDA:58,14,1,1
BRDA:60,15,0,1
BRDA:60,15,1,1
BRDA:95,16,0,0
BRDA:95,16,1,0
BRDA:99,17,0,0
BRDA:99,17,1,0
BRDA:99,18,0,0
BRDA:99,18,1,0
BRDA:107,19,0,0
BRDA:107,19,1,0
BRDA:115,20,0,0
BRDA:115,20,1,0
BRDA:123,21,0,0
BRDA:123,21,1,0
BRDA:139,22,0,0
BRDA:139,22,1,0
BRDA:139,23,0,0
BRDA:139,23,1,0
BRDA:154,24,0,1
BRDA:154,24,1,0
BRDA:157,25,0,0
BRDA:157,25,1,1
BRDA:161,26,0,0
BRDA:161,26,1,1
BRDA:161,27,0,1
BRDA:161,27,1,1
BRDA:170,28,0,0
BRDA:170,28,1,1
BRDA:170,29,0,1
BRDA:170,29,1,0
BRDA:181,30,0,0
BRDA:181,30,1,1
BRDA:188,31,0,0
BRDA:188,31,1,1
BRDA:188,32,0,1
BRDA:188,32,1,0
BRDA:193,33,0,1
BRDA:193,33,1,0
BRDA:193,34,0,1
BRDA:193,34,1,1
BRDA:198,35,0,1
BRDA:198,35,1,0
BRF:72
BRH:36
end_of_record
TN:
SF:src/controllers/live-session.controller.ts
FN:10,(anonymous_0)
FN:18,(anonymous_1)
FN:26,(anonymous_2)
FN:38,(anonymous_3)
FN:63,(anonymous_4)
FN:109,(anonymous_5)
FNF:6
FNH:5
FNDA:2,(anonymous_0)
FNDA:3,(anonymous_1)
FNDA:3,(anonymous_2)
FNDA:0,(anonymous_3)
FNDA:1,(anonymous_4)
FNDA:1,(anonymous_5)
DA:2,11
DA:3,11
DA:4,11
DA:5,11
DA:6,11
DA:7,11
DA:8,11
DA:10,11
DA:15,2
DA:16,2
DA:18,3
DA:22,2
DA:23,0
DA:26,3
DA:35,2
DA:38,11
DA:39,0
DA:41,0
DA:42,0
DA:43,0
DA:46,0
DA:47,0
DA:48,0
DA:49,0
DA:51,0
DA:52,0
DA:53,0
DA:55,0
DA:56,0
DA:59,0
DA:60,0
DA:63,11
DA:64,1
DA:65,1
DA:66,1
DA:67,0
DA:70,1
DA:71,0
DA:74,1
DA:75,0
DA:78,1
DA:79,1
DA:80,1
DA:81,0
DA:84,1
DA:98,1
DA:100,1
DA:106,1
DA:109,11
DA:110,1
DA:111,1
DA:112,1
DA:113,0
DA:116,1
DA:117,1
DA:118,0
DA:121,1
DA:122,0
DA:125,1
DA:126,0
DA:129,1
DA:130,1
DA:131,1
DA:133,1
DA:134,1
DA:135,1
DA:142,1
LF:67
LH:43
BRDA:18,0,0,3
BRDA:18,0,1,0
BRDA:22,1,0,0
BRDA:22,1,1,2
BRDA:42,2,0,0
BRDA:42,2,1,0
BRDA:46,3,0,0
BRDA:46,3,1,0
BRDA:48,4,0,0
BRDA:48,4,1,0
BRDA:51,5,0,0
BRDA:51,5,1,0
BRDA:52,6,0,0
BRDA:52,6,1,0
BRDA:52,7,0,0
BRDA:52,7,1,0
BRDA:55,8,0,0
BRDA:55,8,1,0
BRDA:66,9,0,0
BRDA:66,9,1,1
BRDA:70,10,0,0
BRDA:70,10,1,1
BRDA:74,11,0,0
BRDA:74,11,1,1
BRDA:74,12,0,1
BRDA:74,12,1,1
BRDA:79,13,0,0
BRDA:79,13,1,1
BRDA:80,14,0,0
BRDA:80,14,1,1
BRDA:80,15,0,1
BRDA:80,15,1,0
BRDA:93,16,0,1
BRDA:93,16,1,1
BRDA:112,17,0,0
BRDA:112,17,1,1
BRDA:117,18,0,0
BRDA:117,18,1,1
BRDA:121,19,0,0
BRDA:121,19,1,1
BRDA:125,20,0,0
BRDA:125,20,1,1
BRDA:125,21,0,1
BRDA:125,21,1,1
BRDA:133,22,0,1
BRDA:133,22,1,0
BRDA:133,23,0,1
BRDA:133,23,1,1
BRDA:133,23,2,0
BRF:49
BRH:21
end_of_record
TN:
SF:src/controllers/notification.controller.ts
FN:14,(anonymous_1)
FN:23,(anonymous_2)
FN:32,(anonymous_3)
FN:45,(anonymous_4)
FN:62,(anonymous_5)
FN:114,(anonymous_6)
FN:119,(anonymous_7)
FN:186,(anonymous_8)
FN:213,(anonymous_9)
FN:229,(anonymous_10)
FN:242,(anonymous_11)
FN:287,(anonymous_12)
FN:302,(anonymous_13)
FN:311,(anonymous_14)
FNF:14
FNH:0
FNDA:0,(anonymous_1)
FNDA:0,(anonymous_2)
FNDA:0,(anonymous_3)
FNDA:0,(anonymous_4)
FNDA:0,(anonymous_5)
FNDA:0,(anonymous_6)
FNDA:0,(anonymous_7)
FNDA:0,(anonymous_8)
FNDA:0,(anonymous_9)
FNDA:0,(anonymous_10)
FNDA:0,(anonymous_11)
FNDA:0,(anonymous_12)
FNDA:0,(anonymous_13)
FNDA:0,(anonymous_14)
DA:2,10
DA:3,10
DA:4,10
DA:5,10
DA:6,10
DA:7,10
DA:8,10
DA:9,10
DA:10,10
DA:12,10
DA:14,10
DA:15,0
DA:16,0
DA:17,0
DA:20,0
DA:23,10
DA:24,0
DA:25,0
DA:26,0
DA:29,0
DA:32,10
DA:33,0
DA:34,0
DA:37,0
DA:38,0
DA:39,0
DA:42,0
DA:45,10
DA:46,0
DA:47,0
DA:50,0
DA:51,0
DA:52,0
DA:55,0
DA:56,0
DA:59,0
DA:62,10
DA:63,0
DA:64,0
DA:65,0
DA:67,0
DA:69,0
DA:70,0
DA:71,0
DA:74,0
DA:77,0
DA:78,0
DA:81,0
DA:82,0
DA:83,0
DA:89,0
DA:91,0
DA:99,0
DA:101,0
DA:114,10
DA:115,0
DA:116,0
DA:119,10
DA:120,0
DA:127,0
DA:128,0
DA:131,0
DA:132,0
DA:134,0
DA:135,0
DA:138,0
DA:139,0
DA:142,0
DA:143,0
DA:145,0
DA:146,0
DA:147,0
DA:148,0
DA:151,0
DA:159,0
DA:160,0
DA:164,0
DA:165,0
DA:174,0
DA:175,0
DA:183,0
DA:186,10
DA:187,0
DA:195,0
DA:196,0
DA:197,0
DA:198,0
DA:201,0
DA:202,0
DA:205,0
DA:207,0
DA:208,0
DA:209,0
DA:212,0
DA:213,0
DA:216,0
DA:217,0
DA:220,0
DA:221,0
DA:222,0
DA:224,0
DA:225,0
DA:226,0
DA:229,0
DA:238,0
DA:239,0
DA:242,10
DA:248,0
DA:255,0
DA:256,0
DA:257,0
DA:260,0
DA:266,0
DA:267,0
DA:270,0
DA:271,0
DA:272,0
DA:275,0
DA:278,0
DA:279,0
DA:282,0
DA:284,0
DA:287,10
DA:288,0
DA:290,0
DA:296,0
DA:297,0
DA:299,0
DA:302,10
DA:303,0
DA:308,0
DA:311,10
DA:312,0
DA:314,0
DA:320,0
DA:321,0
LF:136
LH:22
BRDA:16,0,0,0
BRDA:16,0,1,0
BRDA:16,1,0,0
BRDA:16,1,1,0
BRDA:25,2,0,0
BRDA:25,2,1,0
BRDA:25,3,0,0
BRDA:25,3,1,0
BRDA:33,4,0,0
BRDA:33,4,1,0
BRDA:33,5,0,0
BRDA:33,5,1,0
BRDA:38,6,0,0
BRDA:38,6,1,0
BRDA:46,7,0,0
BRDA:46,7,1,0
BRDA:51,8,0,0
BRDA:51,8,1,0
BRDA:55,9,0,0
BRDA:55,9,1,0
BRDA:55,10,0,0
BRDA:55,10,1,0
BRDA:69,11,0,0
BRDA:69,11,1,0
BRDA:69,12,0,0
BRDA:69,12,1,0
BRDA:70,13,0,0
BRDA:70,13,1,0
BRDA:70,14,0,0
BRDA:70,14,1,0
BRDA:77,15,0,0
BRDA:77,15,1,0
BRDA:82,16,0,0
BRDA:82,16,1,0
BRDA:99,17,0,0
BRDA:99,17,1,0
BRDA:127,18,0,0
BRDA:127,18,1,0
BRDA:127,19,0,0
BRDA:127,19,1,0
BRDA:131,20,0,0
BRDA:131,20,1,0
BRDA:132,21,0,0
BRDA:132,21,1,0
BRDA:134,22,0,0
BRDA:134,22,1,0
BRDA:138,23,0,0
BRDA:138,23,1,0
BRDA:145,24,0,0
BRDA:145,24,1,0
BRDA:145,25,0,0
BRDA:145,25,1,0
BRDA:147,26,0,0
BRDA:147,26,1,0
BRDA:159,27,0,0
BRDA:159,27,1,0
BRDA:195,28,0,0
BRDA:195,28,1,0
BRDA:196,29,0,0
BRDA:196,29,1,0
BRDA:197,30,0,0
BRDA:197,30,1,0
BRDA:201,31,0,0
BRDA:201,31,1,0
BRDA:208,32,0,0
BRDA:208,32,1,0
BRDA:208,33,0,0
BRDA:208,33,1,0
BRDA:212,34,0,0
BRDA:212,34,1,0
BRDA:213,35,0,0
BRDA:213,35,1,0
BRDA:216,36,0,0
BRDA:216,36,1,0
BRDA:216,37,0,0
BRDA:216,37,1,0
BRDA:221,38,0,0
BRDA:221,38,1,0
BRDA:222,39,0,0
BRDA:222,39,1,0
BRDA:225,40,0,0
BRDA:225,40,1,0
BRDA:256,41,0,0
BRDA:256,41,1,0
BRDA:256,42,0,0
BRDA:256,42,1,0
BRDA:266,43,0,0
BRDA:266,43,1,0
BRDA:270,44,0,0
BRDA:270,44,1,0
BRDA:271,45,0,0
BRDA:271,45,1,0
BRDA:278,46,0,0
BRDA:278,46,1,0
BRDA:284,47,0,0
BRDA:284,47,1,0
BRDA:292,48,0,0
BRDA:292,48,1,0
BRDA:293,49,0,0
BRDA:293,49,1,0
BRDA:308,50,0,0
BRDA:308,50,1,0
BRDA:316,51,0,0
BRDA:316,51,1,0
BRDA:317,52,0,0
BRDA:317,52,1,0
BRF:106
BRH:0
end_of_record
TN:
SF:src/controllers/payment.controller.ts
FN:13,(anonymous_1)
FN:15,(anonymous_2)
FN:26,(anonymous_3)
FN:31,(anonymous_4)
FN:40,(anonymous_5)
FN:43,(anonymous_6)
FN:70,(anonymous_7)
FN:76,(anonymous_8)
FN:98,(anonymous_9)
FN:160,(anonymous_10)
FN:196,(anonymous_11)
FN:250,(anonymous_12)
FN:256,(anonymous_13)
FN:257,(anonymous_14)
FN:266,(anonymous_15)
FN:268,(anonymous_16)
FN:275,(anonymous_17)
FN:278,(anonymous_18)
FN:284,(anonymous_19)
FN:286,(anonymous_20)
FN:288,(anonymous_21)
FN:290,(anonymous_22)
FN:291,(anonymous_23)
FN:298,(anonymous_24)
FN:308,(anonymous_25)
FN:315,(anonymous_26)
FN:318,(anonymous_27)
FN:324,(anonymous_28)
FN:326,(anonymous_29)
FNF:29
FNH:4
FNDA:0,(anonymous_1)
FNDA:0,(anonymous_2)
FNDA:0,(anonymous_3)
FNDA:0,(anonymous_4)
FNDA:0,(anonymous_5)
FNDA:1,(anonymous_6)
FNDA:0,(anonymous_7)
FNDA:1,(anonymous_8)
FNDA:0,(anonymous_9)
FNDA:1,(anonymous_10)
FNDA:1,(anonymous_11)
FNDA:0,(anonymous_12)
FNDA:0,(anonymous_13)
FNDA:0,(anonymous_14)
FNDA:0,(anonymous_15)
FNDA:0,(anonymous_16)
FNDA:0,(anonymous_17)
FNDA:0,(anonymous_18)
FNDA:0,(anonymous_19)
FNDA:0,(anonymous_20)
FNDA:0,(anonymous_21)
FNDA:0,(anonymous_22)
FNDA:0,(anonymous_23)
FNDA:0,(anonymous_24)
FNDA:0,(anonymous_25)
FNDA:0,(anonymous_26)
FNDA:0,(anonymous_27)
FNDA:0,(anonymous_28)
FNDA:0,(anonymous_29)
DA:1,11
DA:3,11
DA:4,11
DA:5,11
DA:6,11
DA:7,11
DA:8,11
DA:9,11
DA:10,11
DA:11,11
DA:13,11
DA:15,11
DA:16,0
DA:17,0
DA:19,0
DA:20,0
DA:23,0
DA:26,11
DA:27,0
DA:28,0
DA:31,11
DA:32,0
DA:34,0
DA:35,0
DA:40,0
DA:43,11
DA:44,1
DA:49,1
DA:50,0
DA:53,1
DA:54,0
DA:64,0
DA:65,0
DA:66,0
DA:70,11
DA:71,0
DA:72,0
DA:73,0
DA:76,11
DA:77,1
DA:78,1
DA:84,1
DA:85,0
DA:88,1
DA:98,11
DA:99,0
DA:101,0
DA:102,0
DA:103,0
DA:106,0
DA:112,0
DA:113,0
DA:119,0
DA:120,0
DA:122,0
DA:134,0
DA:141,0
DA:142,0
DA:143,0
DA:144,0
DA:146,0
DA:147,0
DA:148,0
DA:151,0
DA:160,11
DA:161,1
DA:162,1
DA:163,0
DA:166,1
DA:167,0
DA:173,1
DA:174,1
DA:175,1
DA:180,1
DA:181,1
DA:182,1
DA:183,1
DA:185,1
DA:186,1
DA:187,1
DA:190,1
DA:196,11
DA:197,1
DA:198,1
DA:199,1
DA:203,0
DA:204,0
DA:206,0
DA:209,0
DA:210,0
DA:213,0
DA:217,0
DA:218,0
DA:221,0
DA:222,0
DA:223,0
DA:226,0
DA:227,0
DA:228,0
DA:229,0
DA:231,0
DA:232,0
DA:234,0
DA:235,0
DA:237,0
DA:238,0
DA:239,0
DA:240,0
DA:244,0
DA:250,11
DA:251,0
DA:255,0
DA:256,0
DA:257,0
DA:259,0
DA:266,11
DA:267,0
DA:268,0
DA:270,0
DA:275,0
DA:276,0
DA:278,0
DA:279,0
DA:280,0
DA:283,0
DA:284,0
DA:286,0
DA:288,0
DA:289,0
DA:290,0
DA:291,0
DA:293,0
DA:298,0
DA:300,0
DA:308,11
DA:309,0
DA:315,0
DA:316,0
DA:318,0
DA:319,0
DA:320,0
DA:323,0
DA:324,0
DA:326,0
DA:328,0
LF:145
LH:47
BRDA:19,0,0,0
BRDA:19,0,1,0
BRDA:27,1,0,0
BRDA:27,1,1,0
BRDA:49,2,0,0
BRDA:49,2,1,1
BRDA:53,3,0,0
BRDA:53,3,1,1
BRDA:64,4,0,0
BRDA:64,4,1,0
BRDA:71,5,0,0
BRDA:71,5,1,0
BRDA:72,6,0,0
BRDA:72,6,1,0
BRDA:84,7,0,0
BRDA:84,7,1,1
BRDA:102,8,0,0
BRDA:102,8,1,0
BRDA:112,9,0,0
BRDA:112,9,1,0
BRDA:119,10,0,0
BRDA:119,10,1,0
BRDA:126,11,0,0
BRDA:126,11,1,0
BRDA:137,12,0,0
BRDA:137,12,1,0
BRDA:146,13,0,0
BRDA:146,13,1,0
BRDA:152,14,0,0
BRDA:152,14,1,0
BRDA:162,15,0,0
BRDA:162,15,1,1
BRDA:166,16,0,0
BRDA:166,16,1,1
BRDA:173,17,0,1
BRDA:173,17,1,0
BRDA:174,18,0,1
BRDA:174,18,1,0
BRDA:185,19,0,1
BRDA:185,19,1,0
BRDA:191,20,0,1
BRDA:191,20,1,0
BRDA:198,21,0,1
BRDA:198,21,1,0
BRDA:198,22,0,1
BRDA:198,22,1,0
BRDA:209,23,0,0
BRDA:209,23,1,0
BRDA:213,24,0,0
BRDA:213,24,1,0
BRDA:217,25,0,0
BRDA:217,25,1,0
BRDA:221,26,0,0
BRDA:221,26,1,0
BRDA:222,27,0,0
BRDA:222,27,1,0
BRDA:222,28,0,0
BRDA:222,28,1,0
BRDA:228,29,0,0
BRDA:228,29,1,0
BRDA:231,30,0,0
BRDA:231,30,1,0
BRDA:237,31,0,0
BRDA:237,31,1,0
BRDA:239,32,0,0
BRDA:239,32,1,0
BRDA:257,33,0,0
BRDA:257,33,1,0
BRDA:275,34,0,0
BRDA:275,34,1,0
BRDA:280,35,0,0
BRDA:280,35,1,0
BRDA:280,36,0,0
BRDA:280,36,1,0
BRDA:291,37,0,0
BRDA:291,37,1,0
BRDA:315,38,0,0
BRDA:315,38,1,0
BRDA:320,39,0,0
BRDA:320,39,1,0
BRDA:320,40,0,0
BRDA:320,40,1,0
BRF:82
BRH:11
end_of_record
TN:
SF:src/controllers/quiz.controller.ts
FN:17,(anonymous_0)
FN:19,(anonymous_1)
FN:33,(anonymous_2)
FN:76,(anonymous_3)
FN:112,(anonymous_4)
FN:116,(anonymous_5)
FN:122,(anonymous_6)
FN:140,(anonymous_7)
FN:174,(anonymous_8)
FN:175,(anonymous_9)
FN:204,(anonymous_10)
FN:219,(anonymous_11)
FN:222,(anonymous_12)
FN:250,(anonymous_13)
FN:256,(anonymous_14)
FNF:15
FNH:2
FNDA:0,(anonymous_0)
FNDA:0,(anonymous_1)
FNDA:0,(anonymous_2)
FNDA:1,(anonymous_3)
FNDA:0,(anonymous_4)
FNDA:0,(anonymous_5)
FNDA:1,(anonymous_6)
FNDA:0,(anonymous_7)
FNDA:0,(anonymous_8)
FNDA:0,(anonymous_9)
FNDA:0,(anonymous_10)
FNDA:0,(anonymous_11)
FNDA:0,(anonymous_12)
FNDA:0,(anonymous_13)
FNDA:0,(anonymous_14)
DA:2,11
DA:3,11
DA:4,11
DA:5,11
DA:6,11
DA:7,11
DA:8,11
DA:9,11
DA:10,11
DA:17,11
DA:18,0
DA:19,0
DA:22,0
DA:23,0
DA:26,0
DA:27,0
DA:30,0
DA:33,11
DA:34,0
DA:35,0
DA:36,0
DA:37,0
DA:40,0
DA:41,0
DA:42,0
DA:45,0
DA:46,0
DA:47,0
DA:50,0
DA:51,0
DA:54,0
DA:55,0
DA:58,0
DA:72,0
DA:73,0
DA:76,11
DA:77,1
DA:78,1
DA:79,1
DA:80,0
DA:83,1
DA:84,1
DA:85,0
DA:88,1
DA:89,1
DA:90,0
DA:93,1
DA:94,1
DA:95,1
DA:96,1
DA:98,0
DA:99,0
DA:100,0
DA:102,0
DA:103,0
DA:106,0
DA:107,0
DA:108,0
DA:111,0
DA:112,0
DA:113,0
DA:114,0
DA:116,0
DA:119,0
DA:122,11
DA:123,1
DA:124,1
DA:125,1
DA:126,0
DA:129,1
DA:130,1
DA:131,0
DA:134,1
DA:135,1
DA:136,1
DA:139,0
DA:140,0
DA:141,0
DA:142,0
DA:143,0
DA:151,0
DA:153,0
DA:154,0
DA:162,0
DA:163,0
DA:164,0
DA:166,0
DA:174,0
DA:175,0
DA:176,0
DA:178,0
DA:190,0
DA:192,0
DA:193,0
DA:194,0
DA:196,0
DA:204,11
DA:205,0
DA:219,0
DA:220,0
DA:221,0
DA:222,0
DA:223,0
DA:225,0
DA:247,0
DA:250,11
DA:251,0
DA:252,0
DA:253,0
DA:256,11
DA:257,0
DA:258,0
DA:259,0
DA:260,0
DA:263,0
DA:264,0
DA:265,0
DA:268,0
DA:269,0
DA:272,0
DA:273,0
DA:276,0
DA:280,0
LF:123
LH:35
BRDA:18,0,0,0
BRDA:18,0,1,0
BRDA:22,1,0,0
BRDA:22,1,1,0
BRDA:26,2,0,0
BRDA:26,2,1,0
BRDA:26,3,0,0
BRDA:26,3,1,0
BRDA:36,4,0,0
BRDA:36,4,1,0
BRDA:41,5,0,0
BRDA:41,5,1,0
BRDA:46,6,0,0
BRDA:46,6,1,0
BRDA:50,7,0,0
BRDA:50,7,1,0
BRDA:54,8,0,0
BRDA:54,8,1,0
BRDA:54,9,0,0
BRDA:54,9,1,0
BRDA:67,10,0,0
BRDA:67,10,1,0
BRDA:79,11,0,0
BRDA:79,11,1,1
BRDA:84,12,0,0
BRDA:84,12,1,1
BRDA:89,13,0,0
BRDA:89,13,1,1
BRDA:93,14,0,1
BRDA:93,14,1,0
BRDA:95,15,0,1
BRDA:95,15,1,0
BRDA:98,16,0,0
BRDA:98,16,1,0
BRDA:99,17,0,0
BRDA:99,17,1,0
BRDA:99,18,0,0
BRDA:99,18,1,0
BRDA:102,19,0,0
BRDA:102,19,1,0
BRDA:107,20,0,0
BRDA:107,20,1,0
BRDA:116,21,0,0
BRDA:116,21,1,0
BRDA:116,22,0,0
BRDA:116,22,1,0
BRDA:125,23,0,0
BRDA:125,23,1,1
BRDA:130,24,0,0
BRDA:130,24,1,1
BRDA:135,25,0,1
BRDA:135,25,1,0
BRDA:135,26,0,1
BRDA:135,26,1,0
BRDA:139,27,0,0
BRDA:139,27,1,0
BRDA:141,28,0,0
BRDA:141,28,1,0
BRDA:142,29,0,0
BRDA:142,29,1,0
BRDA:151,30,0,0
BRDA:151,30,1,0
BRDA:153,31,0,0
BRDA:153,31,1,0
BRDA:170,32,0,0
BRDA:170,32,1,0
BRDA:170,33,0,0
BRDA:170,33,1,0
BRDA:174,34,0,0
BRDA:174,34,1,0
BRDA:174,35,0,0
BRDA:174,35,1,0
BRDA:175,36,0,0
BRDA:175,36,1,0
BRDA:176,37,0,0
BRDA:176,37,1,0
BRDA:184,38,0,0
BRDA:184,38,1,0
BRDA:192,39,0,0
BRDA:192,39,1,0
BRDA:221,40,0,0
BRDA:221,40,1,0
BRDA:222,41,0,0
BRDA:222,41,1,0
BRDA:227,42,0,0
BRDA:227,42,1,0
BRDA:227,43,0,0
BRDA:227,43,1,0
BRDA:228,44,0,0
BRDA:228,44,1,0
BRDA:235,45,0,0
BRDA:235,45,1,0
BRDA:259,46,0,0
BRDA:259,46,1,0
BRDA:264,47,0,0
BRDA:264,47,1,0
BRDA:268,48,0,0
BRDA:268,48,1,0
BRDA:272,49,0,0
BRDA:272,49,1,0
BRDA:272,50,0,0
BRDA:272,50,1,0
BRF:102
BRH:9
end_of_record
TN:
SF:src/controllers/settings.controller.ts
FN:153,(anonymous_0)
FN:159,(anonymous_1)
FN:177,(anonymous_2)
FN:187,(anonymous_3)
FN:240,(anonymous_4)
FNF:5
FNH:0
FNDA:0,(anonymous_0)
FNDA:0,(anonymous_1)
FNDA:0,(anonymous_2)
FNDA:0,(anonymous_3)
FNDA:0,(anonymous_4)
DA:2,10
DA:3,10
DA:52,10
DA:151,10
DA:153,10
DA:159,10
DA:160,0
DA:177,10
DA:178,0
DA:180,0
DA:181,0
DA:184,0
DA:187,10
DA:188,0
DA:190,0
DA:191,0
DA:194,0
DA:195,0
DA:221,0
DA:222,0
DA:223,0
DA:224,0
DA:228,0
DA:229,0
DA:230,0
DA:237,0
DA:240,10
DA:241,0
DA:243,0
DA:244,0
DA:247,0
DA:248,0
LF:32
LH:9
BRDA:66,0,0,10
BRDA:66,0,1,10
BRDA:67,1,0,10
BRDA:67,1,1,10
BRDA:69,2,0,10
BRDA:69,2,1,10
BRDA:70,3,0,10
BRDA:70,3,1,10
BRDA:71,4,0,10
BRDA:71,4,1,10
BRDA:72,5,0,10
BRDA:72,5,1,10
BRDA:155,6,0,0
BRDA:155,6,1,0
BRDA:156,7,0,0
BRDA:156,7,1,0
BRDA:180,8,0,0
BRDA:180,8,1,0
BRDA:190,9,0,0
BRDA:190,9,1,0
BRDA:223,10,0,0
BRDA:223,10,1,0
BRDA:223,11,0,0
BRDA:223,11,1,0
BRDA:229,12,0,0
BRDA:229,12,1,0
BRDA:243,13,0,0
BRDA:243,13,1,0
BRF:28
BRH:12
end_of_record
TN:
SF:src/controllers/user.controller.ts
FN:17,(anonymous_1)
FN:25,(anonymous_2)
FN:36,(anonymous_3)
FN:57,(anonymous_4)
FN:84,(anonymous_5)
FN:111,(anonymous_6)
FN:180,(anonymous_7)
FN:195,(anonymous_8)
FN:216,(anonymous_9)
FN:229,(anonymous_10)
FNF:10
FNH:0
FNDA:0,(anonymous_1)
FNDA:0,(anonymous_2)
FNDA:0,(anonymous_3)
FNDA:0,(anonymous_4)
FNDA:0,(anonymous_5)
FNDA:0,(anonymous_6)
FNDA:0,(anonymous_7)
FNDA:0,(anonymous_8)
FNDA:0,(anonymous_9)
FNDA:0,(anonymous_10)
DA:3,10
DA:4,10
DA:5,10
DA:6,10
DA:7,10
DA:8,10
DA:9,10
DA:10,10
DA:11,10
DA:12,10
DA:13,10
DA:14,10
DA:15,10
DA:17,10
DA:25,10
DA:26,0
DA:27,0
DA:28,0
DA:29,0
DA:30,0
DA:31,0
DA:32,0
DA:33,0
DA:36,10
DA:37,0
DA:38,0
DA:41,0
DA:42,0
DA:43,0
DA:45,0
DA:46,0
DA:49,0
DA:50,0
DA:51,0
DA:54,0
DA:57,10
DA:58,0
DA:59,0
DA:61,0
DA:62,0
DA:63,0
DA:70,0
DA:71,0
DA:74,0
DA:75,0
DA:76,0
DA:77,0
DA:80,0
DA:81,0
DA:84,10
DA:85,0
DA:86,0
DA:88,0
DA:89,0
DA:92,0
DA:93,0
DA:94,0
DA:95,0
DA:96,0
DA:98,0
DA:99,0
DA:105,0
DA:106,0
DA:108,0
DA:111,10
DA:112,0
DA:113,0
DA:114,0
DA:117,0
DA:118,0
DA:119,0
DA:122,0
DA:123,0
DA:126,0
DA:127,0
DA:129,0
DA:130,0
DA:131,0
DA:134,0
DA:135,0
DA:136,0
DA:137,0
DA:138,0
DA:146,0
DA:149,0
DA:150,0
DA:151,0
DA:152,0
DA:153,0
DA:154,0
DA:155,0
DA:156,0
DA:158,0
DA:159,0
DA:160,0
DA:161,0
DA:165,0
DA:169,0
DA:170,0
DA:171,0
DA:173,0
DA:180,10
DA:181,0
DA:183,0
DA:184,0
DA:187,0
DA:188,0
DA:189,0
DA:191,0
DA:195,10
DA:196,0
DA:198,0
DA:199,0
DA:202,0
DA:204,0
DA:205,0
DA:206,0
DA:207,0
DA:208,0
DA:210,0
DA:211,0
DA:213,0
DA:216,10
DA:217,0
DA:218,0
DA:219,0
DA:222,0
DA:223,0
DA:224,0
DA:226,0
DA:229,10
DA:230,0
DA:232,0
DA:233,0
DA:236,0
DA:237,0
DA:240,0
DA:241,0
DA:244,0
DA:245,0
DA:248,0
DA:249,0
DA:250,0
DA:253,0
DA:263,0
LF:145
LH:23
BRDA:26,0,0,0
BRDA:26,0,1,0
BRDA:37,1,0,0
BRDA:37,1,1,0
BRDA:45,2,0,0
BRDA:45,2,1,0
BRDA:45,3,0,0
BRDA:45,3,1,0
BRDA:50,4,0,0
BRDA:50,4,1,0
BRDA:62,5,0,0
BRDA:62,5,1,0
BRDA:70,6,0,0
BRDA:70,6,1,0
BRDA:74,7,0,0
BRDA:74,7,1,0
BRDA:76,8,0,0
BRDA:76,8,1,0
BRDA:88,9,0,0
BRDA:88,9,1,0
BRDA:92,10,0,0
BRDA:92,10,1,0
BRDA:93,11,0,0
BRDA:93,11,1,0
BRDA:94,12,0,0
BRDA:94,12,1,0
BRDA:95,13,0,0
BRDA:95,13,1,0
BRDA:96,14,0,0
BRDA:96,14,1,0
BRDA:98,15,0,0
BRDA:98,15,1,0
BRDA:98,16,0,0
BRDA:98,16,1,0
BRDA:113,17,0,0
BRDA:113,17,1,0
BRDA:118,18,0,0
BRDA:118,18,1,0
BRDA:122,19,0,0
BRDA:122,19,1,0
BRDA:129,20,0,0
BRDA:129,20,1,0
BRDA:130,21,0,0
BRDA:130,21,1,0
BRDA:135,22,0,0
BRDA:135,22,1,0
BRDA:149,23,0,0
BRDA:149,23,1,0
BRDA:151,24,0,0
BRDA:151,24,1,0
BRDA:151,25,0,0
BRDA:151,25,1,0
BRDA:155,26,0,0
BRDA:155,26,1,0
BRDA:158,27,0,0
BRDA:158,27,1,0
BRDA:160,28,0,0
BRDA:160,28,1,0
BRDA:183,29,0,0
BRDA:183,29,1,0
BRDA:183,30,0,0
BRDA:183,30,1,0
BRDA:191,31,0,0
BRDA:191,31,1,0
BRDA:198,32,0,0
BRDA:198,32,1,0
BRDA:204,33,0,0
BRDA:204,33,1,0
BRDA:205,34,0,0
BRDA:205,34,1,0
BRDA:206,35,0,0
BRDA:206,35,1,0
BRDA:207,36,0,0
BRDA:207,36,1,0
BRDA:208,37,0,0
BRDA:208,37,1,0
BRDA:218,38,0,0
BRDA:218,38,1,0
BRDA:232,39,0,0
BRDA:232,39,1,0
BRDA:232,40,0,0
BRDA:232,40,1,0
BRDA:232,40,2,0
BRDA:236,41,0,0
BRDA:236,41,1,0
BRDA:236,42,0,0
BRDA:236,42,1,0
BRDA:236,42,2,0
BRDA:240,43,0,0
BRDA:240,43,1,0
BRDA:240,44,0,0
BRDA:240,44,1,0
BRDA:240,44,2,0
BRDA:244,45,0,0
BRDA:244,45,1,0
BRDA:244,46,0,0
BRDA:244,46,1,0
BRDA:244,46,2,0
BRDA:249,47,0,0
BRDA:249,47,1,0
BRDA:258,48,0,0
BRDA:258,48,1,0
BRDA:259,49,0,0
BRDA:259,49,1,0
BRF:104
BRH:0
end_of_record
TN:
SF:src/middlewares/auth.middleware.ts
FN:16,(anonymous_1)
FN:26,(anonymous_2)
FN:30,(anonymous_3)
FN:52,(anonymous_4)
FN:82,(anonymous_5)
FN:101,(anonymous_6)
FN:102,(anonymous_7)
FNF:7
FNH:4
FNDA:52,(anonymous_1)
FNDA:0,(anonymous_2)
FNDA:0,(anonymous_3)
FNDA:50,(anonymous_4)
FNDA:2,(anonymous_5)
FNDA:620,(anonymous_6)
FNDA:0,(anonymous_7)
DA:2,11
DA:3,11
DA:4,11
DA:5,11
DA:6,11
DA:16,11
DA:17,52
DA:19,52
DA:20,0
DA:23,52
DA:26,11
DA:27,0
DA:30,11
DA:31,0
DA:32,0
DA:34,0
DA:35,0
DA:38,0
DA:39,0
DA:40,0
DA:43,0
DA:44,0
DA:45,0
DA:46,0
DA:49,0
DA:52,11
DA:53,50
DA:55,50
DA:56,50
DA:57,50
DA:60,0
DA:61,0
DA:62,0
DA:63,0
DA:65,0
DA:66,0
DA:74,0
DA:75,0
DA:82,11
DA:83,2
DA:85,2
DA:86,2
DA:89,0
DA:90,0
DA:91,0
DA:92,0
DA:98,0
DA:101,11
DA:102,620
DA:103,0
DA:104,0
DA:105,0
DA:107,0
DA:108,0
DA:113,0
DA:115,0
LF:56
LH:22
BRDA:19,0,0,0
BRDA:19,0,1,52
BRDA:34,1,0,0
BRDA:34,1,1,0
BRDA:39,2,0,0
BRDA:39,2,1,0
BRDA:39,3,0,0
BRDA:39,3,1,0
BRDA:43,4,0,0
BRDA:43,4,1,0
BRDA:44,5,0,0
BRDA:44,5,1,0
BRDA:45,6,0,0
BRDA:45,6,1,0
BRDA:55,7,0,50
BRDA:55,7,1,0
BRDA:65,8,0,0
BRDA:65,8,1,0
BRDA:85,9,0,2
BRDA:85,9,1,0
BRDA:103,10,0,0
BRDA:103,10,1,0
BRDA:107,11,0,0
BRDA:107,11,1,0
BRF:24
BRH:3
end_of_record
TN:
SF:src/middlewares/csrf.middleware.ts
FN:4,(anonymous_1)
FN:11,(anonymous_2)
FN:26,(anonymous_3)
FN:45,(anonymous_4)
FN:47,(anonymous_5)
FN:76,(anonymous_6)
FN:87,(anonymous_7)
FN:93,(anonymous_8)
FNF:8
FNH:2
FNDA:0,(anonymous_1)
FNDA:0,(anonymous_2)
FNDA:0,(anonymous_3)
FNDA:0,(anonymous_4)
FNDA:59,(anonymous_5)
FNDA:0,(anonymous_6)
FNDA:0,(anonymous_7)
FNDA:59,(anonymous_8)
DA:1,10
DA:4,10
DA:5,0
DA:6,0
DA:11,10
DA:12,0
DA:13,0
DA:16,0
DA:17,0
DA:18,0
DA:21,0
DA:24,10
DA:26,10
DA:27,0
DA:28,0
DA:32,0
DA:36,0
DA:45,10
DA:47,10
DA:48,59
DA:49,57
DA:52,2
DA:53,2
DA:56,0
DA:57,0
DA:60,0
DA:70,0
DA:73,0
DA:76,10
DA:77,0
DA:78,0
DA:80,0
DA:81,0
DA:84,0
DA:87,10
DA:88,0
DA:89,0
DA:90,0
DA:93,10
DA:94,59
DA:95,59
DA:98,0
DA:99,0
DA:101,0
DA:108,0
DA:111,0
LF:46
LH:16
BRDA:5,0,0,0
BRDA:5,0,1,0
BRDA:12,1,0,0
BRDA:12,1,1,0
BRDA:17,2,0,0
BRDA:17,2,1,0
BRDA:17,3,0,0
BRDA:17,3,1,0
BRDA:17,3,2,0
BRDA:29,4,0,0
BRDA:29,4,1,0
BRDA:32,5,0,0
BRDA:32,5,1,0
BRDA:48,6,0,57
BRDA:48,6,1,2
BRDA:52,7,0,2
BRDA:52,7,1,0
BRDA:56,8,0,0
BRDA:56,8,1,0
BRDA:60,9,0,0
BRDA:60,9,1,0
BRDA:61,10,0,0
BRDA:61,10,1,0
BRDA:61,10,2,0
BRDA:61,10,3,0
BRDA:61,10,4,0
BRDA:61,10,5,0
BRDA:61,10,6,0
BRDA:61,10,7,0
BRDA:78,11,0,0
BRDA:78,11,1,0
BRDA:80,12,0,0
BRDA:80,12,1,0
BRDA:90,13,0,0
BRDA:90,13,1,0
BRDA:94,14,0,59
BRDA:94,14,1,0
BRDA:101,15,0,0
BRDA:101,15,1,0
BRDA:102,16,0,0
BRDA:102,16,1,0
BRDA:102,16,2,0
BRDA:102,16,3,0
BRDA:102,16,4,0
BRF:44
BRH:4
end_of_record
TN:
SF:src/middlewares/error.middleware.ts
FN:8,(anonymous_1)
FN:42,(anonymous_2)
FN:57,(anonymous_3)
FNF:3
FNH:2
FNDA:4,(anonymous_1)
FNDA:4,(anonymous_2)
FNDA:0,(anonymous_3)
DA:2,10
DA:3,10
DA:4,10
DA:6,10
DA:8,10
DA:9,4
DA:11,4
DA:12,0
DA:15,4
DA:16,0
DA:19,4
DA:20,0
DA:23,4
DA:24,0
DA:27,4
DA:28,0
DA:31,4
DA:32,0
DA:35,4
DA:36,0
DA:39,4
DA:42,10
DA:43,4
DA:45,4
DA:46,4
DA:47,4
DA:48,4
DA:56,0
DA:57,0
DA:61,0
DA:68,0
DA:69,0
DA:75,0
DA:76,0
DA:77,0
DA:78,0
DA:79,0
DA:85,0
DA:86,0
DA:92,0
DA:93,0
DA:94,0
DA:95,0
DA:101,0
DA:106,0
DA:112,0
DA:113,0
DA:119,0
DA:121,0
DA:124,0
LF:50
LH:20
BRDA:11,0,0,0
BRDA:11,0,1,4
BRDA:15,1,0,0
BRDA:15,1,1,4
BRDA:19,2,0,0
BRDA:19,2,1,4
BRDA:23,3,0,0
BRDA:23,3,1,4
BRDA:27,4,0,0
BRDA:27,4,1,4
BRDA:27,5,0,4
BRDA:27,5,1,4
BRDA:31,6,0,0
BRDA:31,6,1,4
BRDA:31,7,0,4
BRDA:31,7,1,0
BRDA:35,8,0,0
BRDA:35,8,1,4
BRDA:43,9,0,4
BRDA:43,9,1,0
BRDA:45,10,0,4
BRDA:45,10,1,0
BRDA:46,11,0,0
BRDA:46,11,1,4
BRDA:46,12,0,4
BRDA:46,12,1,0
BRDA:47,13,0,0
BRDA:47,13,1,4
BRDA:51,14,0,0
BRDA:51,14,1,4
BRDA:52,15,0,0
BRDA:52,15,1,4
BRDA:56,16,0,0
BRDA:56,16,1,0
BRDA:68,17,0,0
BRDA:68,17,1,0
BRDA:75,18,0,0
BRDA:75,18,1,0
BRDA:76,19,0,0
BRDA:76,19,1,0
BRDA:78,20,0,0
BRDA:78,20,1,0
BRDA:85,21,0,0
BRDA:85,21,1,0
BRDA:92,22,0,0
BRDA:92,22,1,0
BRDA:93,23,0,0
BRDA:93,23,1,0
BRDA:94,24,0,0
BRDA:94,24,1,0
BRDA:96,25,0,0
BRDA:96,25,1,0
BRDA:101,26,0,0
BRDA:101,26,1,0
BRDA:102,27,0,0
BRDA:102,27,1,0
BRDA:102,27,2,0
BRDA:112,28,0,0
BRDA:112,28,1,0
BRDA:112,29,0,0
BRDA:112,29,1,0
BRF:61
BRH:17
end_of_record
TN:
SF:src/middlewares/global-api-rate-limit.middleware.ts
FN:18,(anonymous_0)
FNF:1
FNH:1
FNDA:59,(anonymous_0)
DA:2,10
DA:8,10
DA:9,10
DA:11,10
DA:18,59
LF:5
LH:5
BRDA:8,0,0,10
BRDA:8,0,1,10
BRDA:9,1,0,10
BRDA:9,1,1,10
BRDA:12,2,0,0
BRDA:12,2,1,10
BRDA:12,3,0,10
BRDA:12,3,1,10
BRDA:14,4,0,0
BRDA:14,4,1,0
BRDA:14,5,0,0
BRDA:14,5,1,0
BRF:12
BRH:7
end_of_record
TN:
SF:src/middlewares/http-log.middleware.ts
FN:5,(anonymous_0)
FN:7,(anonymous_1)
FNF:2
FNH:2
FNDA:59,(anonymous_0)
FNDA:59,(anonymous_1)
DA:2,10
DA:5,10
DA:6,59
DA:7,59
DA:8,59
DA:9,59
DA:17,59
LF:7
LH:7
BRDA:12,0,0,59
BRDA:12,0,1,0
BRF:2
BRH:1
end_of_record
TN:
SF:src/middlewares/prometheus.middleware.ts
FN:9,(anonymous_1)
FN:30,(anonymous_2)
FN:33,(anonymous_3)
FN:47,(anonymous_4)
FN:53,(anonymous_5)
FNF:5
FNH:3
FNDA:59,(anonymous_1)
FNDA:59,(anonymous_2)
FNDA:59,(anonymous_3)
FNDA:0,(anonymous_4)
FNDA:0,(anonymous_5)
DA:2,10
DA:3,10
DA:5,10
DA:6,10
DA:7,10
DA:9,10
DA:10,59
DA:11,10
DA:12,10
DA:14,10
DA:22,10
DA:30,10
DA:31,59
DA:32,59
DA:33,59
DA:34,59
DA:35,59
DA:36,59
DA:37,59
DA:38,59
DA:39,59
DA:44,59
DA:47,10
DA:48,0
DA:49,0
DA:50,0
DA:53,10
DA:54,0
DA:55,0
DA:56,0
DA:57,0
DA:59,0
DA:61,0
DA:62,0
DA:63,0
DA:64,0
DA:65,0
DA:67,0
DA:70,0
DA:71,0
DA:73,0
LF:41
LH:24
BRDA:10,0,0,49
BRDA:10,0,1,10
BRDA:35,1,0,59
BRDA:35,1,1,0
BRDA:36,2,0,59
BRDA:36,2,1,0
BRDA:55,3,0,0
BRDA:55,3,1,0
BRDA:56,4,0,0
BRDA:56,4,1,0
BRDA:63,5,0,0
BRDA:63,5,1,0
BRDA:67,6,0,0
BRDA:67,6,1,0
BRDA:70,7,0,0
BRDA:70,7,1,0
BRF:16
BRH:4
end_of_record
TN:
SF:src/middlewares/rate-limit.middleware.ts
FN:24,(anonymous_1)
FN:35,(anonymous_2)
FN:45,(anonymous_3)
FN:75,(anonymous_4)
FN:76,(anonymous_5)
FNF:5
FNH:4
FNDA:17,(anonymous_1)
FNDA:0,(anonymous_2)
FNDA:17,(anonymous_3)
FNDA:112,(anonymous_4)
FNDA:17,(anonymous_5)
DA:2,11
DA:20,11
DA:24,11
DA:25,17
DA:26,17
DA:27,17
DA:29,0
DA:30,0
DA:31,0
DA:35,0
DA:39,0
DA:42,0
DA:45,11
DA:52,17
DA:53,17
DA:55,17
DA:56,14
DA:57,14
DA:60,3
DA:61,2
DA:62,2
DA:63,2
DA:64,2
DA:67,1
DA:68,1
DA:69,1
DA:75,11
DA:76,112
DA:77,17
DA:78,17
DA:80,17
DA:81,17
DA:82,3
DA:83,3
DA:84,3
DA:85,3
DA:92,17
DA:93,17
DA:95,17
DA:96,17
DA:97,2
DA:99,15
DA:102,0
DA:103,0
DA:104,0
DA:105,0
DA:106,0
DA:108,0
DA:109,0
DA:110,0
DA:111,0
DA:112,0
DA:114,0
DA:116,0
DA:117,0
DA:119,0
LF:56
LH:36
BRDA:26,0,0,17
BRDA:26,0,1,0
BRDA:29,1,0,0
BRDA:29,1,1,0
BRDA:55,2,0,14
BRDA:55,2,1,3
BRDA:55,3,0,17
BRDA:55,3,1,3
BRDA:60,4,0,2
BRDA:60,4,1,1
BRDA:77,5,0,17
BRDA:77,5,1,0
BRDA:77,5,2,0
BRDA:78,6,0,17
BRDA:78,6,1,0
BRDA:78,7,0,17
BRDA:78,7,1,17
BRDA:81,8,0,3
BRDA:81,8,1,14
BRDA:84,9,0,3
BRDA:84,9,1,0
BRDA:95,10,0,17
BRDA:95,10,1,0
BRDA:96,11,0,2
BRDA:96,11,1,15
BRDA:105,12,0,0
BRDA:105,12,1,0
BRDA:108,13,0,0
BRDA:108,13,1,0
BRDA:116,14,0,0
BRDA:116,14,1,0
BRF:31
BRH:17
end_of_record
TN:
SF:src/middlewares/request-id.middleware.ts
FN:6,(anonymous_0)
FN:19,(anonymous_1)
FNF:2
FNH:2
FNDA:59,(anonymous_0)
FNDA:59,(anonymous_1)
DA:2,10
DA:4,10
DA:6,10
DA:7,59
DA:8,59
DA:11,0
DA:12,0
DA:13,0
DA:16,0
DA:19,10
DA:20,59
DA:21,59
DA:23,59
DA:24,59
DA:26,59
LF:15
LH:11
BRDA:7,0,0,59
BRDA:7,0,1,0
BRDA:12,1,0,0
BRDA:12,1,1,0
BRDA:12,2,0,0
BRDA:12,2,1,0
BRDA:21,3,0,59
BRDA:21,3,1,59
BRF:8
BRH:3
end_of_record
TN:
SF:src/middlewares/sanitize.middleware.ts
FN:4,(anonymous_0)
FNF:1
FNH:1
FNDA:59,(anonymous_0)
DA:2,10
DA:4,10
DA:5,59
DA:6,16
DA:8,59
LF:5
LH:5
BRDA:5,0,0,16
BRDA:5,0,1,43
BRDA:5,1,0,59
BRDA:5,1,1,28
BRDA:5,1,2,28
BRF:5
BRH:5
end_of_record
TN:
SF:src/middlewares/upload.middleware.ts
FN:63,(anonymous_1)
FN:64,(anonymous_2)
FN:92,(anonymous_3)
FN:108,(anonymous_4)
FNF:4
FNH:3
FNDA:20,(anonymous_1)
FNDA:0,(anonymous_2)
FNDA:10,(anonymous_3)
FNDA:10,(anonymous_4)
DA:1,10
DA:2,10
DA:3,10
DA:5,10
DA:7,10
DA:8,10
DA:9,10
DA:10,10
DA:15,10
DA:16,10
DA:22,10
DA:39,10
DA:46,10
DA:63,10
DA:64,20
DA:65,0
DA:66,0
DA:67,0
DA:70,0
DA:71,0
DA:72,0
DA:73,0
DA:74,0
DA:77,0
DA:78,0
DA:79,0
DA:80,0
DA:81,0
DA:84,0
DA:85,0
DA:89,10
DA:90,10
DA:92,10
DA:93,10
DA:94,0
DA:100,10
DA:108,10
DA:109,10
DA:110,0
DA:117,10
LF:40
LH:23
BRDA:9,0,0,10
BRDA:9,0,1,10
BRDA:11,1,0,10
BRDA:11,1,1,0
BRDA:11,2,0,10
BRDA:11,2,1,10
BRDA:15,3,0,10
BRDA:15,3,1,10
BRDA:17,4,0,10
BRDA:17,4,1,0
BRDA:17,5,0,10
BRDA:17,5,1,10
BRDA:65,6,0,0
BRDA:65,6,1,0
BRDA:70,7,0,0
BRDA:70,7,1,0
BRDA:72,8,0,0
BRDA:72,8,1,0
BRDA:72,9,0,0
BRDA:72,9,1,0
BRDA:72,9,2,0
BRDA:72,9,3,0
BRDA:72,9,4,0
BRDA:79,10,0,0
BRDA:79,10,1,0
BRDA:79,11,0,0
BRDA:79,11,1,0
BRDA:79,11,2,0
BRDA:93,12,0,0
BRDA:93,12,1,10
BRDA:109,13,0,0
BRDA:109,13,1,10
BRF:32
BRH:12
end_of_record
TN:
SF:src/models/Assignment.model.ts
FNF:0
FNH:0
DA:1,10
DA:3,10
DA:17,10
DA:19,10
LF:4
LH:4
BRF:0
BRH:0
end_of_record
TN:
SF:src/models/Certificate.model.ts
FNF:0
FNH:0
DA:1,10
DA:3,10
DA:12,10
DA:14,10
LF:4
LH:4
BRF:0
BRH:0
end_of_record
TN:
SF:src/models/ContactMessage.model.ts
FNF:0
FNH:0
DA:1,10
DA:3,10
DA:22,10
DA:24,10
LF:4
LH:4
BRF:0
BRH:0
end_of_record
TN:
SF:src/models/Content.model.ts
FNF:0
FNH:0
DA:1,11
DA:3,11
DA:11,11
DA:25,11
LF:4
LH:4
BRF:0
BRH:0
end_of_record
TN:
SF:src/models/Course.model.ts
FNF:0
FNH:0
DA:1,10
DA:3,10
DA:40,10
DA:41,10
DA:42,10
DA:43,10
DA:44,10
DA:46,10
LF:8
LH:8
BRF:0
BRH:0
end_of_record
TN:
SF:src/models/Discussion.model.ts
FNF:0
FNH:0
DA:1,10
DA:3,10
DA:13,10
DA:15,10
LF:4
LH:4
BRF:0
BRH:0
end_of_record
TN:
SF:src/models/Enrollment.model.ts
FNF:0
FNH:0
DA:1,10
DA:3,10
DA:15,10
DA:17,10
LF:4
LH:4
BRF:0
BRH:0
end_of_record
TN:
SF:src/models/Lesson.model.ts
FNF:0
FNH:0
DA:1,11
DA:3,11
DA:23,11
DA:25,11
LF:4
LH:4
BRF:0
BRH:0
end_of_record
TN:
SF:src/models/LiveSession.model.ts
FNF:0
FNH:0
DA:1,10
DA:3,10
DA:17,10
DA:18,10
DA:20,10
LF:5
LH:5
BRF:0
BRH:0
end_of_record
TN:
SF:src/models/Media.model.ts
FNF:0
FNH:0
DA:1,10
DA:3,10
DA:12,10
DA:14,10
LF:4
LH:4
BRF:0
BRH:0
end_of_record
TN:
SF:src/models/Module.model.ts
FNF:0
FNH:0
DA:1,10
DA:3,10
DA:15,10
DA:17,10
LF:4
LH:4
BRF:0
BRH:0
end_of_record
TN:
SF:src/models/Notification.model.ts
FNF:0
FNH:0
DA:1,12
DA:3,12
DA:12,12
DA:14,12
LF:4
LH:4
BRF:0
BRH:0
end_of_record
TN:
SF:src/models/Payment.model.ts
FNF:0
FNH:0
DA:1,11
DA:3,11
DA:27,11
DA:28,11
DA:30,11
LF:5
LH:5
BRF:0
BRH:0
end_of_record
TN:
SF:src/models/Quiz.model.ts
FNF:0
FNH:0
DA:1,10
DA:3,10
DA:12,10
DA:26,10
DA:27,10
DA:29,10
LF:6
LH:6
BRF:0
BRH:0
end_of_record
TN:
SF:src/models/QuizAttempt.model.ts
FNF:0
FNH:0
DA:1,10
DA:3,10
DA:10,10
DA:22,10
DA:23,10
DA:25,10
LF:6
LH:6
BRF:0
BRH:0
end_of_record
TN:
SF:src/models/Submission.model.ts
FNF:0
FNH:0
DA:1,10
DA:3,10
DA:13,10
DA:15,10
LF:4
LH:4
BRF:0
BRH:0
end_of_record
TN:
SF:src/models/User.model.ts
FNF:0
FNH:0
DA:1,13
DA:3,13
DA:55,13
DA:56,13
DA:57,13
DA:59,13
LF:6
LH:6
BRF:0
BRH:0
end_of_record
TN:
SF:src/routes/assignment.routes.ts
FNF:0
FNH:0
DA:1,10
DA:2,10
DA:3,10
DA:12,10
DA:19,10
DA:21,10
DA:22,10
DA:28,10
DA:35,10
DA:36,10
DA:43,10
DA:49,10
DA:57,10
LF:13
LH:13
BRF:0
BRH:0
end_of_record
TN:
SF:src/routes/auth.routes.ts
FN:16,(anonymous_1)
FNF:1
FNH:1
FNDA:10,(anonymous_1)
DA:1,10
DA:2,10
DA:3,10
DA:4,10
DA:5,10
DA:14,10
DA:15,10
DA:16,10
DA:17,10
DA:18,0
DA:19,0
DA:22,10
DA:27,10
DA:32,10
DA:37,10
DA:42,10
DA:47,10
DA:53,10
DA:54,10
DA:55,10
DA:56,10
DA:57,10
DA:58,10
DA:59,10
DA:60,10
DA:61,10
DA:62,10
DA:63,10
DA:64,10
DA:65,10
DA:66,10
DA:68,10
LF:32
LH:30
BRDA:17,0,0,10
BRDA:17,0,1,0
BRDA:19,1,0,0
BRDA:19,1,1,0
BRDA:19,2,0,0
BRDA:19,2,1,0
BRDA:24,3,0,0
BRDA:24,3,1,10
BRF:8
BRH:2
end_of_record
TN:
SF:src/routes/certificate.routes.ts
FN:19,(anonymous_1)
FNF:1
FNH:0
FNDA:0,(anonymous_1)
DA:1,10
DA:2,10
DA:3,10
DA:4,10
DA:13,10
DA:15,10
DA:20,0
DA:21,0
DA:22,0
DA:24,0
DA:28,10
DA:29,10
DA:30,10
DA:37,10
DA:38,10
DA:39,10
DA:41,10
LF:17
LH:13
BRDA:20,0,0,0
BRDA:20,0,1,0
BRDA:21,1,0,0
BRDA:21,1,1,0
BRDA:24,2,0,0
BRDA:24,2,1,0
BRDA:24,2,2,0
BRF:7
BRH:0
end_of_record
TN:
SF:src/routes/contact.routes.ts
FNF:0
FNH:0
DA:1,10
DA:2,10
DA:8,10
DA:9,10
DA:16,10
DA:18,10
DA:19,10
DA:20,10
DA:27,10
DA:35,10
LF:10
LH:10
BRF:0
BRH:0
end_of_record
TN:
SF:src/routes/content.routes.ts
FNF:0
FNH:0
DA:1,10
DA:2,10
DA:14,10
DA:15,10
DA:16,10
DA:18,10
DA:20,10
DA:21,10
DA:22,10
DA:23,10
DA:24,10
DA:25,10
DA:26,10
DA:27,10
DA:28,10
DA:29,10
DA:31,10
LF:17
LH:17
BRF:0
BRH:0
end_of_record
TN:
SF:src/routes/course.routes.ts
FNF:0
FNH:0
DA:1,10
DA:2,10
DA:23,10
DA:24,10
DA:25,10
DA:38,10
DA:40,10
DA:46,10
DA:47,10
DA:48,10
DA:49,10
DA:50,10
DA:51,10
DA:52,10
DA:53,10
DA:54,10
DA:55,10
DA:56,10
DA:57,10
DA:58,10
DA:59,10
DA:60,10
DA:61,10
DA:62,10
DA:63,10
DA:64,10
DA:66,10
LF:27
LH:27
BRF:0
BRH:0
end_of_record
TN:
SF:src/routes/dashboard.routes.ts
FNF:0
FNH:0
DA:1,10
DA:2,10
DA:3,10
DA:5,10
DA:7,10
DA:8,10
DA:9,10
DA:11,10
LF:8
LH:8
BRF:0
BRH:0
end_of_record
TN:
SF:src/routes/discussion.routes.ts
FNF:0
FNH:0
DA:1,10
DA:2,10
DA:3,10
DA:8,10
DA:10,10
DA:12,10
DA:13,10
DA:14,10
DA:16,10
LF:9
LH:9
BRF:0
BRH:0
end_of_record
TN:
SF:src/routes/live-session.routes.ts
FNF:0
FNH:0
DA:1,10
DA:2,10
DA:3,10
DA:4,10
DA:9,10
DA:15,10
DA:17,10
DA:23,10
DA:24,10
DA:32,10
DA:40,10
LF:11
LH:11
BRF:0
BRH:0
end_of_record
TN:
SF:src/routes/notification.routes.ts
FNF:0
FNH:0
DA:1,10
DA:2,10
DA:3,10
DA:9,10
DA:20,10
DA:22,10
DA:24,10
DA:25,10
DA:26,10
DA:27,10
DA:28,10
DA:29,10
DA:30,10
DA:31,10
DA:33,10
LF:15
LH:15
BRF:0
BRH:0
end_of_record
TN:
SF:src/routes/payment.routes.ts
FNF:0
FNH:0
DA:1,10
DA:2,10
DA:3,10
DA:4,10
DA:5,10
DA:7,10
DA:9,10
DA:15,10
DA:21,10
DA:27,10
DA:28,10
DA:29,10
DA:30,10
DA:31,10
DA:32,10
DA:34,10
LF:16
LH:16
BRF:0
BRH:0
end_of_record
TN:
SF:src/routes/quiz.routes.ts
FNF:0
FNH:0
DA:1,10
DA:2,10
DA:3,10
DA:11,10
DA:13,10
DA:15,10
DA:16,10
DA:17,10
DA:24,10
DA:31,10
DA:32,10
DA:34,10
LF:12
LH:12
BRF:0
BRH:0
end_of_record
TN:
SF:src/routes/settings.routes.ts
FNF:0
FNH:0
DA:1,10
DA:2,10
DA:3,10
DA:4,10
DA:6,10
DA:8,10
DA:10,10
DA:12,10
DA:13,10
DA:14,10
DA:16,10
LF:11
LH:11
BRF:0
BRH:0
end_of_record
TN:
SF:src/routes/user.routes.ts
FNF:0
FNH:0
DA:1,10
DA:2,10
DA:3,10
DA:12,10
DA:19,10
DA:21,10
DA:23,10
DA:25,10
DA:26,10
DA:27,10
DA:28,10
DA:29,10
DA:30,10
DA:31,10
DA:33,10
LF:15
LH:15
BRF:0
BRH:0
end_of_record
TN:
SF:src/services/auth.service.ts
FN:18,(anonymous_1)
FN:73,(anonymous_2)
FN:107,(anonymous_3)
FN:127,(anonymous_4)
FN:153,(anonymous_5)
FN:172,(anonymous_6)
FN:192,(anonymous_7)
FN:200,(anonymous_8)
FN:210,(anonymous_9)
FN:226,(anonymous_10)
FN:252,(anonymous_11)
FNF:11
FNH:0
FNDA:0,(anonymous_1)
FNDA:0,(anonymous_2)
FNDA:0,(anonymous_3)
FNDA:0,(anonymous_4)
FNDA:0,(anonymous_5)
FNDA:0,(anonymous_6)
FNDA:0,(anonymous_7)
FNDA:0,(anonymous_8)
FNDA:0,(anonymous_9)
FNDA:0,(anonymous_10)
FNDA:0,(anonymous_11)
DA:1,10
DA:2,10
DA:3,10
DA:4,10
DA:5,10
DA:6,10
DA:7,10
DA:17,10
DA:19,0
DA:20,0
DA:21,0
DA:24,0
DA:25,0
DA:26,0
DA:27,0
DA:28,0
DA:29,0
DA:30,0
DA:32,0
DA:36,0
DA:38,0
DA:43,0
DA:44,0
DA:45,0
DA:46,0
DA:47,0
DA:48,0
DA:50,0
DA:52,0
DA:53,0
DA:54,0
DA:55,0
DA:56,0
DA:57,0
DA:59,0
DA:60,0
DA:61,0
DA:62,0
DA:63,0
DA:64,0
DA:67,0
DA:69,0
DA:74,0
DA:76,0
DA:77,0
DA:79,0
DA:82,0
DA:83,0
DA:84,0
DA:87,0
DA:88,0
DA:91,0
DA:92,0
DA:95,0
DA:96,0
DA:99,0
DA:100,0
DA:101,0
DA:102,0
DA:104,0
DA:108,0
DA:109,0
DA:110,0
DA:113,0
DA:114,0
DA:117,0
DA:118,0
DA:119,0
DA:120,0
DA:121,0
DA:123,0
DA:128,0
DA:129,0
DA:130,0
DA:131,0
DA:133,0
DA:134,0
DA:135,0
DA:137,0
DA:138,0
DA:139,0
DA:142,0
DA:143,0
DA:145,0
DA:147,0
DA:154,0
DA:155,0
DA:157,0
DA:163,0
DA:169,0
DA:173,0
DA:174,0
DA:175,0
DA:176,0
DA:179,0
DA:181,0
DA:183,0
DA:184,0
DA:185,0
DA:186,0
DA:189,0
DA:193,0
DA:194,0
DA:195,0
DA:197,0
DA:201,0
DA:202,0
DA:203,0
DA:206,0
DA:207,0
DA:211,0
DA:212,0
DA:213,0
DA:216,0
DA:217,0
DA:219,0
DA:220,0
DA:221,0
DA:223,0
DA:227,0
DA:228,0
DA:229,0
DA:232,0
DA:233,0
DA:235,0
DA:236,0
DA:239,0
DA:240,0
DA:241,0
DA:244,0
DA:245,0
DA:246,0
DA:247,0
DA:248,0
DA:249,0
DA:253,0
DA:254,0
DA:255,0
DA:258,0
DA:259,0
DA:260,0
DA:263,0
DA:264,0
DA:265,0
LF:144
LH:8
BRDA:20,0,0,0
BRDA:20,0,1,0
BRDA:24,1,0,0
BRDA:24,1,1,0
BRDA:24,2,0,0
BRDA:24,2,1,0
BRDA:46,3,0,0
BRDA:46,3,1,0
BRDA:47,4,0,0
BRDA:47,4,1,0
BRDA:59,5,0,0
BRDA:59,5,1,0
BRDA:83,6,0,0
BRDA:83,6,1,0
BRDA:87,7,0,0
BRDA:87,7,1,0
BRDA:91,8,0,0
BRDA:91,8,1,0
BRDA:91,9,0,0
BRDA:91,9,1,0
BRDA:95,10,0,0
BRDA:95,10,1,0
BRDA:109,11,0,0
BRDA:109,11,1,0
BRDA:113,12,0,0
BRDA:113,12,1,0
BRDA:129,13,0,0
BRDA:129,13,1,0
BRDA:133,14,0,0
BRDA:133,14,1,0
BRDA:137,15,0,0
BRDA:137,15,1,0
BRDA:148,16,0,0
BRDA:148,16,1,0
BRDA:173,17,0,0
BRDA:173,17,1,0
BRDA:175,18,0,0
BRDA:175,18,1,0
BRDA:181,19,0,0
BRDA:181,19,1,0
BRDA:181,20,0,0
BRDA:181,20,1,0
BRDA:183,21,0,0
BRDA:183,21,1,0
BRDA:184,22,0,0
BRDA:184,22,1,0
BRDA:185,23,0,0
BRDA:185,23,1,0
BRDA:194,24,0,0
BRDA:194,24,1,0
BRDA:202,25,0,0
BRDA:202,25,1,0
BRDA:206,26,0,0
BRDA:206,26,1,0
BRDA:212,27,0,0
BRDA:212,27,1,0
BRDA:228,28,0,0
BRDA:228,28,1,0
BRDA:228,29,0,0
BRDA:228,29,1,0
BRDA:235,30,0,0
BRDA:235,30,1,0
BRDA:240,31,0,0
BRDA:240,31,1,0
BRDA:240,32,0,0
BRDA:240,32,1,0
BRDA:240,32,2,0
BRDA:240,32,3,0
BRDA:248,33,0,0
BRDA:248,33,1,0
BRDA:254,34,0,0
BRDA:254,34,1,0
BRDA:259,35,0,0
BRDA:259,35,1,0
BRDA:264,36,0,0
BRDA:264,36,1,0
BRF:76
BRH:0
end_of_record
TN:
SF:src/services/cache.service.ts
FN:10,(anonymous_1)
FN:20,(anonymous_2)
FN:30,(anonymous_3)
FN:36,(anonymous_4)
FN:46,(anonymous_5)
FN:57,(anonymous_6)
FN:67,(anonymous_7)
FN:80,(anonymous_8)
FNF:8
FNH:4
FNDA:3,(anonymous_1)
FNDA:0,(anonymous_2)
FNDA:0,(anonymous_3)
FNDA:1,(anonymous_4)
FNDA:0,(anonymous_5)
FNDA:0,(anonymous_6)
FNDA:1,(anonymous_7)
FNDA:1,(anonymous_8)
DA:1,12
DA:2,12
DA:3,12
DA:5,12
DA:6,12
DA:10,12
DA:11,3
DA:12,3
DA:13,0
DA:14,0
DA:15,0
DA:20,0
DA:24,0
DA:27,0
DA:30,12
DA:31,0
DA:32,0
DA:33,0
DA:36,12
DA:37,1
DA:38,1
DA:39,0
DA:40,0
DA:46,12
DA:47,0
DA:48,0
DA:49,0
DA:50,0
DA:51,0
DA:53,0
DA:57,12
DA:58,0
DA:67,12
DA:68,1
DA:69,1
DA:70,0
DA:71,0
DA:72,0
DA:73,0
DA:74,0
DA:76,0
DA:80,12
DA:81,1
DA:82,1
DA:83,0
DA:84,0
DA:85,0
DA:86,0
DA:87,0
DA:88,0
DA:90,0
LF:51
LH:20
BRDA:12,0,0,3
BRDA:12,0,1,0
BRDA:13,1,0,0
BRDA:13,1,1,0
BRDA:32,2,0,0
BRDA:32,2,1,0
BRDA:33,3,0,0
BRDA:33,3,1,0
BRDA:33,4,0,0
BRDA:33,4,1,0
BRDA:33,4,2,0
BRDA:38,5,0,1
BRDA:38,5,1,0
BRDA:48,6,0,0
BRDA:48,6,1,0
BRDA:51,7,0,0
BRDA:51,7,1,0
BRDA:69,8,0,1
BRDA:69,8,1,0
BRDA:82,9,0,1
BRDA:82,9,1,0
BRF:21
BRH:4
end_of_record
TN:
SF:src/services/email.service.ts
FN:17,(anonymous_1)
FN:39,(anonymous_2)
FNF:2
FNH:0
FNDA:0,(anonymous_1)
FNDA:0,(anonymous_2)
DA:1,10
DA:2,10
DA:3,10
DA:4,10
DA:6,10
DA:8,10
DA:16,10
DA:18,0
DA:19,0
DA:20,0
DA:21,0
DA:23,0
DA:24,0
DA:28,0
DA:35,0
DA:36,0
DA:40,0
DA:41,0
DA:42,0
DA:43,0
DA:45,0
DA:52,0
LF:22
LH:7
BRDA:24,0,0,0
BRDA:24,0,1,0
BRDA:41,1,0,0
BRDA:41,1,1,0
BRF:4
BRH:0
end_of_record
TN:
SF:src/services/payment-gateway.service.ts
FN:30,(anonymous_0)
FN:31,(anonymous_1)
FN:36,(anonymous_2)
FN:38,(anonymous_3)
FN:39,(anonymous_4)
FN:41,(anonymous_5)
FN:46,(anonymous_6)
FN:48,(anonymous_7)
FN:61,(anonymous_8)
FN:66,(anonymous_9)
FN:81,(anonymous_10)
FN:106,(anonymous_11)
FN:113,(anonymous_12)
FN:119,(anonymous_13)
FN:202,(anonymous_14)
FN:212,(anonymous_15)
FN:312,(anonymous_16)
FNF:17
FNH:0
FNDA:0,(anonymous_0)
FNDA:0,(anonymous_1)
FNDA:0,(anonymous_2)
FNDA:0,(anonymous_3)
FNDA:0,(anonymous_4)
FNDA:0,(anonymous_5)
FNDA:0,(anonymous_6)
FNDA:0,(anonymous_7)
FNDA:0,(anonymous_8)
FNDA:0,(anonymous_9)
FNDA:0,(anonymous_10)
FNDA:0,(anonymous_11)
FNDA:0,(anonymous_12)
FNDA:0,(anonymous_13)
FNDA:0,(anonymous_14)
FNDA:0,(anonymous_15)
FNDA:0,(anonymous_16)
DA:1,10
DA:30,10
DA:31,10
DA:32,0
DA:33,0
DA:36,10
DA:38,10
DA:39,0
DA:41,10
DA:42,0
DA:43,0
DA:46,10
DA:48,10
DA:49,0
DA:50,0
DA:51,0
DA:52,0
DA:54,0
DA:61,10
DA:62,0
DA:63,0
DA:66,10
DA:67,0
DA:68,0
DA:69,0
DA:70,0
DA:71,0
DA:73,0
DA:81,10
DA:82,0
DA:84,0
DA:93,0
DA:94,0
DA:95,0
DA:98,0
DA:99,0
DA:100,0
DA:103,0
DA:106,10
DA:107,0
DA:108,0
DA:109,0
DA:110,0
DA:113,10
DA:114,0
DA:115,0
DA:116,0
DA:119,10
DA:120,0
DA:121,0
DA:128,0
DA:129,0
DA:131,0
DA:132,0
DA:133,0
DA:134,0
DA:135,0
DA:136,0
DA:137,0
DA:138,0
DA:139,0
DA:141,0
DA:150,0
DA:151,0
DA:152,0
DA:155,0
DA:157,0
DA:165,0
DA:167,0
DA:168,0
DA:192,0
DA:193,0
DA:194,0
DA:197,0
DA:202,0
DA:204,0
DA:212,10
DA:213,0
DA:214,0
DA:216,0
DA:223,0
DA:224,0
DA:225,0
DA:228,0
DA:235,0
DA:241,0
DA:242,0
DA:244,0
DA:245,0
DA:246,0
DA:248,0
DA:255,0
DA:256,0
DA:257,0
DA:260,0
DA:266,0
DA:267,0
DA:268,0
DA:269,0
DA:272,0
DA:273,0
DA:281,0
DA:282,0
DA:283,0
DA:286,0
DA:292,0
DA:293,0
DA:296,0
DA:302,0
DA:303,0
DA:304,0
DA:306,0
DA:312,10
DA:313,0
DA:315,0
DA:316,0
DA:319,0
DA:320,0
DA:323,0
DA:324,0
DA:327,0
LF:121
LH:16
BRDA:32,0,0,0
BRDA:32,0,1,0
BRDA:42,1,0,0
BRDA:42,1,1,0
BRDA:42,2,0,0
BRDA:42,2,1,0
BRDA:46,3,0,0
BRDA:46,3,1,0
BRDA:51,4,0,0
BRDA:51,4,1,0
BRDA:52,5,0,0
BRDA:52,5,1,0
BRDA:62,6,0,0
BRDA:62,6,1,0
BRDA:63,7,0,0
BRDA:63,7,1,0
BRDA:70,8,0,0
BRDA:70,8,1,0
BRDA:71,9,0,0
BRDA:71,9,1,0
BRDA:93,10,0,0
BRDA:93,10,1,0
BRDA:99,11,0,0
BRDA:99,11,1,0
BRDA:107,12,0,0
BRDA:107,12,1,0
BRDA:108,13,0,0
BRDA:108,13,1,0
BRDA:109,14,0,0
BRDA:109,14,1,0
BRDA:114,15,0,0
BRDA:114,15,1,0
BRDA:114,16,0,0
BRDA:114,16,1,0
BRDA:115,17,0,0
BRDA:115,17,1,0
BRDA:115,18,0,0
BRDA:115,18,1,0
BRDA:120,19,0,0
BRDA:120,19,1,0
BRDA:128,20,0,0
BRDA:128,20,1,0
BRDA:150,21,0,0
BRDA:150,21,1,0
BRDA:192,22,0,0
BRDA:192,22,1,0
BRDA:213,23,0,0
BRDA:213,23,1,0
BRDA:223,24,0,0
BRDA:223,24,1,0
BRDA:237,25,0,0
BRDA:237,25,1,0
BRDA:241,26,0,0
BRDA:241,26,1,0
BRDA:255,27,0,0
BRDA:255,27,1,0
BRDA:268,28,0,0
BRDA:268,28,1,0
BRDA:272,29,0,0
BRDA:272,29,1,0
BRDA:272,30,0,0
BRDA:272,30,1,0
BRDA:272,30,2,0
BRDA:272,31,0,0
BRDA:272,31,1,0
BRDA:281,32,0,0
BRDA:281,32,1,0
BRDA:293,33,0,0
BRDA:293,33,1,0
BRDA:304,34,0,0
BRDA:304,34,1,0
BRDA:315,35,0,0
BRDA:315,35,1,0
BRDA:319,36,0,0
BRDA:319,36,1,0
BRDA:323,37,0,0
BRDA:323,37,1,0
BRF:77
BRH:0
end_of_record
TN:
SF:src/utils/async-handler.ts
FN:5,(anonymous_0)
FN:6,(anonymous_1)
FNF:2
FNH:2
FNDA:1042,(anonymous_0)
FNDA:36,(anonymous_1)
DA:5,20
DA:6,1042
DA:7,36
LF:3
LH:3
BRF:0
BRH:0
end_of_record
TN:
SF:src/utils/course-enrollment.ts
FN:4,(anonymous_0)
FN:15,(anonymous_1)
FNF:2
FNH:2
FNDA:4,(anonymous_0)
FNDA:3,(anonymous_1)
DA:1,13
DA:4,13
DA:7,4
DA:8,4
DA:9,1
DA:11,3
DA:12,3
DA:15,13
DA:16,3
DA:17,1
LF:10
LH:10
BRDA:8,0,0,1
BRDA:8,0,1,3
BRDA:8,1,0,4
BRDA:8,1,1,3
BRDA:11,2,0,3
BRDA:11,2,1,0
BRDA:16,3,0,1
BRDA:16,3,1,2
BRF:8
BRH:7
end_of_record
TN:
SF:src/utils/course-membership.ts
FN:14,userHasCourseDiscussionAccess
FNF:1
FNH:1
FNDA:7,userHasCourseDiscussionAccess
DA:1,11
DA:2,11
DA:14,11
DA:18,7
DA:19,2
DA:22,5
DA:24,5
DA:25,1
DA:28,4
DA:29,4
DA:30,1
DA:33,3
DA:34,1
DA:37,2
DA:38,2
LF:15
LH:15
BRDA:18,0,0,2
BRDA:18,0,1,5
BRDA:18,1,0,7
BRDA:18,1,1,6
BRDA:18,1,2,6
BRDA:24,2,0,1
BRDA:24,2,1,4
BRDA:29,3,0,1
BRDA:29,3,1,3
BRDA:33,4,0,1
BRDA:33,4,1,2
BRDA:33,5,0,3
BRDA:33,5,1,1
BRF:13
BRH:13
end_of_record
TN:
SF:src/utils/env.ts
FN:1,(anonymous_0)
FNF:1
FNH:1
FNDA:6,(anonymous_0)
DA:1,14
DA:2,6
DA:3,6
DA:4,1
DA:7,5
DA:15,5
DA:16,3
DA:18,3
DA:23,3
DA:24,2
DA:28,3
LF:11
LH:11
BRDA:3,0,0,1
BRDA:3,0,1,5
BRDA:15,1,0,3
BRDA:15,1,1,2
BRDA:15,2,0,5
BRDA:15,2,1,4
BRDA:18,3,0,3
BRDA:18,3,1,2
BRDA:18,3,2,2
BRDA:18,3,3,2
BRDA:23,4,0,2
BRDA:23,4,1,1
BRDA:23,5,0,3
BRDA:23,5,1,2
BRF:14
BRH:14
end_of_record
TN:
SF:src/utils/http-error.ts
FN:5,(anonymous_0)
FNF:1
FNH:1
FNDA:15,(anonymous_0)
DA:1,22
DA:6,15
DA:7,15
DA:8,15
DA:9,15
LF:5
LH:5
BRDA:5,0,0,0
BRF:1
BRH:0
end_of_record
TN:
SF:src/utils/logger.ts
FN:6,(anonymous_0)
FN:20,(anonymous_1)
FN:30,(anonymous_2)
FN:55,(anonymous_3)
FN:56,(anonymous_4)
FN:57,(anonymous_5)
FNF:6
FNH:5
FNDA:504,(anonymous_0)
FNDA:395,(anonymous_1)
FNDA:109,(anonymous_2)
FNDA:59,(anonymous_3)
FNDA:0,(anonymous_4)
FNDA:50,(anonymous_5)
DA:3,13
DA:4,13
DA:6,13
DA:7,504
DA:8,277
DA:9,0
DA:11,277
DA:14,227
DA:15,0
DA:18,227
DA:19,109
DA:20,395
DA:27,118
DA:30,13
DA:31,109
DA:32,109
DA:39,109
DA:40,4
DA:41,4
DA:44,105
DA:45,105
DA:46,105
DA:47,48
DA:48,57
DA:49,0
DA:51,57
DA:55,59
DA:56,13
DA:57,50
LF:29
LH:26
BRDA:7,0,0,277
BRDA:7,0,1,227
BRDA:8,1,0,0
BRDA:8,1,1,277
BRDA:14,2,0,0
BRDA:14,2,1,227
BRDA:18,3,0,109
BRDA:18,3,1,118
BRDA:18,4,0,227
BRDA:18,4,1,226
BRDA:22,5,0,0
BRDA:22,5,1,395
BRDA:31,6,0,109
BRDA:31,6,1,0
BRDA:39,7,0,4
BRDA:39,7,1,105
BRDA:44,8,0,105
BRDA:44,8,1,0
BRDA:44,9,0,105
BRDA:44,9,1,105
BRDA:46,10,0,48
BRDA:46,10,1,57
BRDA:48,11,0,0
BRDA:48,11,1,57
BRF:24
BRH:18
end_of_record
TN:
SF:src/utils/route-params.ts
FN:5,(anonymous_0)
FNF:1
FNH:1
FNDA:31,(anonymous_0)
DA:5,19
DA:6,31
DA:7,1
DA:10,30
LF:4
LH:4
BRDA:6,0,0,1
BRDA:6,0,1,30
BRDA:10,1,0,2
BRDA:10,1,1,28
BRDA:10,2,0,2
BRDA:10,2,1,1
BRF:6
BRH:6
end_of_record
TN:
SF:src/utils/safe-regex.ts
FN:4,(anonymous_0)
FN:10,(anonymous_1)
FNF:2
FNH:2
FNDA:3,(anonymous_0)
FNDA:6,(anonymous_1)
DA:2,14
DA:4,14
DA:10,14
DA:11,6
DA:12,3
DA:14,3
DA:15,3
DA:16,2
DA:18,1
LF:9
LH:9
BRDA:10,0,0,6
BRDA:11,1,0,3
BRDA:11,1,1,3
BRDA:15,2,0,2
BRDA:15,2,1,1
BRF:5
BRH:5
end_of_record
TN:
SF:src/utils/sanitize.ts
FN:27,(anonymous_0)
FN:41,(anonymous_1)
FN:50,(anonymous_2)
FN:57,(anonymous_3)
FN:69,(anonymous_4)
FNF:5
FNH:5
FNDA:27,(anonymous_0)
FNDA:729,(anonymous_1)
FNDA:432,(anonymous_2)
FNDA:81,(anonymous_3)
FNDA:57,(anonymous_4)
DA:1,10
DA:2,10
DA:20,10
DA:22,10
DA:23,10
DA:24,10
DA:25,10
DA:27,10
DA:28,27
DA:29,0
DA:32,27
DA:34,27
DA:41,27
DA:42,729
DA:43,729
DA:44,729
DA:45,729
DA:46,729
DA:47,729
DA:50,27
DA:51,432
DA:52,432
DA:53,432
DA:54,432
DA:57,27
DA:58,81
DA:59,81
DA:62,27
DA:63,27
DA:64,27
DA:66,27
DA:69,10
DA:70,57
DA:71,27
DA:74,30
DA:75,2
DA:78,28
DA:79,18
DA:80,18
DA:81,39
DA:83,18
DA:86,10
LF:42
LH:41
BRDA:28,0,0,0
BRDA:28,0,1,27
BRDA:28,1,0,27
BRDA:28,1,1,27
BRDA:70,2,0,27
BRDA:70,2,1,30
BRDA:74,3,0,2
BRDA:74,3,1,28
BRDA:78,4,0,18
BRDA:78,4,1,10
BRDA:78,5,0,28
BRDA:78,5,1,27
BRDA:81,6,0,0
BRDA:81,6,1,39
BRF:14
BRH:12
end_of_record
TN:
SF:src/utils/socket-notify.ts
FN:4,(anonymous_0)
FNF:1
FNH:1
FNDA:2,(anonymous_0)
DA:4,13
DA:5,2
DA:6,0
DA:9,2
DA:10,2
DA:11,2
DA:12,0
LF:7
LH:5
BRDA:5,0,0,0
BRDA:5,0,1,2
BRDA:11,1,0,0
BRDA:11,1,1,2
BRDA:11,2,0,2
BRDA:11,2,1,0
BRF:6
BRH:3
end_of_record
TN:
SF:src/utils/validators.ts
FN:368,(anonymous_1)
FN:369,(anonymous_2)
FN:378,(anonymous_3)
FNF:3
FNH:3
FNDA:430,(anonymous_1)
FNDA:8,(anonymous_2)
FNDA:10,(anonymous_3)
DA:2,10
DA:4,10
DA:5,10
DA:6,10
DA:8,10
DA:19,10
DA:24,10
DA:28,10
DA:32,10
DA:40,10
DA:47,10
DA:51,10
DA:56,10
DA:75,10
DA:80,10
DA:88,10
DA:95,10
DA:107,10
DA:115,10
DA:127,10
DA:132,10
DA:136,10
DA:140,10
DA:144,10
DA:151,10
DA:155,10
DA:159,10
DA:178,10
DA:187,10
DA:197,10
DA:201,10
DA:206,10
DA:210,10
DA:218,10
DA:235,10
DA:243,10
DA:255,10
DA:263,10
DA:316,10
DA:324,10
DA:333,10
DA:342,10
DA:346,10
DA:353,10
DA:361,10
DA:368,10
DA:369,430
DA:370,8
DA:375,8
DA:376,5
DA:378,10
DA:382,3
DA:383,3
LF:53
LH:53
BRDA:375,0,0,5
BRDA:375,0,1,3
BRF:2
BRH:2
end_of_record
TN:
SF:src/utils/with-retry.ts
FN:7,(anonymous_0)
FN:7,(anonymous_1)
FN:12,(anonymous_2)
FNF:3
FNH:3
FNDA:1,(anonymous_0)
FNDA:1,(anonymous_1)
FNDA:2,(anonymous_2)
DA:7,11
DA:12,11
DA:16,2
DA:17,2
DA:18,2
DA:21,2
DA:22,3
DA:23,3
DA:25,1
DA:26,1
DA:27,1
DA:28,1
DA:29,1
DA:32,0
LF:14
LH:13
BRDA:14,0,0,0
BRDA:16,1,0,2
BRDA:16,1,1,0
BRDA:17,2,0,2
BRDA:17,2,1,0
BRDA:18,3,0,2
BRDA:18,3,1,1
BRDA:26,4,0,0
BRDA:26,4,1,1
BRF:9
BRH:5
end_of_record
